CRITICAL - 2023-09-26 13:00:46 --> Class "Config\Database" not found
in SYSTEMPATH\Debug\Toolbar\Collectors\Database.php on line 255.
 1 SYSTEMPATH\Debug\Toolbar\Collectors\Database.php(71): CodeIgniter\Debug\Toolbar\Collectors\Database->getConnections()
 2 SYSTEMPATH\Debug\Toolbar.php(65): CodeIgniter\Debug\Toolbar\Collectors\Database->__construct()
 3 SYSTEMPATH\Config\Services.php(778): CodeIgniter\Debug\Toolbar->__construct(Object(Config\Toolbar))
 4 SYSTEMPATH\Config\BaseService.php(258): CodeIgniter\Config\Services::toolbar(Object(Config\Toolbar), false)
 5 SYSTEMPATH\Config\BaseService.php(199): CodeIgniter\Config\BaseService::__callStatic('toolbar', [...])
 6 SYSTEMPATH\Config\Services.php(773): CodeIgniter\Config\BaseService::getSharedInstance('toolbar', null)
 7 SYSTEMPATH\Config\BaseService.php(258): CodeIgniter\Config\Services::toolbar()
 8 APPPATH\Config\Events.php(47): CodeIgniter\Config\BaseService::__callStatic('toolbar', [])
 9 SYSTEMPATH\Events\Events.php(152): CodeIgniter\Events\Events::Config\{closure}()
10 SYSTEMPATH\CodeIgniter.php(434): CodeIgniter\Events\Events::trigger('pre_system')
11 SYSTEMPATH\CodeIgniter.php(353): CodeIgniter\CodeIgniter->handleRequest(null, Object(Config\Cache), false)
12 FCPATH\index.php(79): CodeIgniter\CodeIgniter->run()
CRITICAL - 2023-09-26 13:48:10 --> Undefined variable $data
in APPPATH\Views\v_data_beranda.php on line 249.
 1 APPPATH\Views\v_data_beranda.php(249): CodeIgniter\Debug\Exceptions->errorHandler(2, 'Undefined variable $data', 'C:\\xampp\\htdocs\\webdesa\\app\\Views\\v_data_beranda.php', 249)
 2 SYSTEMPATH\View\View.php(226): include('C:\\xampp\\htdocs\\webdesa\\app\\Views\\v_data_beranda.php')
 3 SYSTEMPATH\View\View.php(229): CodeIgniter\View\View->CodeIgniter\View\{closure}()
 4 SYSTEMPATH\Common.php(1188): CodeIgniter\View\View->render('v_data_beranda', [], true)
 5 APPPATH\Controllers\Beranda.php(13): view('v_data_beranda', [...])
 6 SYSTEMPATH\CodeIgniter.php(919): App\Controllers\Beranda->index()
 7 SYSTEMPATH\CodeIgniter.php(494): CodeIgniter\CodeIgniter->runController(Object(App\Controllers\Beranda))
 8 SYSTEMPATH\CodeIgniter.php(353): CodeIgniter\CodeIgniter->handleRequest(null, Object(Config\Cache), false)
 9 FCPATH\index.php(79): CodeIgniter\CodeIgniter->run()
