INFO - 2023-10-21 00:50:29 --> Session: Class initialized using 'CodeIgniter\Session\Handlers\FileHandler' driver.
INFO - 2023-10-21 00:50:37 --> Session: Class initialized using 'CodeIgniter\Session\Handlers\FileHandler' driver.
CRITICAL - 2023-10-21 00:50:37 --> Undefined variable $berita
in APPPATH\Views\v_back_end.php on line 237.
 1 APPPATH\Views\v_back_end.php(237): CodeIgniter\Debug\Exceptions->errorHandler(2, 'Undefined variable $berita', 'C:\\xampp\\htdocs\\webdesa\\app\\Views\\v_back_end.php', 237)
 2 SYSTEMPATH\View\View.php(226): include('C:\\xampp\\htdocs\\webdesa\\app\\Views\\v_back_end.php')
 3 SYSTEMPATH\View\View.php(229): CodeIgniter\View\View->CodeIgniter\View\{closure}()
 4 SYSTEMPATH\Common.php(1188): CodeIgniter\View\View->render('v_back_end', [], true)
 5 APPPATH\Controllers\Admin.php(14): view('v_back_end', [...])
 6 SYSTEMPATH\CodeIgniter.php(919): App\Controllers\Admin->index()
 7 SYSTEMPATH\CodeIgniter.php(494): CodeIgniter\CodeIgniter->runController(Object(App\Controllers\Admin))
 8 SYSTEMPATH\CodeIgniter.php(353): CodeIgniter\CodeIgniter->handleRequest(null, Object(Config\Cache), false)
 9 FCPATH\index.php(79): CodeIgniter\CodeIgniter->run()
CRITICAL - 2023-10-21 00:52:22 --> Too few arguments to function App\Controllers\Berita::edit_berita(), 0 passed in C:\xampp\htdocs\webdesa\system\CodeIgniter.php on line 919 and exactly 1 expected
in APPPATH\Controllers\Berita.php on line 52.
 1 SYSTEMPATH\CodeIgniter.php(919): App\Controllers\Berita->edit_berita()
 2 SYSTEMPATH\CodeIgniter.php(494): CodeIgniter\CodeIgniter->runController(Object(App\Controllers\Berita))
 3 SYSTEMPATH\CodeIgniter.php(353): CodeIgniter\CodeIgniter->handleRequest(null, Object(Config\Cache), false)
 4 FCPATH\index.php(79): CodeIgniter\CodeIgniter->run()
CRITICAL - 2023-10-21 01:01:58 --> Too few arguments to function App\Models\M_Berita::hapus_berita(), 0 passed in C:\xampp\htdocs\webdesa\app\Controllers\Admin.php on line 15 and exactly 1 expected
in APPPATH\Models\M_Berita.php on line 33.
 1 APPPATH\Controllers\Admin.php(15): App\Models\M_Berita->hapus_berita()
 2 SYSTEMPATH\CodeIgniter.php(919): App\Controllers\Admin->index()
 3 SYSTEMPATH\CodeIgniter.php(494): CodeIgniter\CodeIgniter->runController(Object(App\Controllers\Admin))
 4 SYSTEMPATH\CodeIgniter.php(353): CodeIgniter\CodeIgniter->handleRequest(null, Object(Config\Cache), false)
 5 FCPATH\index.php(79): CodeIgniter\CodeIgniter->run()
INFO - 2023-10-21 01:33:18 --> Session: Class initialized using 'CodeIgniter\Session\Handlers\FileHandler' driver.
INFO - 2023-10-21 01:33:26 --> Session: Class initialized using 'CodeIgniter\Session\Handlers\FileHandler' driver.
CRITICAL - 2023-10-21 01:48:35 --> Undefined variable $item
in APPPATH\Views\v_kebijakan.php on line 215.
 1 APPPATH\Views\v_kebijakan.php(215): CodeIgniter\Debug\Exceptions->errorHandler(2, 'Undefined variable $item', 'C:\\xampp\\htdocs\\webdesa\\app\\Views\\v_kebijakan.php', 215)
 2 SYSTEMPATH\View\View.php(226): include('C:\\xampp\\htdocs\\webdesa\\app\\Views\\v_kebijakan.php')
 3 SYSTEMPATH\View\View.php(229): CodeIgniter\View\View->CodeIgniter\View\{closure}()
 4 SYSTEMPATH\Common.php(1188): CodeIgniter\View\View->render('v_kebijakan', [], true)
 5 APPPATH\Controllers\Kebijakan.php(13): view('v_kebijakan', [...])
 6 SYSTEMPATH\CodeIgniter.php(919): App\Controllers\Kebijakan->index()
 7 SYSTEMPATH\CodeIgniter.php(494): CodeIgniter\CodeIgniter->runController(Object(App\Controllers\Kebijakan))
 8 SYSTEMPATH\CodeIgniter.php(353): CodeIgniter\CodeIgniter->handleRequest(null, Object(Config\Cache), false)
 9 FCPATH\index.php(79): CodeIgniter\CodeIgniter->run()
CRITICAL - 2023-10-21 01:50:50 --> Undefined variable $item
in APPPATH\Views\v_kebijakan.php on line 215.
 1 APPPATH\Views\v_kebijakan.php(215): CodeIgniter\Debug\Exceptions->errorHandler(2, 'Undefined variable $item', 'C:\\xampp\\htdocs\\webdesa\\app\\Views\\v_kebijakan.php', 215)
 2 SYSTEMPATH\View\View.php(226): include('C:\\xampp\\htdocs\\webdesa\\app\\Views\\v_kebijakan.php')
 3 SYSTEMPATH\View\View.php(229): CodeIgniter\View\View->CodeIgniter\View\{closure}()
 4 SYSTEMPATH\Common.php(1188): CodeIgniter\View\View->render('v_kebijakan', [], true)
 5 APPPATH\Controllers\Kebijakan.php(13): view('v_kebijakan', [...])
 6 SYSTEMPATH\CodeIgniter.php(919): App\Controllers\Kebijakan->index()
 7 SYSTEMPATH\CodeIgniter.php(494): CodeIgniter\CodeIgniter->runController(Object(App\Controllers\Kebijakan))
 8 SYSTEMPATH\CodeIgniter.php(353): CodeIgniter\CodeIgniter->handleRequest(null, Object(Config\Cache), false)
 9 FCPATH\index.php(79): CodeIgniter\CodeIgniter->run()
CRITICAL - 2023-10-21 01:51:16 --> Undefined variable $item
in APPPATH\Views\v_kebijakan.php on line 215.
 1 APPPATH\Views\v_kebijakan.php(215): CodeIgniter\Debug\Exceptions->errorHandler(2, 'Undefined variable $item', 'C:\\xampp\\htdocs\\webdesa\\app\\Views\\v_kebijakan.php', 215)
 2 SYSTEMPATH\View\View.php(226): include('C:\\xampp\\htdocs\\webdesa\\app\\Views\\v_kebijakan.php')
 3 SYSTEMPATH\View\View.php(229): CodeIgniter\View\View->CodeIgniter\View\{closure}()
 4 SYSTEMPATH\Common.php(1188): CodeIgniter\View\View->render('v_kebijakan', [], true)
 5 APPPATH\Controllers\Kebijakan.php(13): view('v_kebijakan', [...])
 6 SYSTEMPATH\CodeIgniter.php(919): App\Controllers\Kebijakan->index()
 7 SYSTEMPATH\CodeIgniter.php(494): CodeIgniter\CodeIgniter->runController(Object(App\Controllers\Kebijakan))
 8 SYSTEMPATH\CodeIgniter.php(353): CodeIgniter\CodeIgniter->handleRequest(null, Object(Config\Cache), false)
 9 FCPATH\index.php(79): CodeIgniter\CodeIgniter->run()
CRITICAL - 2023-10-21 01:52:52 --> Undefined variable $item
in APPPATH\Views\v_kebijakan.php on line 221.
 1 APPPATH\Views\v_kebijakan.php(221): CodeIgniter\Debug\Exceptions->errorHandler(2, 'Undefined variable $item', 'C:\\xampp\\htdocs\\webdesa\\app\\Views\\v_kebijakan.php', 221)
 2 SYSTEMPATH\View\View.php(226): include('C:\\xampp\\htdocs\\webdesa\\app\\Views\\v_kebijakan.php')
 3 SYSTEMPATH\View\View.php(229): CodeIgniter\View\View->CodeIgniter\View\{closure}()
 4 SYSTEMPATH\Common.php(1188): CodeIgniter\View\View->render('v_kebijakan', [], true)
 5 APPPATH\Controllers\Kebijakan.php(13): view('v_kebijakan', [...])
 6 SYSTEMPATH\CodeIgniter.php(919): App\Controllers\Kebijakan->index()
 7 SYSTEMPATH\CodeIgniter.php(494): CodeIgniter\CodeIgniter->runController(Object(App\Controllers\Kebijakan))
 8 SYSTEMPATH\CodeIgniter.php(353): CodeIgniter\CodeIgniter->handleRequest(null, Object(Config\Cache), false)
 9 FCPATH\index.php(79): CodeIgniter\CodeIgniter->run()
CRITICAL - 2023-10-21 01:53:24 --> Undefined variable $item
in APPPATH\Views\v_kebijakan.php on line 229.
 1 APPPATH\Views\v_kebijakan.php(229): CodeIgniter\Debug\Exceptions->errorHandler(2, 'Undefined variable $item', 'C:\\xampp\\htdocs\\webdesa\\app\\Views\\v_kebijakan.php', 229)
 2 SYSTEMPATH\View\View.php(226): include('C:\\xampp\\htdocs\\webdesa\\app\\Views\\v_kebijakan.php')
 3 SYSTEMPATH\View\View.php(229): CodeIgniter\View\View->CodeIgniter\View\{closure}()
 4 SYSTEMPATH\Common.php(1188): CodeIgniter\View\View->render('v_kebijakan', [], true)
 5 APPPATH\Controllers\Kebijakan.php(13): view('v_kebijakan', [...])
 6 SYSTEMPATH\CodeIgniter.php(919): App\Controllers\Kebijakan->index()
 7 SYSTEMPATH\CodeIgniter.php(494): CodeIgniter\CodeIgniter->runController(Object(App\Controllers\Kebijakan))
 8 SYSTEMPATH\CodeIgniter.php(353): CodeIgniter\CodeIgniter->handleRequest(null, Object(Config\Cache), false)
 9 FCPATH\index.php(79): CodeIgniter\CodeIgniter->run()
