ERROR - 2023-12-06 06:38:16 --> Error connecting to the database: mysqli_sql_exception: No connection could be made because the target machine actively refused it in C:\xampp\htdocs\webdesa\system\Database\MySQLi\Connection.php:184
Stack trace:
#0 C:\xampp\htdocs\webdesa\system\Database\MySQLi\Connection.php(184): mysqli->real_connect('localhost', 'root', Object(SensitiveParameterValue), 'webdesa', 3306, '', 0)
#1 C:\xampp\htdocs\webdesa\system\Database\BaseConnection.php(391): CodeIgniter\Database\MySQLi\Connection->connect(false)
#2 C:\xampp\htdocs\webdesa\system\Database\BaseConnection.php(574): CodeIgniter\Database\BaseConnection->initialize()
#3 C:\xampp\htdocs\webdesa\system\Database\BaseBuilder.php(1615): CodeIgniter\Database\BaseConnection->query('SELECT *\nFROM `...', Array, false)
#4 C:\xampp\htdocs\webdesa\system\Model.php(237): CodeIgniter\Database\BaseBuilder->get()
#5 C:\xampp\htdocs\webdesa\system\BaseModel.php(624): CodeIgniter\Model->doFindAll(0, 0)
#6 C:\xampp\htdocs\webdesa\app\Models\M_Berita.php(16): CodeIgniter\BaseModel->findAll()
#7 C:\xampp\htdocs\webdesa\app\Controllers\Home.php(13): App\Models\M_Berita->getBerita()
#8 C:\xampp\htdocs\webdesa\system\CodeIgniter.php(919): App\Controllers\Home->index()
#9 C:\xampp\htdocs\webdesa\system\CodeIgniter.php(494): CodeIgniter\CodeIgniter->runController(Object(App\Controllers\Home))
#10 C:\xampp\htdocs\webdesa\system\CodeIgniter.php(353): CodeIgniter\CodeIgniter->handleRequest(NULL, Object(Config\Cache), false)
#11 C:\xampp\htdocs\webdesa\public\index.php(79): CodeIgniter\CodeIgniter->run()
#12 C:\xampp\htdocs\webdesa\system\Commands\Server\rewrite.php(47): require_once('C:\\xampp\\htdocs...')
#13 {main}

Next CodeIgniter\Database\Exceptions\DatabaseException: No connection could be made because the target machine actively refused it in C:\xampp\htdocs\webdesa\system\Database\MySQLi\Connection.php:229
Stack trace:
#0 C:\xampp\htdocs\webdesa\system\Database\BaseConnection.php(391): CodeIgniter\Database\MySQLi\Connection->connect(false)
#1 C:\xampp\htdocs\webdesa\system\Database\BaseConnection.php(574): CodeIgniter\Database\BaseConnection->initialize()
#2 C:\xampp\htdocs\webdesa\system\Database\BaseBuilder.php(1615): CodeIgniter\Database\BaseConnection->query('SELECT *\nFROM `...', Array, false)
#3 C:\xampp\htdocs\webdesa\system\Model.php(237): CodeIgniter\Database\BaseBuilder->get()
#4 C:\xampp\htdocs\webdesa\system\BaseModel.php(624): CodeIgniter\Model->doFindAll(0, 0)
#5 C:\xampp\htdocs\webdesa\app\Models\M_Berita.php(16): CodeIgniter\BaseModel->findAll()
#6 C:\xampp\htdocs\webdesa\app\Controllers\Home.php(13): App\Models\M_Berita->getBerita()
#7 C:\xampp\htdocs\webdesa\system\CodeIgniter.php(919): App\Controllers\Home->index()
#8 C:\xampp\htdocs\webdesa\system\CodeIgniter.php(494): CodeIgniter\CodeIgniter->runController(Object(App\Controllers\Home))
#9 C:\xampp\htdocs\webdesa\system\CodeIgniter.php(353): CodeIgniter\CodeIgniter->handleRequest(NULL, Object(Config\Cache), false)
#10 C:\xampp\htdocs\webdesa\public\index.php(79): CodeIgniter\CodeIgniter->run()
#11 C:\xampp\htdocs\webdesa\system\Commands\Server\rewrite.php(47): require_once('C:\\xampp\\htdocs...')
#12 {main}
CRITICAL - 2023-12-06 06:38:16 --> Unable to connect to the database.
Main connection [MySQLi]: No connection could be made because the target machine actively refused it
in SYSTEMPATH\Database\BaseConnection.php on line 427.
 1 SYSTEMPATH\Database\BaseConnection.php(574): CodeIgniter\Database\BaseConnection->initialize()
 2 SYSTEMPATH\Database\BaseBuilder.php(1615): CodeIgniter\Database\BaseConnection->query('SELECT *
FROM `berita`', [], false)
 3 SYSTEMPATH\Model.php(237): CodeIgniter\Database\BaseBuilder->get()
 4 SYSTEMPATH\BaseModel.php(624): CodeIgniter\Model->doFindAll(0, 0)
 5 APPPATH\Models\M_Berita.php(16): CodeIgniter\BaseModel->findAll()
 6 APPPATH\Controllers\Home.php(13): App\Models\M_Berita->getBerita()
 7 SYSTEMPATH\CodeIgniter.php(919): App\Controllers\Home->index()
 8 SYSTEMPATH\CodeIgniter.php(494): CodeIgniter\CodeIgniter->runController(Object(App\Controllers\Home))
 9 SYSTEMPATH\CodeIgniter.php(353): CodeIgniter\CodeIgniter->handleRequest(null, Object(Config\Cache), false)
10 FCPATH\index.php(79): CodeIgniter\CodeIgniter->run()
11 SYSTEMPATH\Commands\Server\rewrite.php(47): require_once('C:\\xampp\\htdocs\\webdesa\\public\\index.php')
INFO - 2023-12-06 06:53:46 --> Session: Class initialized using 'CodeIgniter\Session\Handlers\FileHandler' driver.
CRITICAL - 2023-12-06 08:49:17 --> Undefined array key "id_berita"
in APPPATH\Views\v_data_kebijakan.php on line 129.
 1 APPPATH\Views\v_data_kebijakan.php(129): CodeIgniter\Debug\Exceptions->errorHandler(2, 'Undefined array key "id_berita"', 'C:\\xampp\\htdocs\\webdesa\\app\\Views\\v_data_kebijakan.php', 129)
 2 SYSTEMPATH\View\View.php(226): include('C:\\xampp\\htdocs\\webdesa\\app\\Views\\v_data_kebijakan.php')
 3 SYSTEMPATH\View\View.php(229): CodeIgniter\View\View->CodeIgniter\View\{closure}()
 4 SYSTEMPATH\Common.php(1188): CodeIgniter\View\View->render('v_data_kebijakan', [], true)
 5 APPPATH\Controllers\Kebijakan.php(13): view('v_data_kebijakan', [...])
 6 SYSTEMPATH\CodeIgniter.php(919): App\Controllers\Kebijakan->index()
 7 SYSTEMPATH\CodeIgniter.php(494): CodeIgniter\CodeIgniter->runController(Object(App\Controllers\Kebijakan))
 8 SYSTEMPATH\CodeIgniter.php(353): CodeIgniter\CodeIgniter->handleRequest(null, Object(Config\Cache), false)
 9 FCPATH\index.php(79): CodeIgniter\CodeIgniter->run()
CRITICAL - 2023-12-06 08:50:33 --> Undefined array key "id_berita"
in APPPATH\Views\v_data_kebijakan.php on line 129.
 1 APPPATH\Views\v_data_kebijakan.php(129): CodeIgniter\Debug\Exceptions->errorHandler(2, 'Undefined array key "id_berita"', 'C:\\xampp\\htdocs\\webdesa\\app\\Views\\v_data_kebijakan.php', 129)
 2 SYSTEMPATH\View\View.php(226): include('C:\\xampp\\htdocs\\webdesa\\app\\Views\\v_data_kebijakan.php')
 3 SYSTEMPATH\View\View.php(229): CodeIgniter\View\View->CodeIgniter\View\{closure}()
 4 SYSTEMPATH\Common.php(1188): CodeIgniter\View\View->render('v_data_kebijakan', [], true)
 5 APPPATH\Controllers\Kebijakan.php(13): view('v_data_kebijakan', [...])
 6 SYSTEMPATH\CodeIgniter.php(919): App\Controllers\Kebijakan->index()
 7 SYSTEMPATH\CodeIgniter.php(494): CodeIgniter\CodeIgniter->runController(Object(App\Controllers\Kebijakan))
 8 SYSTEMPATH\CodeIgniter.php(353): CodeIgniter\CodeIgniter->handleRequest(null, Object(Config\Cache), false)
 9 FCPATH\index.php(79): CodeIgniter\CodeIgniter->run()
CRITICAL - 2023-12-06 08:50:34 --> Undefined array key "id_berita"
in APPPATH\Views\v_data_kebijakan.php on line 129.
 1 APPPATH\Views\v_data_kebijakan.php(129): CodeIgniter\Debug\Exceptions->errorHandler(2, 'Undefined array key "id_berita"', 'C:\\xampp\\htdocs\\webdesa\\app\\Views\\v_data_kebijakan.php', 129)
 2 SYSTEMPATH\View\View.php(226): include('C:\\xampp\\htdocs\\webdesa\\app\\Views\\v_data_kebijakan.php')
 3 SYSTEMPATH\View\View.php(229): CodeIgniter\View\View->CodeIgniter\View\{closure}()
 4 SYSTEMPATH\Common.php(1188): CodeIgniter\View\View->render('v_data_kebijakan', [], true)
 5 APPPATH\Controllers\Kebijakan.php(13): view('v_data_kebijakan', [...])
 6 SYSTEMPATH\CodeIgniter.php(919): App\Controllers\Kebijakan->index()
 7 SYSTEMPATH\CodeIgniter.php(494): CodeIgniter\CodeIgniter->runController(Object(App\Controllers\Kebijakan))
 8 SYSTEMPATH\CodeIgniter.php(353): CodeIgniter\CodeIgniter->handleRequest(null, Object(Config\Cache), false)
 9 FCPATH\index.php(79): CodeIgniter\CodeIgniter->run()
CRITICAL - 2023-12-06 08:51:43 --> Undefined variable $berita
in APPPATH\Views\v_data_kebijakan.php on line 209.
 1 APPPATH\Views\v_data_kebijakan.php(209): CodeIgniter\Debug\Exceptions->errorHandler(2, 'Undefined variable $berita', 'C:\\xampp\\htdocs\\webdesa\\app\\Views\\v_data_kebijakan.php', 209)
 2 SYSTEMPATH\View\View.php(226): include('C:\\xampp\\htdocs\\webdesa\\app\\Views\\v_data_kebijakan.php')
 3 SYSTEMPATH\View\View.php(229): CodeIgniter\View\View->CodeIgniter\View\{closure}()
 4 SYSTEMPATH\Common.php(1188): CodeIgniter\View\View->render('v_data_kebijakan', [], true)
 5 APPPATH\Controllers\Kebijakan.php(13): view('v_data_kebijakan', [...])
 6 SYSTEMPATH\CodeIgniter.php(919): App\Controllers\Kebijakan->index()
 7 SYSTEMPATH\CodeIgniter.php(494): CodeIgniter\CodeIgniter->runController(Object(App\Controllers\Kebijakan))
 8 SYSTEMPATH\CodeIgniter.php(353): CodeIgniter\CodeIgniter->handleRequest(null, Object(Config\Cache), false)
 9 FCPATH\index.php(79): CodeIgniter\CodeIgniter->run()
CRITICAL - 2023-12-06 08:52:31 --> Undefined variable $berita
in APPPATH\Views\v_data_kebijakan.php on line 209.
 1 APPPATH\Views\v_data_kebijakan.php(209): CodeIgniter\Debug\Exceptions->errorHandler(2, 'Undefined variable $berita', 'C:\\xampp\\htdocs\\webdesa\\app\\Views\\v_data_kebijakan.php', 209)
 2 SYSTEMPATH\View\View.php(226): include('C:\\xampp\\htdocs\\webdesa\\app\\Views\\v_data_kebijakan.php')
 3 SYSTEMPATH\View\View.php(229): CodeIgniter\View\View->CodeIgniter\View\{closure}()
 4 SYSTEMPATH\Common.php(1188): CodeIgniter\View\View->render('v_data_kebijakan', [], true)
 5 APPPATH\Controllers\Kebijakan.php(13): view('v_data_kebijakan', [...])
 6 SYSTEMPATH\CodeIgniter.php(919): App\Controllers\Kebijakan->index()
 7 SYSTEMPATH\CodeIgniter.php(494): CodeIgniter\CodeIgniter->runController(Object(App\Controllers\Kebijakan))
 8 SYSTEMPATH\CodeIgniter.php(353): CodeIgniter\CodeIgniter->handleRequest(null, Object(Config\Cache), false)
 9 FCPATH\index.php(79): CodeIgniter\CodeIgniter->run()
INFO - 2023-12-06 08:58:02 --> Session: Class initialized using 'CodeIgniter\Session\Handlers\FileHandler' driver.
CRITICAL - 2023-12-06 09:02:02 --> Undefined variable $kebijakan
in APPPATH\Views\v_struktur_organisasi.php on line 198.
 1 APPPATH\Views\v_struktur_organisasi.php(198): CodeIgniter\Debug\Exceptions->errorHandler(2, 'Undefined variable $kebijakan', 'C:\\xampp\\htdocs\\webdesa\\app\\Views\\v_struktur_organisasi.php', 198)
 2 SYSTEMPATH\View\View.php(226): include('C:\\xampp\\htdocs\\webdesa\\app\\Views\\v_struktur_organisasi.php')
 3 SYSTEMPATH\View\View.php(229): CodeIgniter\View\View->CodeIgniter\View\{closure}()
 4 SYSTEMPATH\Common.php(1188): CodeIgniter\View\View->render('v_struktur_organisasi', [], true)
 5 APPPATH\Controllers\StrukturOrganisasi.php(13): view('v_struktur_organisasi', [...])
 6 SYSTEMPATH\CodeIgniter.php(919): App\Controllers\StrukturOrganisasi->index()
 7 SYSTEMPATH\CodeIgniter.php(494): CodeIgniter\CodeIgniter->runController(Object(App\Controllers\StrukturOrganisasi))
 8 SYSTEMPATH\CodeIgniter.php(353): CodeIgniter\CodeIgniter->handleRequest(null, Object(Config\Cache), false)
 9 FCPATH\index.php(79): CodeIgniter\CodeIgniter->run()
CRITICAL - 2023-12-06 09:02:25 --> Undefined array key "id_kebijakan"
in APPPATH\Views\v_struktur_organisasi.php on line 199.
 1 APPPATH\Views\v_struktur_organisasi.php(199): CodeIgniter\Debug\Exceptions->errorHandler(2, 'Undefined array key "id_kebijakan"', 'C:\\xampp\\htdocs\\webdesa\\app\\Views\\v_struktur_organisasi.php', 199)
 2 SYSTEMPATH\View\View.php(226): include('C:\\xampp\\htdocs\\webdesa\\app\\Views\\v_struktur_organisasi.php')
 3 SYSTEMPATH\View\View.php(229): CodeIgniter\View\View->CodeIgniter\View\{closure}()
 4 SYSTEMPATH\Common.php(1188): CodeIgniter\View\View->render('v_struktur_organisasi', [], true)
 5 APPPATH\Controllers\StrukturOrganisasi.php(13): view('v_struktur_organisasi', [...])
 6 SYSTEMPATH\CodeIgniter.php(919): App\Controllers\StrukturOrganisasi->index()
 7 SYSTEMPATH\CodeIgniter.php(494): CodeIgniter\CodeIgniter->runController(Object(App\Controllers\StrukturOrganisasi))
 8 SYSTEMPATH\CodeIgniter.php(353): CodeIgniter\CodeIgniter->handleRequest(null, Object(Config\Cache), false)
 9 FCPATH\index.php(79): CodeIgniter\CodeIgniter->run()
INFO - 2023-12-06 09:05:49 --> Session: Class initialized using 'CodeIgniter\Session\Handlers\FileHandler' driver.
