INFO - 2023-11-14 03:48:35 --> Session: Class initialized using 'CodeIgniter\Session\Handlers\FileHandler' driver.
INFO - 2023-11-14 03:48:41 --> Session: Class initialized using 'CodeIgniter\Session\Handlers\FileHandler' driver.
INFO - 2023-11-14 03:49:41 --> Session: Class initialized using 'CodeIgniter\Session\Handlers\FileHandler' driver.
CRITICAL - 2023-11-14 03:50:53 --> Maximum execution time of 120 seconds exceeded
in SYSTEMPATH\View\View.php on line 282.
 1 [internal function]: CodeIgniter\Debug\Exceptions->shutdownHandler()
CRITICAL - 2023-11-14 03:53:50 --> Invalid file: "v_front_end.php"
in SYSTEMPATH\Exceptions\FrameworkException.php on line 39.
 1 SYSTEMPATH\View\View.php(214): CodeIgniter\Exceptions\FrameworkException::forInvalidFile('v_front_end.php')
 2 SYSTEMPATH\Common.php(1188): CodeIgniter\View\View->render('v_front_end', [], true)
 3 APPPATH\Controllers\Home.php(13): view('v_front_end', [...])
 4 SYSTEMPATH\CodeIgniter.php(919): App\Controllers\Home->index()
 5 SYSTEMPATH\CodeIgniter.php(494): CodeIgniter\CodeIgniter->runController(Object(App\Controllers\Home))
 6 SYSTEMPATH\CodeIgniter.php(353): CodeIgniter\CodeIgniter->handleRequest(null, Object(Config\Cache), false)
 7 FCPATH\index.php(79): CodeIgniter\CodeIgniter->run()
CRITICAL - 2023-11-14 03:55:35 --> Invalid file: "frontend.php"
in SYSTEMPATH\Exceptions\FrameworkException.php on line 39.
 1 SYSTEMPATH\View\View.php(214): CodeIgniter\Exceptions\FrameworkException::forInvalidFile('frontend.php')
 2 SYSTEMPATH\Common.php(1188): CodeIgniter\View\View->render('frontend', [], true)
 3 APPPATH\Views\v_tentang_kami.php(41): view('frontend')
 4 SYSTEMPATH\View\View.php(226): include('C:\\xampp\\htdocs\\webdesa\\app\\Views\\v_tentang_kami.php')
 5 SYSTEMPATH\View\View.php(229): CodeIgniter\View\View->CodeIgniter\View\{closure}()
 6 SYSTEMPATH\Common.php(1188): CodeIgniter\View\View->render('v_tentang_kami', [], true)
 7 APPPATH\Controllers\TentangKami.php(13): view('v_tentang_kami', [...])
 8 SYSTEMPATH\CodeIgniter.php(919): App\Controllers\TentangKami->index()
 9 SYSTEMPATH\CodeIgniter.php(494): CodeIgniter\CodeIgniter->runController(Object(App\Controllers\TentangKami))
10 SYSTEMPATH\CodeIgniter.php(353): CodeIgniter\CodeIgniter->handleRequest(null, Object(Config\Cache), false)
11 FCPATH\index.php(79): CodeIgniter\CodeIgniter->run()
CRITICAL - 2023-11-14 03:57:58 --> Maximum execution time of 120 seconds exceeded
in SYSTEMPATH\HTTP\URI.php on line 712.
 1 [internal function]: CodeIgniter\Debug\Exceptions->shutdownHandler()
INFO - 2023-11-14 04:04:17 --> Session: Class initialized using 'CodeIgniter\Session\Handlers\FileHandler' driver.
CRITICAL - 2023-11-14 04:05:29 --> Maximum execution time of 120 seconds exceeded
in SYSTEMPATH\View\View.php on line 228.
 1 [internal function]: CodeIgniter\Debug\Exceptions->shutdownHandler()
INFO - 2023-11-14 04:13:21 --> Session: Class initialized using 'CodeIgniter\Session\Handlers\FileHandler' driver.
INFO - 2023-11-14 04:13:29 --> Session: Class initialized using 'CodeIgniter\Session\Handlers\FileHandler' driver.
INFO - 2023-11-14 04:26:22 --> Session: Class initialized using 'CodeIgniter\Session\Handlers\FileHandler' driver.
INFO - 2023-11-14 04:26:41 --> Session: Class initialized using 'CodeIgniter\Session\Handlers\FileHandler' driver.
INFO - 2023-11-14 04:26:49 --> Session: Class initialized using 'CodeIgniter\Session\Handlers\FileHandler' driver.
INFO - 2023-11-14 13:25:33 --> Session: Class initialized using 'CodeIgniter\Session\Handlers\FileHandler' driver.
INFO - 2023-11-14 13:25:40 --> Session: Class initialized using 'CodeIgniter\Session\Handlers\FileHandler' driver.
CRITICAL - 2023-11-14 13:56:48 --> Call to a member function isValid() on string
in APPPATH\Models\M_Berita.php on line 48.
 1 APPPATH\Controllers\Berita.php(95): App\Models\M_Berita->update_berita([...])
 2 SYSTEMPATH\CodeIgniter.php(919): App\Controllers\Berita->update_berita('24')
 3 SYSTEMPATH\CodeIgniter.php(494): CodeIgniter\CodeIgniter->runController(Object(App\Controllers\Berita))
 4 SYSTEMPATH\CodeIgniter.php(353): CodeIgniter\CodeIgniter->handleRequest(null, Object(Config\Cache), false)
 5 FCPATH\index.php(79): CodeIgniter\CodeIgniter->run()
CRITICAL - 2023-11-14 13:57:21 --> Call to a member function isValid() on string
in APPPATH\Models\M_Berita.php on line 48.
 1 APPPATH\Controllers\Berita.php(95): App\Models\M_Berita->update_berita([...])
 2 SYSTEMPATH\CodeIgniter.php(919): App\Controllers\Berita->update_berita('24')
 3 SYSTEMPATH\CodeIgniter.php(494): CodeIgniter\CodeIgniter->runController(Object(App\Controllers\Berita))
 4 SYSTEMPATH\CodeIgniter.php(353): CodeIgniter\CodeIgniter->handleRequest(null, Object(Config\Cache), false)
 5 FCPATH\index.php(79): CodeIgniter\CodeIgniter->run()
CRITICAL - 2023-11-14 13:57:45 --> Call to a member function isValid() on null
in APPPATH\Controllers\Berita.php on line 35.
 1 SYSTEMPATH\CodeIgniter.php(919): App\Controllers\Berita->proses_tambah_berita()
 2 SYSTEMPATH\CodeIgniter.php(494): CodeIgniter\CodeIgniter->runController(Object(App\Controllers\Berita))
 3 SYSTEMPATH\CodeIgniter.php(353): CodeIgniter\CodeIgniter->handleRequest(null, Object(Config\Cache), false)
 4 FCPATH\index.php(79): CodeIgniter\CodeIgniter->run()
CRITICAL - 2023-11-14 13:58:55 --> Call to a member function isValid() on null
in APPPATH\Controllers\Berita.php on line 35.
 1 SYSTEMPATH\CodeIgniter.php(919): App\Controllers\Berita->proses_tambah_berita()
 2 SYSTEMPATH\CodeIgniter.php(494): CodeIgniter\CodeIgniter->runController(Object(App\Controllers\Berita))
 3 SYSTEMPATH\CodeIgniter.php(353): CodeIgniter\CodeIgniter->handleRequest(null, Object(Config\Cache), false)
 4 FCPATH\index.php(79): CodeIgniter\CodeIgniter->run()
CRITICAL - 2023-11-14 14:04:29 --> Call to a member function isValid() on string
in APPPATH\Models\M_Berita.php on line 35.
 1 APPPATH\Controllers\Berita.php(94): App\Models\M_Berita->update_berita([...])
 2 SYSTEMPATH\CodeIgniter.php(919): App\Controllers\Berita->update_berita('24')
 3 SYSTEMPATH\CodeIgniter.php(494): CodeIgniter\CodeIgniter->runController(Object(App\Controllers\Berita))
 4 SYSTEMPATH\CodeIgniter.php(353): CodeIgniter\CodeIgniter->handleRequest(null, Object(Config\Cache), false)
 5 FCPATH\index.php(79): CodeIgniter\CodeIgniter->run()
CRITICAL - 2023-11-14 14:04:41 --> Call to a member function isValid() on string
in APPPATH\Models\M_Berita.php on line 35.
 1 APPPATH\Controllers\Berita.php(94): App\Models\M_Berita->update_berita([...])
 2 SYSTEMPATH\CodeIgniter.php(919): App\Controllers\Berita->update_berita('24')
 3 SYSTEMPATH\CodeIgniter.php(494): CodeIgniter\CodeIgniter->runController(Object(App\Controllers\Berita))
 4 SYSTEMPATH\CodeIgniter.php(353): CodeIgniter\CodeIgniter->handleRequest(null, Object(Config\Cache), false)
 5 FCPATH\index.php(79): CodeIgniter\CodeIgniter->run()
CRITICAL - 2023-11-14 14:06:46 --> Call to a member function isValid() on string
in APPPATH\Models\M_Berita.php on line 35.
 1 APPPATH\Controllers\Berita.php(94): App\Models\M_Berita->update_berita([...])
 2 SYSTEMPATH\CodeIgniter.php(919): App\Controllers\Berita->update_berita('27')
 3 SYSTEMPATH\CodeIgniter.php(494): CodeIgniter\CodeIgniter->runController(Object(App\Controllers\Berita))
 4 SYSTEMPATH\CodeIgniter.php(353): CodeIgniter\CodeIgniter->handleRequest(null, Object(Config\Cache), false)
 5 FCPATH\index.php(79): CodeIgniter\CodeIgniter->run()
