ERROR - 2025-02-19 02:40:58 --> Error connecting to the database: mysqli_sql_exception: No connection could be made because the target machine actively refused it in D:\bps\system\Database\MySQLi\Connection.php:184
Stack trace:
#0 D:\bps\system\Database\MySQLi\Connection.php(184): mysqli->real_connect('localhost', 'root', Object(SensitiveParameterValue), 'bpstala', 3306, '', 0)
#1 D:\bps\system\Database\BaseConnection.php(391): CodeIgniter\Database\MySQLi\Connection->connect(false)
#2 D:\bps\system\Database\BaseConnection.php(574): CodeIgniter\Database\BaseConnection->initialize()
#3 D:\bps\system\Database\BaseBuilder.php(1615): CodeIgniter\Database\BaseConnection->query('SELECT *\nFROM `...', Array, false)
#4 D:\bps\system\Model.php(237): CodeIgniter\Database\BaseBuilder->get()
#5 D:\bps\system\BaseModel.php(624): CodeIgniter\Model->doFindAll(0, 0)
#6 D:\bps\app\Models\M_Kelas.php(36): CodeIgniter\BaseModel->findAll()
#7 D:\bps\app\Controllers\Home.php(13): App\Models\M_Kelas->getKelas()
#8 D:\bps\system\CodeIgniter.php(919): App\Controllers\Home->index()
#9 D:\bps\system\CodeIgniter.php(494): CodeIgniter\CodeIgniter->runController(Object(App\Controllers\Home))
#10 D:\bps\system\CodeIgniter.php(353): CodeIgniter\CodeIgniter->handleRequest(NULL, Object(Config\Cache), false)
#11 D:\bps\public\index.php(79): CodeIgniter\CodeIgniter->run()
#12 D:\bps\system\Commands\Server\rewrite.php(47): require_once('D:\\bps\\public\\i...')
#13 {main}

Next CodeIgniter\Database\Exceptions\DatabaseException: No connection could be made because the target machine actively refused it in D:\bps\system\Database\MySQLi\Connection.php:229
Stack trace:
#0 D:\bps\system\Database\BaseConnection.php(391): CodeIgniter\Database\MySQLi\Connection->connect(false)
#1 D:\bps\system\Database\BaseConnection.php(574): CodeIgniter\Database\BaseConnection->initialize()
#2 D:\bps\system\Database\BaseBuilder.php(1615): CodeIgniter\Database\BaseConnection->query('SELECT *\nFROM `...', Array, false)
#3 D:\bps\system\Model.php(237): CodeIgniter\Database\BaseBuilder->get()
#4 D:\bps\system\BaseModel.php(624): CodeIgniter\Model->doFindAll(0, 0)
#5 D:\bps\app\Models\M_Kelas.php(36): CodeIgniter\BaseModel->findAll()
#6 D:\bps\app\Controllers\Home.php(13): App\Models\M_Kelas->getKelas()
#7 D:\bps\system\CodeIgniter.php(919): App\Controllers\Home->index()
#8 D:\bps\system\CodeIgniter.php(494): CodeIgniter\CodeIgniter->runController(Object(App\Controllers\Home))
#9 D:\bps\system\CodeIgniter.php(353): CodeIgniter\CodeIgniter->handleRequest(NULL, Object(Config\Cache), false)
#10 D:\bps\public\index.php(79): CodeIgniter\CodeIgniter->run()
#11 D:\bps\system\Commands\Server\rewrite.php(47): require_once('D:\\bps\\public\\i...')
#12 {main}
CRITICAL - 2025-02-19 02:40:58 --> Unable to connect to the database.
Main connection [MySQLi]: No connection could be made because the target machine actively refused it
in SYSTEMPATH\Database\BaseConnection.php on line 427.
 1 SYSTEMPATH\Database\BaseConnection.php(574): CodeIgniter\Database\BaseConnection->initialize()
 2 SYSTEMPATH\Database\BaseBuilder.php(1615): CodeIgniter\Database\BaseConnection->query('SELECT *
FROM `kelas`', [], false)
 3 SYSTEMPATH\Model.php(237): CodeIgniter\Database\BaseBuilder->get()
 4 SYSTEMPATH\BaseModel.php(624): CodeIgniter\Model->doFindAll(0, 0)
 5 APPPATH\Models\M_Kelas.php(36): CodeIgniter\BaseModel->findAll()
 6 APPPATH\Controllers\Home.php(13): App\Models\M_Kelas->getKelas()
 7 SYSTEMPATH\CodeIgniter.php(919): App\Controllers\Home->index()
 8 SYSTEMPATH\CodeIgniter.php(494): CodeIgniter\CodeIgniter->runController(Object(App\Controllers\Home))
 9 SYSTEMPATH\CodeIgniter.php(353): CodeIgniter\CodeIgniter->handleRequest(null, Object(Config\Cache), false)
10 FCPATH\index.php(79): CodeIgniter\CodeIgniter->run()
11 SYSTEMPATH\Commands\Server\rewrite.php(47): require_once('D:\\bps\\public\\index.php')
INFO - 2025-02-19 02:41:16 --> Session: Class initialized using 'CodeIgniter\Session\Handlers\FileHandler' driver.
INFO - 2025-02-19 02:41:19 --> Session: Class initialized using 'CodeIgniter\Session\Handlers\FileHandler' driver.
INFO - 2025-02-19 02:41:23 --> Session: Class initialized using 'CodeIgniter\Session\Handlers\FileHandler' driver.
INFO - 2025-02-19 02:41:26 --> Session: Class initialized using 'CodeIgniter\Session\Handlers\FileHandler' driver.
INFO - 2025-02-19 02:41:31 --> Session: Class initialized using 'CodeIgniter\Session\Handlers\FileHandler' driver.
INFO - 2025-02-19 02:41:32 --> Session: Class initialized using 'CodeIgniter\Session\Handlers\FileHandler' driver.
INFO - 2025-02-19 02:41:41 --> Session: Class initialized using 'CodeIgniter\Session\Handlers\FileHandler' driver.
INFO - 2025-02-19 02:42:17 --> Session: Class initialized using 'CodeIgniter\Session\Handlers\FileHandler' driver.
INFO - 2025-02-19 02:42:17 --> Session: Class initialized using 'CodeIgniter\Session\Handlers\FileHandler' driver.
INFO - 2025-02-19 02:42:30 --> Session: Class initialized using 'CodeIgniter\Session\Handlers\FileHandler' driver.
INFO - 2025-02-19 02:42:38 --> Session: Class initialized using 'CodeIgniter\Session\Handlers\FileHandler' driver.
INFO - 2025-02-19 02:42:50 --> Session: Class initialized using 'CodeIgniter\Session\Handlers\FileHandler' driver.
INFO - 2025-02-19 02:42:55 --> Session: Class initialized using 'CodeIgniter\Session\Handlers\FileHandler' driver.
INFO - 2025-02-19 02:42:59 --> Session: Class initialized using 'CodeIgniter\Session\Handlers\FileHandler' driver.
INFO - 2025-02-19 02:43:01 --> Session: Class initialized using 'CodeIgniter\Session\Handlers\FileHandler' driver.
INFO - 2025-02-19 02:43:27 --> Session: Class initialized using 'CodeIgniter\Session\Handlers\FileHandler' driver.
INFO - 2025-02-19 02:43:27 --> Session: Class initialized using 'CodeIgniter\Session\Handlers\FileHandler' driver.
INFO - 2025-02-19 02:43:33 --> Session: Class initialized using 'CodeIgniter\Session\Handlers\FileHandler' driver.
INFO - 2025-02-19 02:43:36 --> Session: Class initialized using 'CodeIgniter\Session\Handlers\FileHandler' driver.
INFO - 2025-02-19 02:43:38 --> Session: Class initialized using 'CodeIgniter\Session\Handlers\FileHandler' driver.
INFO - 2025-02-19 03:51:52 --> Session: Class initialized using 'CodeIgniter\Session\Handlers\FileHandler' driver.
INFO - 2025-02-19 03:51:52 --> Session: Class initialized using 'CodeIgniter\Session\Handlers\FileHandler' driver.
INFO - 2025-02-19 03:52:31 --> Session: Class initialized using 'CodeIgniter\Session\Handlers\FileHandler' driver.
INFO - 2025-02-19 03:52:31 --> Session: Class initialized using 'CodeIgniter\Session\Handlers\FileHandler' driver.
INFO - 2025-02-19 03:52:40 --> Session: Class initialized using 'CodeIgniter\Session\Handlers\FileHandler' driver.
INFO - 2025-02-19 13:04:36 --> Session: Class initialized using 'CodeIgniter\Session\Handlers\FileHandler' driver.
INFO - 2025-02-19 13:04:40 --> Session: Class initialized using 'CodeIgniter\Session\Handlers\FileHandler' driver.
INFO - 2025-02-19 13:04:43 --> Session: Class initialized using 'CodeIgniter\Session\Handlers\FileHandler' driver.
INFO - 2025-02-19 13:04:44 --> Session: Class initialized using 'CodeIgniter\Session\Handlers\FileHandler' driver.
INFO - 2025-02-19 13:04:47 --> Session: Class initialized using 'CodeIgniter\Session\Handlers\FileHandler' driver.
INFO - 2025-02-19 13:04:51 --> Session: Class initialized using 'CodeIgniter\Session\Handlers\FileHandler' driver.
INFO - 2025-02-19 13:06:31 --> Session: Class initialized using 'CodeIgniter\Session\Handlers\FileHandler' driver.
INFO - 2025-02-19 13:07:19 --> Session: Class initialized using 'CodeIgniter\Session\Handlers\FileHandler' driver.
INFO - 2025-02-19 13:07:38 --> Session: Class initialized using 'CodeIgniter\Session\Handlers\FileHandler' driver.
INFO - 2025-02-19 13:07:38 --> Session: Class initialized using 'CodeIgniter\Session\Handlers\FileHandler' driver.
INFO - 2025-02-19 13:07:49 --> Session: Class initialized using 'CodeIgniter\Session\Handlers\FileHandler' driver.
INFO - 2025-02-19 13:07:59 --> Session: Class initialized using 'CodeIgniter\Session\Handlers\FileHandler' driver.
INFO - 2025-02-19 13:08:07 --> Session: Class initialized using 'CodeIgniter\Session\Handlers\FileHandler' driver.
INFO - 2025-02-19 13:08:07 --> Session: Class initialized using 'CodeIgniter\Session\Handlers\FileHandler' driver.
INFO - 2025-02-19 13:08:15 --> Session: Class initialized using 'CodeIgniter\Session\Handlers\FileHandler' driver.
INFO - 2025-02-19 13:10:54 --> Session: Class initialized using 'CodeIgniter\Session\Handlers\FileHandler' driver.
INFO - 2025-02-19 13:11:55 --> Session: Class initialized using 'CodeIgniter\Session\Handlers\FileHandler' driver.
INFO - 2025-02-19 13:11:55 --> Session: Class initialized using 'CodeIgniter\Session\Handlers\FileHandler' driver.
INFO - 2025-02-19 13:13:10 --> Session: Class initialized using 'CodeIgniter\Session\Handlers\FileHandler' driver.
INFO - 2025-02-19 13:13:13 --> Session: Class initialized using 'CodeIgniter\Session\Handlers\FileHandler' driver.
INFO - 2025-02-19 13:14:03 --> Session: Class initialized using 'CodeIgniter\Session\Handlers\FileHandler' driver.
INFO - 2025-02-19 13:14:06 --> Session: Class initialized using 'CodeIgniter\Session\Handlers\FileHandler' driver.
INFO - 2025-02-19 13:14:13 --> Session: Class initialized using 'CodeIgniter\Session\Handlers\FileHandler' driver.
INFO - 2025-02-19 13:14:13 --> Session: Class initialized using 'CodeIgniter\Session\Handlers\FileHandler' driver.
INFO - 2025-02-19 13:14:17 --> Session: Class initialized using 'CodeIgniter\Session\Handlers\FileHandler' driver.
INFO - 2025-02-19 13:14:18 --> Session: Class initialized using 'CodeIgniter\Session\Handlers\FileHandler' driver.
INFO - 2025-02-19 13:14:22 --> Session: Class initialized using 'CodeIgniter\Session\Handlers\FileHandler' driver.
INFO - 2025-02-19 13:14:37 --> Session: Class initialized using 'CodeIgniter\Session\Handlers\FileHandler' driver.
INFO - 2025-02-19 13:14:37 --> Session: Class initialized using 'CodeIgniter\Session\Handlers\FileHandler' driver.
INFO - 2025-02-19 13:14:49 --> Session: Class initialized using 'CodeIgniter\Session\Handlers\FileHandler' driver.
INFO - 2025-02-19 13:14:49 --> Session: Class initialized using 'CodeIgniter\Session\Handlers\FileHandler' driver.
INFO - 2025-02-19 13:15:01 --> Session: Class initialized using 'CodeIgniter\Session\Handlers\FileHandler' driver.
INFO - 2025-02-19 13:15:01 --> Session: Class initialized using 'CodeIgniter\Session\Handlers\FileHandler' driver.
INFO - 2025-02-19 13:15:09 --> Session: Class initialized using 'CodeIgniter\Session\Handlers\FileHandler' driver.
INFO - 2025-02-19 13:15:58 --> Session: Class initialized using 'CodeIgniter\Session\Handlers\FileHandler' driver.
INFO - 2025-02-19 13:16:08 --> Session: Class initialized using 'CodeIgniter\Session\Handlers\FileHandler' driver.
INFO - 2025-02-19 13:16:09 --> Session: Class initialized using 'CodeIgniter\Session\Handlers\FileHandler' driver.
INFO - 2025-02-19 13:16:13 --> Session: Class initialized using 'CodeIgniter\Session\Handlers\FileHandler' driver.
INFO - 2025-02-19 13:16:14 --> Session: Class initialized using 'CodeIgniter\Session\Handlers\FileHandler' driver.
INFO - 2025-02-19 13:16:14 --> Session: Class initialized using 'CodeIgniter\Session\Handlers\FileHandler' driver.
INFO - 2025-02-19 13:16:14 --> Session: Class initialized using 'CodeIgniter\Session\Handlers\FileHandler' driver.
INFO - 2025-02-19 13:16:15 --> Session: Class initialized using 'CodeIgniter\Session\Handlers\FileHandler' driver.
INFO - 2025-02-19 13:16:16 --> Session: Class initialized using 'CodeIgniter\Session\Handlers\FileHandler' driver.
INFO - 2025-02-19 13:16:16 --> Session: Class initialized using 'CodeIgniter\Session\Handlers\FileHandler' driver.
INFO - 2025-02-19 13:16:17 --> Session: Class initialized using 'CodeIgniter\Session\Handlers\FileHandler' driver.
INFO - 2025-02-19 13:16:17 --> Session: Class initialized using 'CodeIgniter\Session\Handlers\FileHandler' driver.
INFO - 2025-02-19 13:16:17 --> Session: Class initialized using 'CodeIgniter\Session\Handlers\FileHandler' driver.
INFO - 2025-02-19 13:16:17 --> Session: Class initialized using 'CodeIgniter\Session\Handlers\FileHandler' driver.
INFO - 2025-02-19 13:16:18 --> Session: Class initialized using 'CodeIgniter\Session\Handlers\FileHandler' driver.
INFO - 2025-02-19 13:16:18 --> Session: Class initialized using 'CodeIgniter\Session\Handlers\FileHandler' driver.
INFO - 2025-02-19 13:16:21 --> Session: Class initialized using 'CodeIgniter\Session\Handlers\FileHandler' driver.
INFO - 2025-02-19 15:30:51 --> Session: Class initialized using 'CodeIgniter\Session\Handlers\FileHandler' driver.
INFO - 2025-02-19 15:30:55 --> Session: Class initialized using 'CodeIgniter\Session\Handlers\FileHandler' driver.
INFO - 2025-02-19 15:30:59 --> Session: Class initialized using 'CodeIgniter\Session\Handlers\FileHandler' driver.
INFO - 2025-02-19 15:30:59 --> Session: Class initialized using 'CodeIgniter\Session\Handlers\FileHandler' driver.
CRITICAL - 2025-02-19 15:31:03 --> Class "App\Models\SurveyModel" not found
in APPPATH\Controllers\SurveyController.php on line 12.
 1 SYSTEMPATH\CodeIgniter.php(919): App\Controllers\SurveyController->index()
 2 SYSTEMPATH\CodeIgniter.php(494): CodeIgniter\CodeIgniter->runController(Object(App\Controllers\SurveyController))
 3 SYSTEMPATH\CodeIgniter.php(353): CodeIgniter\CodeIgniter->handleRequest(null, Object(Config\Cache), false)
 4 FCPATH\index.php(79): CodeIgniter\CodeIgniter->run()
 5 SYSTEMPATH\Commands\Server\rewrite.php(47): require_once('D:\\bps\\public\\index.php')
CRITICAL - 2025-02-19 15:32:54 --> Undefined variable $surveys
in APPPATH\Views\survey_view.php on line 2.
 1 APPPATH\Views\survey_view.php(2): CodeIgniter\Debug\Exceptions->errorHandler(2, 'Undefined variable $surveys', 'D:\\bps\\app\\Views\\survey_view.php', 2)
 2 SYSTEMPATH\View\View.php(226): include('D:\\bps\\app\\Views\\survey_view.php')
 3 SYSTEMPATH\View\View.php(229): CodeIgniter\View\View->CodeIgniter\View\{closure}()
 4 SYSTEMPATH\Common.php(1188): CodeIgniter\View\View->render('survey_view', [], true)
 5 APPPATH\Controllers\SurveyController.php(14): view('survey_view', [...])
 6 SYSTEMPATH\CodeIgniter.php(919): App\Controllers\SurveyController->index()
 7 SYSTEMPATH\CodeIgniter.php(494): CodeIgniter\CodeIgniter->runController(Object(App\Controllers\SurveyController))
 8 SYSTEMPATH\CodeIgniter.php(353): CodeIgniter\CodeIgniter->handleRequest(null, Object(Config\Cache), false)
 9 FCPATH\index.php(79): CodeIgniter\CodeIgniter->run()
10 SYSTEMPATH\Commands\Server\rewrite.php(47): require_once('D:\\bps\\public\\index.php')
CRITICAL - 2025-02-19 15:32:55 --> Undefined variable $surveys
in APPPATH\Views\survey_view.php on line 2.
 1 APPPATH\Views\survey_view.php(2): CodeIgniter\Debug\Exceptions->errorHandler(2, 'Undefined variable $surveys', 'D:\\bps\\app\\Views\\survey_view.php', 2)
 2 SYSTEMPATH\View\View.php(226): include('D:\\bps\\app\\Views\\survey_view.php')
 3 SYSTEMPATH\View\View.php(229): CodeIgniter\View\View->CodeIgniter\View\{closure}()
 4 SYSTEMPATH\Common.php(1188): CodeIgniter\View\View->render('survey_view', [], true)
 5 APPPATH\Controllers\SurveyController.php(14): view('survey_view', [...])
 6 SYSTEMPATH\CodeIgniter.php(919): App\Controllers\SurveyController->index()
 7 SYSTEMPATH\CodeIgniter.php(494): CodeIgniter\CodeIgniter->runController(Object(App\Controllers\SurveyController))
 8 SYSTEMPATH\CodeIgniter.php(353): CodeIgniter\CodeIgniter->handleRequest(null, Object(Config\Cache), false)
 9 FCPATH\index.php(79): CodeIgniter\CodeIgniter->run()
10 SYSTEMPATH\Commands\Server\rewrite.php(47): require_once('D:\\bps\\public\\index.php')
INFO - 2025-02-19 15:34:05 --> Session: Class initialized using 'CodeIgniter\Session\Handlers\FileHandler' driver.
INFO - 2025-02-19 15:34:12 --> Session: Class initialized using 'CodeIgniter\Session\Handlers\FileHandler' driver.
INFO - 2025-02-19 15:34:21 --> Session: Class initialized using 'CodeIgniter\Session\Handlers\FileHandler' driver.
INFO - 2025-02-19 15:35:24 --> Session: Class initialized using 'CodeIgniter\Session\Handlers\FileHandler' driver.
INFO - 2025-02-19 15:35:25 --> Session: Class initialized using 'CodeIgniter\Session\Handlers\FileHandler' driver.
CRITICAL - 2025-02-19 15:35:25 --> Undefined variable $surveys
in APPPATH\Views\v_home_pengguna.php on line 65.
 1 APPPATH\Views\v_home_pengguna.php(65): CodeIgniter\Debug\Exceptions->errorHandler(2, 'Undefined variable $surveys', 'D:\\bps\\app\\Views\\v_home_pengguna.php', 65)
 2 SYSTEMPATH\View\View.php(226): include('D:\\bps\\app\\Views\\v_home_pengguna.php')
 3 SYSTEMPATH\View\View.php(229): CodeIgniter\View\View->CodeIgniter\View\{closure}()
 4 SYSTEMPATH\Common.php(1188): CodeIgniter\View\View->render('v_home_pengguna', [], true)
 5 APPPATH\Controllers\Pengguna.php(73): view('v_home_pengguna', [...])
 6 SYSTEMPATH\CodeIgniter.php(919): App\Controllers\Pengguna->index()
 7 SYSTEMPATH\CodeIgniter.php(494): CodeIgniter\CodeIgniter->runController(Object(App\Controllers\Pengguna))
 8 SYSTEMPATH\CodeIgniter.php(353): CodeIgniter\CodeIgniter->handleRequest(null, Object(Config\Cache), false)
 9 FCPATH\index.php(79): CodeIgniter\CodeIgniter->run()
10 SYSTEMPATH\Commands\Server\rewrite.php(47): require_once('D:\\bps\\public\\index.php')
INFO - 2025-02-19 15:38:10 --> Session: Class initialized using 'CodeIgniter\Session\Handlers\FileHandler' driver.
CRITICAL - 2025-02-19 15:38:10 --> Undefined variable $surveys
in APPPATH\Views\v_home_pengguna.php on line 65.
 1 APPPATH\Views\v_home_pengguna.php(65): CodeIgniter\Debug\Exceptions->errorHandler(2, 'Undefined variable $surveys', 'D:\\bps\\app\\Views\\v_home_pengguna.php', 65)
 2 SYSTEMPATH\View\View.php(226): include('D:\\bps\\app\\Views\\v_home_pengguna.php')
 3 SYSTEMPATH\View\View.php(229): CodeIgniter\View\View->CodeIgniter\View\{closure}()
 4 SYSTEMPATH\Common.php(1188): CodeIgniter\View\View->render('v_home_pengguna', [], true)
 5 APPPATH\Controllers\Pengguna.php(78): view('v_home_pengguna', [...])
 6 SYSTEMPATH\CodeIgniter.php(919): App\Controllers\Pengguna->index()
 7 SYSTEMPATH\CodeIgniter.php(494): CodeIgniter\CodeIgniter->runController(Object(App\Controllers\Pengguna))
 8 SYSTEMPATH\CodeIgniter.php(353): CodeIgniter\CodeIgniter->handleRequest(null, Object(Config\Cache), false)
 9 FCPATH\index.php(79): CodeIgniter\CodeIgniter->run()
10 SYSTEMPATH\Commands\Server\rewrite.php(47): require_once('D:\\bps\\public\\index.php')
INFO - 2025-02-19 15:38:11 --> Session: Class initialized using 'CodeIgniter\Session\Handlers\FileHandler' driver.
CRITICAL - 2025-02-19 15:38:11 --> Undefined variable $surveys
in APPPATH\Views\v_home_pengguna.php on line 65.
 1 APPPATH\Views\v_home_pengguna.php(65): CodeIgniter\Debug\Exceptions->errorHandler(2, 'Undefined variable $surveys', 'D:\\bps\\app\\Views\\v_home_pengguna.php', 65)
 2 SYSTEMPATH\View\View.php(226): include('D:\\bps\\app\\Views\\v_home_pengguna.php')
 3 SYSTEMPATH\View\View.php(229): CodeIgniter\View\View->CodeIgniter\View\{closure}()
 4 SYSTEMPATH\Common.php(1188): CodeIgniter\View\View->render('v_home_pengguna', [], true)
 5 APPPATH\Controllers\Pengguna.php(78): view('v_home_pengguna', [...])
 6 SYSTEMPATH\CodeIgniter.php(919): App\Controllers\Pengguna->index()
 7 SYSTEMPATH\CodeIgniter.php(494): CodeIgniter\CodeIgniter->runController(Object(App\Controllers\Pengguna))
 8 SYSTEMPATH\CodeIgniter.php(353): CodeIgniter\CodeIgniter->handleRequest(null, Object(Config\Cache), false)
 9 FCPATH\index.php(79): CodeIgniter\CodeIgniter->run()
10 SYSTEMPATH\Commands\Server\rewrite.php(47): require_once('D:\\bps\\public\\index.php')
INFO - 2025-02-19 15:38:55 --> Session: Class initialized using 'CodeIgniter\Session\Handlers\FileHandler' driver.
CRITICAL - 2025-02-19 15:38:55 --> Undefined variable $surveys
in APPPATH\Views\v_home_pengguna.php on line 65.
 1 APPPATH\Views\v_home_pengguna.php(65): CodeIgniter\Debug\Exceptions->errorHandler(2, 'Undefined variable $surveys', 'D:\\bps\\app\\Views\\v_home_pengguna.php', 65)
 2 SYSTEMPATH\View\View.php(226): include('D:\\bps\\app\\Views\\v_home_pengguna.php')
 3 SYSTEMPATH\View\View.php(229): CodeIgniter\View\View->CodeIgniter\View\{closure}()
 4 SYSTEMPATH\Common.php(1188): CodeIgniter\View\View->render('v_home_pengguna', [], true)
 5 APPPATH\Controllers\Pengguna.php(78): view('v_home_pengguna', [...])
 6 SYSTEMPATH\CodeIgniter.php(919): App\Controllers\Pengguna->index()
 7 SYSTEMPATH\CodeIgniter.php(494): CodeIgniter\CodeIgniter->runController(Object(App\Controllers\Pengguna))
 8 SYSTEMPATH\CodeIgniter.php(353): CodeIgniter\CodeIgniter->handleRequest(null, Object(Config\Cache), false)
 9 FCPATH\index.php(79): CodeIgniter\CodeIgniter->run()
10 SYSTEMPATH\Commands\Server\rewrite.php(47): require_once('D:\\bps\\public\\index.php')
INFO - 2025-02-19 15:38:56 --> Session: Class initialized using 'CodeIgniter\Session\Handlers\FileHandler' driver.
CRITICAL - 2025-02-19 15:38:56 --> Undefined variable $surveys
in APPPATH\Views\v_home_pengguna.php on line 65.
 1 APPPATH\Views\v_home_pengguna.php(65): CodeIgniter\Debug\Exceptions->errorHandler(2, 'Undefined variable $surveys', 'D:\\bps\\app\\Views\\v_home_pengguna.php', 65)
 2 SYSTEMPATH\View\View.php(226): include('D:\\bps\\app\\Views\\v_home_pengguna.php')
 3 SYSTEMPATH\View\View.php(229): CodeIgniter\View\View->CodeIgniter\View\{closure}()
 4 SYSTEMPATH\Common.php(1188): CodeIgniter\View\View->render('v_home_pengguna', [], true)
 5 APPPATH\Controllers\Pengguna.php(78): view('v_home_pengguna', [...])
 6 SYSTEMPATH\CodeIgniter.php(919): App\Controllers\Pengguna->index()
 7 SYSTEMPATH\CodeIgniter.php(494): CodeIgniter\CodeIgniter->runController(Object(App\Controllers\Pengguna))
 8 SYSTEMPATH\CodeIgniter.php(353): CodeIgniter\CodeIgniter->handleRequest(null, Object(Config\Cache), false)
 9 FCPATH\index.php(79): CodeIgniter\CodeIgniter->run()
10 SYSTEMPATH\Commands\Server\rewrite.php(47): require_once('D:\\bps\\public\\index.php')
INFO - 2025-02-19 15:38:57 --> Session: Class initialized using 'CodeIgniter\Session\Handlers\FileHandler' driver.
CRITICAL - 2025-02-19 15:38:57 --> Undefined variable $surveys
in APPPATH\Views\v_home_pengguna.php on line 65.
 1 APPPATH\Views\v_home_pengguna.php(65): CodeIgniter\Debug\Exceptions->errorHandler(2, 'Undefined variable $surveys', 'D:\\bps\\app\\Views\\v_home_pengguna.php', 65)
 2 SYSTEMPATH\View\View.php(226): include('D:\\bps\\app\\Views\\v_home_pengguna.php')
 3 SYSTEMPATH\View\View.php(229): CodeIgniter\View\View->CodeIgniter\View\{closure}()
 4 SYSTEMPATH\Common.php(1188): CodeIgniter\View\View->render('v_home_pengguna', [], true)
 5 APPPATH\Controllers\Pengguna.php(78): view('v_home_pengguna', [...])
 6 SYSTEMPATH\CodeIgniter.php(919): App\Controllers\Pengguna->index()
 7 SYSTEMPATH\CodeIgniter.php(494): CodeIgniter\CodeIgniter->runController(Object(App\Controllers\Pengguna))
 8 SYSTEMPATH\CodeIgniter.php(353): CodeIgniter\CodeIgniter->handleRequest(null, Object(Config\Cache), false)
 9 FCPATH\index.php(79): CodeIgniter\CodeIgniter->run()
10 SYSTEMPATH\Commands\Server\rewrite.php(47): require_once('D:\\bps\\public\\index.php')
INFO - 2025-02-19 15:38:57 --> Session: Class initialized using 'CodeIgniter\Session\Handlers\FileHandler' driver.
CRITICAL - 2025-02-19 15:38:57 --> Undefined variable $surveys
in APPPATH\Views\v_home_pengguna.php on line 65.
 1 APPPATH\Views\v_home_pengguna.php(65): CodeIgniter\Debug\Exceptions->errorHandler(2, 'Undefined variable $surveys', 'D:\\bps\\app\\Views\\v_home_pengguna.php', 65)
 2 SYSTEMPATH\View\View.php(226): include('D:\\bps\\app\\Views\\v_home_pengguna.php')
 3 SYSTEMPATH\View\View.php(229): CodeIgniter\View\View->CodeIgniter\View\{closure}()
 4 SYSTEMPATH\Common.php(1188): CodeIgniter\View\View->render('v_home_pengguna', [], true)
 5 APPPATH\Controllers\Pengguna.php(78): view('v_home_pengguna', [...])
 6 SYSTEMPATH\CodeIgniter.php(919): App\Controllers\Pengguna->index()
 7 SYSTEMPATH\CodeIgniter.php(494): CodeIgniter\CodeIgniter->runController(Object(App\Controllers\Pengguna))
 8 SYSTEMPATH\CodeIgniter.php(353): CodeIgniter\CodeIgniter->handleRequest(null, Object(Config\Cache), false)
 9 FCPATH\index.php(79): CodeIgniter\CodeIgniter->run()
10 SYSTEMPATH\Commands\Server\rewrite.php(47): require_once('D:\\bps\\public\\index.php')
INFO - 2025-02-19 15:39:31 --> Session: Class initialized using 'CodeIgniter\Session\Handlers\FileHandler' driver.
CRITICAL - 2025-02-19 15:39:31 --> Undefined variable $survey
in APPPATH\Views\v_home_pengguna.php on line 64.
 1 APPPATH\Views\v_home_pengguna.php(64): CodeIgniter\Debug\Exceptions->errorHandler(2, 'Undefined variable $survey', 'D:\\bps\\app\\Views\\v_home_pengguna.php', 64)
 2 SYSTEMPATH\View\View.php(226): include('D:\\bps\\app\\Views\\v_home_pengguna.php')
 3 SYSTEMPATH\View\View.php(229): CodeIgniter\View\View->CodeIgniter\View\{closure}()
 4 SYSTEMPATH\Common.php(1188): CodeIgniter\View\View->render('v_home_pengguna', [], true)
 5 APPPATH\Controllers\Pengguna.php(78): view('v_home_pengguna', [...])
 6 SYSTEMPATH\CodeIgniter.php(919): App\Controllers\Pengguna->index()
 7 SYSTEMPATH\CodeIgniter.php(494): CodeIgniter\CodeIgniter->runController(Object(App\Controllers\Pengguna))
 8 SYSTEMPATH\CodeIgniter.php(353): CodeIgniter\CodeIgniter->handleRequest(null, Object(Config\Cache), false)
 9 FCPATH\index.php(79): CodeIgniter\CodeIgniter->run()
10 SYSTEMPATH\Commands\Server\rewrite.php(47): require_once('D:\\bps\\public\\index.php')
INFO - 2025-02-19 15:39:33 --> Session: Class initialized using 'CodeIgniter\Session\Handlers\FileHandler' driver.
CRITICAL - 2025-02-19 15:39:33 --> Undefined variable $survey
in APPPATH\Views\v_home_pengguna.php on line 64.
 1 APPPATH\Views\v_home_pengguna.php(64): CodeIgniter\Debug\Exceptions->errorHandler(2, 'Undefined variable $survey', 'D:\\bps\\app\\Views\\v_home_pengguna.php', 64)
 2 SYSTEMPATH\View\View.php(226): include('D:\\bps\\app\\Views\\v_home_pengguna.php')
 3 SYSTEMPATH\View\View.php(229): CodeIgniter\View\View->CodeIgniter\View\{closure}()
 4 SYSTEMPATH\Common.php(1188): CodeIgniter\View\View->render('v_home_pengguna', [], true)
 5 APPPATH\Controllers\Pengguna.php(78): view('v_home_pengguna', [...])
 6 SYSTEMPATH\CodeIgniter.php(919): App\Controllers\Pengguna->index()
 7 SYSTEMPATH\CodeIgniter.php(494): CodeIgniter\CodeIgniter->runController(Object(App\Controllers\Pengguna))
 8 SYSTEMPATH\CodeIgniter.php(353): CodeIgniter\CodeIgniter->handleRequest(null, Object(Config\Cache), false)
 9 FCPATH\index.php(79): CodeIgniter\CodeIgniter->run()
10 SYSTEMPATH\Commands\Server\rewrite.php(47): require_once('D:\\bps\\public\\index.php')
INFO - 2025-02-19 15:40:22 --> Session: Class initialized using 'CodeIgniter\Session\Handlers\FileHandler' driver.
INFO - 2025-02-19 15:40:28 --> Session: Class initialized using 'CodeIgniter\Session\Handlers\FileHandler' driver.
CRITICAL - 2025-02-19 15:40:28 --> Undefined variable $survey
in APPPATH\Views\v_home_pengguna.php on line 64.
 1 APPPATH\Views\v_home_pengguna.php(64): CodeIgniter\Debug\Exceptions->errorHandler(2, 'Undefined variable $survey', 'D:\\bps\\app\\Views\\v_home_pengguna.php', 64)
 2 SYSTEMPATH\View\View.php(226): include('D:\\bps\\app\\Views\\v_home_pengguna.php')
 3 SYSTEMPATH\View\View.php(229): CodeIgniter\View\View->CodeIgniter\View\{closure}()
 4 SYSTEMPATH\Common.php(1188): CodeIgniter\View\View->render('v_home_pengguna', [], true)
 5 APPPATH\Controllers\Pengguna.php(78): view('v_home_pengguna', [...])
 6 SYSTEMPATH\CodeIgniter.php(919): App\Controllers\Pengguna->index()
 7 SYSTEMPATH\CodeIgniter.php(494): CodeIgniter\CodeIgniter->runController(Object(App\Controllers\Pengguna))
 8 SYSTEMPATH\CodeIgniter.php(353): CodeIgniter\CodeIgniter->handleRequest(null, Object(Config\Cache), false)
 9 FCPATH\index.php(79): CodeIgniter\CodeIgniter->run()
10 SYSTEMPATH\Commands\Server\rewrite.php(47): require_once('D:\\bps\\public\\index.php')
