CRITICAL - 2023-10-03 01:45:08 --> Allowed memory size of 536870912 bytes exhausted (tried to allocate 4096 bytes)
in APPPATH\Controllers\Login.php on line 10.
 1 [internal function]: CodeIgniter\Debug\Exceptions->shutdownHandler()
CRITICAL - 2023-10-03 01:47:41 --> Allowed memory size of 536870912 bytes exhausted (tried to allocate 4096 bytes)
in APPPATH\Controllers\Login.php on line 10.
 1 [internal function]: CodeIgniter\Debug\Exceptions->shutdownHandler()
CRITICAL - 2023-10-03 01:50:01 --> Allowed memory size of 2147483648 bytes exhausted (tried to allocate 262144 bytes)
in APPPATH\Controllers\Login.php on line 10.
 1 [internal function]: CodeIgniter\Debug\Exceptions->shutdownHandler()
CRITICAL - 2023-10-03 01:50:09 --> Allowed memory size of 2147483648 bytes exhausted (tried to allocate 262144 bytes)
in APPPATH\Controllers\Login.php on line 10.
 1 [internal function]: CodeIgniter\Debug\Exceptions->shutdownHandler()
CRITICAL - 2023-10-03 01:50:32 --> Allowed memory size of 2147483648 bytes exhausted (tried to allocate 262144 bytes)
in APPPATH\Controllers\Login.php on line 10.
 1 [internal function]: CodeIgniter\Debug\Exceptions->shutdownHandler()
CRITICAL - 2023-10-03 01:59:01 --> Undefined variable $validasi
in APPPATH\Views\v_login.php on line 41.
 1 APPPATH\Views\v_login.php(41): CodeIgniter\Debug\Exceptions->errorHandler(2, 'Undefined variable $validasi', 'C:\\xampp\\htdocs\\webdesa\\app\\Views\\v_login.php', 41)
 2 SYSTEMPATH\View\View.php(226): include('C:\\xampp\\htdocs\\webdesa\\app\\Views\\v_login.php')
 3 SYSTEMPATH\View\View.php(229): CodeIgniter\View\View->CodeIgniter\View\{closure}()
 4 SYSTEMPATH\Common.php(1188): CodeIgniter\View\View->render('v_login', [], true)
 5 APPPATH\Controllers\Login.php(13): view('v_login', [...])
 6 SYSTEMPATH\CodeIgniter.php(919): App\Controllers\Login->index()
 7 SYSTEMPATH\CodeIgniter.php(494): CodeIgniter\CodeIgniter->runController(Object(App\Controllers\Login))
 8 SYSTEMPATH\CodeIgniter.php(353): CodeIgniter\CodeIgniter->handleRequest(null, Object(Config\Cache), false)
 9 FCPATH\index.php(79): CodeIgniter\CodeIgniter->run()
