CRITICAL - 2023-11-17 03:55:44 --> Undefined variable $item
in APPPATH\Views\v_home.php on line 38.
 1 APPPATH\Views\v_home.php(38): CodeIgniter\Debug\Exceptions->errorHandler(2, 'Undefined variable $item', 'C:\\xampp\\htdocs\\webdesa\\app\\Views\\v_home.php', 38)
 2 SYSTEMPATH\View\View.php(226): include('C:\\xampp\\htdocs\\webdesa\\app\\Views\\v_home.php')
 3 SYSTEMPATH\View\View.php(229): CodeIgniter\View\View->CodeIgniter\View\{closure}()
 4 SYSTEMPATH\Common.php(1188): CodeIgniter\View\View->render('v_home', [], true)
 5 APPPATH\Views\v_front_end.php(69): view('v_home')
 6 SYSTEMPATH\View\View.php(226): include('C:\\xampp\\htdocs\\webdesa\\app\\Views\\v_front_end.php')
 7 SYSTEMPATH\View\View.php(229): CodeIgniter\View\View->CodeIgniter\View\{closure}()
 8 SYSTEMPATH\Common.php(1188): CodeIgniter\View\View->render('v_front_end', [], true)
 9 APPPATH\Controllers\Home.php(13): view('v_front_end', [...])
10 SYSTEMPATH\CodeIgniter.php(919): App\Controllers\Home->index()
11 SYSTEMPATH\CodeIgniter.php(494): CodeIgniter\CodeIgniter->runController(Object(App\Controllers\Home))
12 SYSTEMPATH\CodeIgniter.php(353): CodeIgniter\CodeIgniter->handleRequest(null, Object(Config\Cache), false)
13 FCPATH\index.php(79): CodeIgniter\CodeIgniter->run()
14 SYSTEMPATH\Commands\Server\rewrite.php(47): require_once('C:\\xampp\\htdocs\\webdesa\\public\\index.php')
CRITICAL - 2023-11-17 03:56:15 --> Undefined variable $item
in APPPATH\Views\v_home.php on line 40.
 1 APPPATH\Views\v_home.php(40): CodeIgniter\Debug\Exceptions->errorHandler(2, 'Undefined variable $item', 'C:\\xampp\\htdocs\\webdesa\\app\\Views\\v_home.php', 40)
 2 SYSTEMPATH\View\View.php(226): include('C:\\xampp\\htdocs\\webdesa\\app\\Views\\v_home.php')
 3 SYSTEMPATH\View\View.php(229): CodeIgniter\View\View->CodeIgniter\View\{closure}()
 4 SYSTEMPATH\Common.php(1188): CodeIgniter\View\View->render('v_home', [], true)
 5 APPPATH\Views\v_front_end.php(69): view('v_home')
 6 SYSTEMPATH\View\View.php(226): include('C:\\xampp\\htdocs\\webdesa\\app\\Views\\v_front_end.php')
 7 SYSTEMPATH\View\View.php(229): CodeIgniter\View\View->CodeIgniter\View\{closure}()
 8 SYSTEMPATH\Common.php(1188): CodeIgniter\View\View->render('v_front_end', [], true)
 9 APPPATH\Controllers\Home.php(13): view('v_front_end', [...])
10 SYSTEMPATH\CodeIgniter.php(919): App\Controllers\Home->index()
11 SYSTEMPATH\CodeIgniter.php(494): CodeIgniter\CodeIgniter->runController(Object(App\Controllers\Home))
12 SYSTEMPATH\CodeIgniter.php(353): CodeIgniter\CodeIgniter->handleRequest(null, Object(Config\Cache), false)
13 FCPATH\index.php(79): CodeIgniter\CodeIgniter->run()
14 SYSTEMPATH\Commands\Server\rewrite.php(47): require_once('C:\\xampp\\htdocs\\webdesa\\public\\index.php')
CRITICAL - 2023-11-17 04:09:08 --> Undefined variable $page
in APPPATH\Views\v_front_end.php on line 68.
 1 APPPATH\Views\v_front_end.php(68): CodeIgniter\Debug\Exceptions->errorHandler(2, 'Undefined variable $page', 'C:\\xampp\\htdocs\\webdesa\\app\\Views\\v_front_end.php', 68)
 2 SYSTEMPATH\View\View.php(226): include('C:\\xampp\\htdocs\\webdesa\\app\\Views\\v_front_end.php')
 3 SYSTEMPATH\View\View.php(229): CodeIgniter\View\View->CodeIgniter\View\{closure}()
 4 SYSTEMPATH\Common.php(1188): CodeIgniter\View\View->render('v_front_end', [], true)
 5 APPPATH\Controllers\Home.php(20): view('v_front_end', [...])
 6 SYSTEMPATH\CodeIgniter.php(919): App\Controllers\Home->index()
 7 SYSTEMPATH\CodeIgniter.php(494): CodeIgniter\CodeIgniter->runController(Object(App\Controllers\Home))
 8 SYSTEMPATH\CodeIgniter.php(353): CodeIgniter\CodeIgniter->handleRequest(null, Object(Config\Cache), false)
 9 FCPATH\index.php(79): CodeIgniter\CodeIgniter->run()
10 SYSTEMPATH\Commands\Server\rewrite.php(47): require_once('C:\\xampp\\htdocs\\webdesa\\public\\index.php')
CRITICAL - 2023-11-17 04:10:46 --> Undefined variable $page
in APPPATH\Views\v_front_end.php on line 68.
 1 APPPATH\Views\v_front_end.php(68): CodeIgniter\Debug\Exceptions->errorHandler(2, 'Undefined variable $page', 'C:\\xampp\\htdocs\\webdesa\\app\\Views\\v_front_end.php', 68)
 2 SYSTEMPATH\View\View.php(226): include('C:\\xampp\\htdocs\\webdesa\\app\\Views\\v_front_end.php')
 3 SYSTEMPATH\View\View.php(229): CodeIgniter\View\View->CodeIgniter\View\{closure}()
 4 SYSTEMPATH\Common.php(1188): CodeIgniter\View\View->render('v_front_end', [], true)
 5 APPPATH\Controllers\Home.php(20): view('v_front_end', [...])
 6 SYSTEMPATH\CodeIgniter.php(919): App\Controllers\Home->index()
 7 SYSTEMPATH\CodeIgniter.php(494): CodeIgniter\CodeIgniter->runController(Object(App\Controllers\Home))
 8 SYSTEMPATH\CodeIgniter.php(353): CodeIgniter\CodeIgniter->handleRequest(null, Object(Config\Cache), false)
 9 FCPATH\index.php(79): CodeIgniter\CodeIgniter->run()
10 SYSTEMPATH\Commands\Server\rewrite.php(47): require_once('C:\\xampp\\htdocs\\webdesa\\public\\index.php')
INFO - 2023-11-17 04:11:34 --> Session: Class initialized using 'CodeIgniter\Session\Handlers\FileHandler' driver.
CRITICAL - 2023-11-17 04:22:12 --> Undefined variable $berita
in APPPATH\Views\v_home.php on line 35.
 1 APPPATH\Views\v_home.php(35): CodeIgniter\Debug\Exceptions->errorHandler(2, 'Undefined variable $berita', 'C:\\xampp\\htdocs\\webdesa\\app\\Views\\v_home.php', 35)
 2 SYSTEMPATH\View\View.php(226): include('C:\\xampp\\htdocs\\webdesa\\app\\Views\\v_home.php')
 3 SYSTEMPATH\View\View.php(229): CodeIgniter\View\View->CodeIgniter\View\{closure}()
 4 SYSTEMPATH\Common.php(1188): CodeIgniter\View\View->render('v_home', [], true)
 5 APPPATH\Views\v_front_end.php(69): view('v_home')
 6 SYSTEMPATH\View\View.php(226): include('C:\\xampp\\htdocs\\webdesa\\app\\Views\\v_front_end.php')
 7 SYSTEMPATH\View\View.php(229): CodeIgniter\View\View->CodeIgniter\View\{closure}()
 8 SYSTEMPATH\Common.php(1188): CodeIgniter\View\View->render('v_front_end', [], true)
 9 APPPATH\Controllers\Home.php(13): view('v_front_end', [...])
10 SYSTEMPATH\CodeIgniter.php(919): App\Controllers\Home->index()
11 SYSTEMPATH\CodeIgniter.php(494): CodeIgniter\CodeIgniter->runController(Object(App\Controllers\Home))
12 SYSTEMPATH\CodeIgniter.php(353): CodeIgniter\CodeIgniter->handleRequest(null, Object(Config\Cache), false)
13 FCPATH\index.php(79): CodeIgniter\CodeIgniter->run()
CRITICAL - 2023-11-17 04:24:33 --> Invalid file: "v_home_berita.php"
in SYSTEMPATH\Exceptions\FrameworkException.php on line 39.
 1 SYSTEMPATH\View\View.php(214): CodeIgniter\Exceptions\FrameworkException::forInvalidFile('v_home_berita.php')
 2 SYSTEMPATH\Common.php(1188): CodeIgniter\View\View->render('v_home_berita', [], true)
 3 APPPATH\Controllers\Home.php(13): view('v_home_berita', [...])
 4 SYSTEMPATH\CodeIgniter.php(919): App\Controllers\Home->index()
 5 SYSTEMPATH\CodeIgniter.php(494): CodeIgniter\CodeIgniter->runController(Object(App\Controllers\Home))
 6 SYSTEMPATH\CodeIgniter.php(353): CodeIgniter\CodeIgniter->handleRequest(null, Object(Config\Cache), false)
 7 FCPATH\index.php(79): CodeIgniter\CodeIgniter->run()
CRITICAL - 2023-11-17 04:29:02 --> Undefined variable $berita
in APPPATH\Views\v_home.php on line 35.
 1 APPPATH\Views\v_home.php(35): CodeIgniter\Debug\Exceptions->errorHandler(2, 'Undefined variable $berita', 'C:\\xampp\\htdocs\\webdesa\\app\\Views\\v_home.php', 35)
 2 SYSTEMPATH\View\View.php(226): include('C:\\xampp\\htdocs\\webdesa\\app\\Views\\v_home.php')
 3 SYSTEMPATH\View\View.php(229): CodeIgniter\View\View->CodeIgniter\View\{closure}()
 4 SYSTEMPATH\Common.php(1188): CodeIgniter\View\View->render('v_home', [], true)
 5 APPPATH\Controllers\Home.php(13): view('v_home', [...])
 6 SYSTEMPATH\CodeIgniter.php(919): App\Controllers\Home->index()
 7 SYSTEMPATH\CodeIgniter.php(494): CodeIgniter\CodeIgniter->runController(Object(App\Controllers\Home))
 8 SYSTEMPATH\CodeIgniter.php(353): CodeIgniter\CodeIgniter->handleRequest(null, Object(Config\Cache), false)
 9 FCPATH\index.php(79): CodeIgniter\CodeIgniter->run()
CRITICAL - 2023-11-17 04:31:23 --> Undefined variable $data
in APPPATH\Views\v_home.php on line 35.
 1 APPPATH\Views\v_home.php(35): CodeIgniter\Debug\Exceptions->errorHandler(2, 'Undefined variable $data', 'C:\\xampp\\htdocs\\webdesa\\app\\Views\\v_home.php', 35)
 2 SYSTEMPATH\View\View.php(226): include('C:\\xampp\\htdocs\\webdesa\\app\\Views\\v_home.php')
 3 SYSTEMPATH\View\View.php(229): CodeIgniter\View\View->CodeIgniter\View\{closure}()
 4 SYSTEMPATH\Common.php(1188): CodeIgniter\View\View->render('v_home', [], true)
 5 APPPATH\Controllers\Home.php(13): view('v_home', [...])
 6 SYSTEMPATH\CodeIgniter.php(919): App\Controllers\Home->index()
 7 SYSTEMPATH\CodeIgniter.php(494): CodeIgniter\CodeIgniter->runController(Object(App\Controllers\Home))
 8 SYSTEMPATH\CodeIgniter.php(353): CodeIgniter\CodeIgniter->handleRequest(null, Object(Config\Cache), false)
 9 FCPATH\index.php(79): CodeIgniter\CodeIgniter->run()
CRITICAL - 2023-11-17 04:31:25 --> Undefined variable $data
in APPPATH\Views\v_home.php on line 35.
 1 APPPATH\Views\v_home.php(35): CodeIgniter\Debug\Exceptions->errorHandler(2, 'Undefined variable $data', 'C:\\xampp\\htdocs\\webdesa\\app\\Views\\v_home.php', 35)
 2 SYSTEMPATH\View\View.php(226): include('C:\\xampp\\htdocs\\webdesa\\app\\Views\\v_home.php')
 3 SYSTEMPATH\View\View.php(229): CodeIgniter\View\View->CodeIgniter\View\{closure}()
 4 SYSTEMPATH\Common.php(1188): CodeIgniter\View\View->render('v_home', [], true)
 5 APPPATH\Controllers\Home.php(13): view('v_home', [...])
 6 SYSTEMPATH\CodeIgniter.php(919): App\Controllers\Home->index()
 7 SYSTEMPATH\CodeIgniter.php(494): CodeIgniter\CodeIgniter->runController(Object(App\Controllers\Home))
 8 SYSTEMPATH\CodeIgniter.php(353): CodeIgniter\CodeIgniter->handleRequest(null, Object(Config\Cache), false)
 9 FCPATH\index.php(79): CodeIgniter\CodeIgniter->run()
CRITICAL - 2023-11-17 04:32:07 --> Too few arguments to function App\Controllers\Home::index(), 0 passed in C:\xampp\htdocs\webdesa\system\CodeIgniter.php on line 919 and exactly 1 expected
in APPPATH\Controllers\Home.php on line 7.
 1 SYSTEMPATH\CodeIgniter.php(919): App\Controllers\Home->index()
 2 SYSTEMPATH\CodeIgniter.php(494): CodeIgniter\CodeIgniter->runController(Object(App\Controllers\Home))
 3 SYSTEMPATH\CodeIgniter.php(353): CodeIgniter\CodeIgniter->handleRequest(null, Object(Config\Cache), false)
 4 FCPATH\index.php(79): CodeIgniter\CodeIgniter->run()
CRITICAL - 2023-11-17 04:32:08 --> Too few arguments to function App\Controllers\Home::index(), 0 passed in C:\xampp\htdocs\webdesa\system\CodeIgniter.php on line 919 and exactly 1 expected
in APPPATH\Controllers\Home.php on line 7.
 1 SYSTEMPATH\CodeIgniter.php(919): App\Controllers\Home->index()
 2 SYSTEMPATH\CodeIgniter.php(494): CodeIgniter\CodeIgniter->runController(Object(App\Controllers\Home))
 3 SYSTEMPATH\CodeIgniter.php(353): CodeIgniter\CodeIgniter->handleRequest(null, Object(Config\Cache), false)
 4 FCPATH\index.php(79): CodeIgniter\CodeIgniter->run()
CRITICAL - 2023-11-17 04:35:18 --> Undefined variable $berita
in APPPATH\Views\v_home.php on line 35.
 1 APPPATH\Views\v_home.php(35): CodeIgniter\Debug\Exceptions->errorHandler(2, 'Undefined variable $berita', 'C:\\xampp\\htdocs\\webdesa\\app\\Views\\v_home.php', 35)
 2 SYSTEMPATH\View\View.php(226): include('C:\\xampp\\htdocs\\webdesa\\app\\Views\\v_home.php')
 3 SYSTEMPATH\View\View.php(229): CodeIgniter\View\View->CodeIgniter\View\{closure}()
 4 SYSTEMPATH\Common.php(1188): CodeIgniter\View\View->render('v_home', [], true)
 5 APPPATH\Controllers\Home.php(17): view('v_home', [...])
 6 SYSTEMPATH\CodeIgniter.php(919): App\Controllers\Home->index()
 7 SYSTEMPATH\CodeIgniter.php(494): CodeIgniter\CodeIgniter->runController(Object(App\Controllers\Home))
 8 SYSTEMPATH\CodeIgniter.php(353): CodeIgniter\CodeIgniter->handleRequest(null, Object(Config\Cache), false)
 9 FCPATH\index.php(79): CodeIgniter\CodeIgniter->run()
CRITICAL - 2023-11-17 04:41:08 --> Undefined variable $berita
in APPPATH\Views\v_home.php on line 35.
 1 APPPATH\Views\v_home.php(35): CodeIgniter\Debug\Exceptions->errorHandler(2, 'Undefined variable $berita', 'C:\\xampp\\htdocs\\webdesa\\app\\Views\\v_home.php', 35)
 2 SYSTEMPATH\View\View.php(226): include('C:\\xampp\\htdocs\\webdesa\\app\\Views\\v_home.php')
 3 SYSTEMPATH\View\View.php(229): CodeIgniter\View\View->CodeIgniter\View\{closure}()
 4 SYSTEMPATH\Common.php(1188): CodeIgniter\View\View->render('v_home', [], true)
 5 APPPATH\Controllers\Home.php(17): view('v_home', [...])
 6 SYSTEMPATH\CodeIgniter.php(919): App\Controllers\Home->index()
 7 SYSTEMPATH\CodeIgniter.php(494): CodeIgniter\CodeIgniter->runController(Object(App\Controllers\Home))
 8 SYSTEMPATH\CodeIgniter.php(353): CodeIgniter\CodeIgniter->handleRequest(null, Object(Config\Cache), false)
 9 FCPATH\index.php(79): CodeIgniter\CodeIgniter->run()
CRITICAL - 2023-11-17 04:41:47 --> Undefined variable $berita
in APPPATH\Views\v_home.php on line 35.
 1 APPPATH\Views\v_home.php(35): CodeIgniter\Debug\Exceptions->errorHandler(2, 'Undefined variable $berita', 'C:\\xampp\\htdocs\\webdesa\\app\\Views\\v_home.php', 35)
 2 SYSTEMPATH\View\View.php(226): include('C:\\xampp\\htdocs\\webdesa\\app\\Views\\v_home.php')
 3 SYSTEMPATH\View\View.php(229): CodeIgniter\View\View->CodeIgniter\View\{closure}()
 4 SYSTEMPATH\Common.php(1188): CodeIgniter\View\View->render('v_home', [], true)
 5 APPPATH\Controllers\Home.php(17): view('v_home', [...])
 6 SYSTEMPATH\CodeIgniter.php(919): App\Controllers\Home->index()
 7 SYSTEMPATH\CodeIgniter.php(494): CodeIgniter\CodeIgniter->runController(Object(App\Controllers\Home))
 8 SYSTEMPATH\CodeIgniter.php(353): CodeIgniter\CodeIgniter->handleRequest(null, Object(Config\Cache), false)
 9 FCPATH\index.php(79): CodeIgniter\CodeIgniter->run()
CRITICAL - 2023-11-17 04:42:55 --> Too few arguments to function App\Controllers\Home::index(), 0 passed in C:\xampp\htdocs\webdesa\system\CodeIgniter.php on line 919 and exactly 1 expected
in APPPATH\Controllers\Home.php on line 8.
 1 SYSTEMPATH\CodeIgniter.php(919): App\Controllers\Home->index()
 2 SYSTEMPATH\CodeIgniter.php(494): CodeIgniter\CodeIgniter->runController(Object(App\Controllers\Home))
 3 SYSTEMPATH\CodeIgniter.php(353): CodeIgniter\CodeIgniter->handleRequest(null, Object(Config\Cache), false)
 4 FCPATH\index.php(79): CodeIgniter\CodeIgniter->run()
CRITICAL - 2023-11-17 04:45:01 --> Undefined variable $berita
in APPPATH\Views\v_home.php on line 35.
 1 APPPATH\Views\v_home.php(35): CodeIgniter\Debug\Exceptions->errorHandler(2, 'Undefined variable $berita', 'C:\\xampp\\htdocs\\webdesa\\app\\Views\\v_home.php', 35)
 2 SYSTEMPATH\View\View.php(226): include('C:\\xampp\\htdocs\\webdesa\\app\\Views\\v_home.php')
 3 SYSTEMPATH\View\View.php(229): CodeIgniter\View\View->CodeIgniter\View\{closure}()
 4 SYSTEMPATH\Common.php(1188): CodeIgniter\View\View->render('v_home', [], true)
 5 APPPATH\Controllers\Home.php(17): view('v_home', [...])
 6 SYSTEMPATH\CodeIgniter.php(919): App\Controllers\Home->index()
 7 SYSTEMPATH\CodeIgniter.php(494): CodeIgniter\CodeIgniter->runController(Object(App\Controllers\Home))
 8 SYSTEMPATH\CodeIgniter.php(353): CodeIgniter\CodeIgniter->handleRequest(null, Object(Config\Cache), false)
 9 FCPATH\index.php(79): CodeIgniter\CodeIgniter->run()
CRITICAL - 2023-11-17 04:51:51 --> Undefined variable $berita
in APPPATH\Views\v_home.php on line 35.
 1 APPPATH\Views\v_home.php(35): CodeIgniter\Debug\Exceptions->errorHandler(2, 'Undefined variable $berita', 'C:\\xampp\\htdocs\\webdesa\\app\\Views\\v_home.php', 35)
 2 SYSTEMPATH\View\View.php(226): include('C:\\xampp\\htdocs\\webdesa\\app\\Views\\v_home.php')
 3 SYSTEMPATH\View\View.php(229): CodeIgniter\View\View->CodeIgniter\View\{closure}()
 4 SYSTEMPATH\Common.php(1188): CodeIgniter\View\View->render('v_home', [], true)
 5 APPPATH\Controllers\Home.php(17): view('v_home', [...])
 6 SYSTEMPATH\CodeIgniter.php(919): App\Controllers\Home->index()
 7 SYSTEMPATH\CodeIgniter.php(494): CodeIgniter\CodeIgniter->runController(Object(App\Controllers\Home))
 8 SYSTEMPATH\CodeIgniter.php(353): CodeIgniter\CodeIgniter->handleRequest(null, Object(Config\Cache), false)
 9 FCPATH\index.php(79): CodeIgniter\CodeIgniter->run()
CRITICAL - 2023-11-17 05:00:53 --> Undefined variable $data
in APPPATH\Controllers\Home.php on line 21.
 1 APPPATH\Controllers\Home.php(21): CodeIgniter\Debug\Exceptions->errorHandler(2, 'Undefined variable $data', 'C:\\xampp\\htdocs\\webdesa\\app\\Controllers\\Home.php', 21)
 2 SYSTEMPATH\Router\AutoRouter.php(161): include_once('C:\\xampp\\htdocs\\webdesa\\app\\Controllers\\Home.php')
 3 SYSTEMPATH\Router\Router.php(512): CodeIgniter\Router\AutoRouter->getRoute('Home', 'get')
 4 SYSTEMPATH\Router\Router.php(208): CodeIgniter\Router\Router->autoRoute('Home')
 5 SYSTEMPATH\CodeIgniter.php(800): CodeIgniter\Router\Router->handle('Home')
 6 SYSTEMPATH\CodeIgniter.php(442): CodeIgniter\CodeIgniter->tryToRouteIt(Object(CodeIgniter\Router\RouteCollection))
 7 SYSTEMPATH\CodeIgniter.php(353): CodeIgniter\CodeIgniter->handleRequest(null, Object(Config\Cache), false)
 8 FCPATH\index.php(79): CodeIgniter\CodeIgniter->run()
CRITICAL - 2023-11-17 05:02:26 --> Invalid file: "/frontend.php"
in SYSTEMPATH\Exceptions\FrameworkException.php on line 39.
 1 SYSTEMPATH\View\View.php(214): CodeIgniter\Exceptions\FrameworkException::forInvalidFile('/frontend.php')
 2 SYSTEMPATH\Common.php(1188): CodeIgniter\View\View->render('/frontend', [], true)
 3 APPPATH\Controllers\Home.php(5): view('/frontend')
 4 SYSTEMPATH\Router\AutoRouter.php(161): include_once('C:\\xampp\\htdocs\\webdesa\\app\\Controllers\\Home.php')
 5 SYSTEMPATH\Router\Router.php(512): CodeIgniter\Router\AutoRouter->getRoute('Home', 'get')
 6 SYSTEMPATH\Router\Router.php(208): CodeIgniter\Router\Router->autoRoute('Home')
 7 SYSTEMPATH\CodeIgniter.php(800): CodeIgniter\Router\Router->handle('Home')
 8 SYSTEMPATH\CodeIgniter.php(442): CodeIgniter\CodeIgniter->tryToRouteIt(Object(CodeIgniter\Router\RouteCollection))
 9 SYSTEMPATH\CodeIgniter.php(353): CodeIgniter\CodeIgniter->handleRequest(null, Object(Config\Cache), false)
10 FCPATH\index.php(79): CodeIgniter\CodeIgniter->run()
CRITICAL - 2023-11-17 05:03:32 --> Invalid file: "frontend.php"
in SYSTEMPATH\Exceptions\FrameworkException.php on line 39.
 1 SYSTEMPATH\View\View.php(214): CodeIgniter\Exceptions\FrameworkException::forInvalidFile('frontend.php')
 2 SYSTEMPATH\Common.php(1188): CodeIgniter\View\View->render('frontend', [], true)
 3 APPPATH\Controllers\Home.php(5): view('frontend')
 4 SYSTEMPATH\Router\AutoRouter.php(161): include_once('C:\\xampp\\htdocs\\webdesa\\app\\Controllers\\Home.php')
 5 SYSTEMPATH\Router\Router.php(512): CodeIgniter\Router\AutoRouter->getRoute('Home', 'get')
 6 SYSTEMPATH\Router\Router.php(208): CodeIgniter\Router\Router->autoRoute('Home')
 7 SYSTEMPATH\CodeIgniter.php(800): CodeIgniter\Router\Router->handle('Home')
 8 SYSTEMPATH\CodeIgniter.php(442): CodeIgniter\CodeIgniter->tryToRouteIt(Object(CodeIgniter\Router\RouteCollection))
 9 SYSTEMPATH\CodeIgniter.php(353): CodeIgniter\CodeIgniter->handleRequest(null, Object(Config\Cache), false)
10 FCPATH\index.php(79): CodeIgniter\CodeIgniter->run()
