INFO - 2023-11-12 12:32:39 --> Session: Class initialized using 'CodeIgniter\Session\Handlers\FileHandler' driver.
INFO - 2023-11-12 12:32:46 --> Session: Class initialized using 'CodeIgniter\Session\Handlers\FileHandler' driver.
CRITICAL - 2023-11-12 13:05:39 --> Object of class App\Models\M_Berita could not be converted to string
in APPPATH\Controllers\Berita.php on line 56.
 1 SYSTEMPATH\CodeIgniter.php(919): App\Controllers\Berita->update_berita('19')
 2 SYSTEMPATH\CodeIgniter.php(494): CodeIgniter\CodeIgniter->runController(Object(App\Controllers\Berita))
 3 SYSTEMPATH\CodeIgniter.php(353): CodeIgniter\CodeIgniter->handleRequest(null, Object(Config\Cache), false)
 4 FCPATH\index.php(79): CodeIgniter\CodeIgniter->run()
CRITICAL - 2023-11-12 13:22:05 --> Undefined variable $table
in APPPATH\Views\v_data_berita.php on line 273.
 1 APPPATH\Views\v_data_berita.php(273): CodeIgniter\Debug\Exceptions->errorHandler(2, 'Undefined variable $table', 'C:\\xampp\\htdocs\\webdesa\\app\\Views\\v_data_berita.php', 273)
 2 SYSTEMPATH\View\View.php(226): include('C:\\xampp\\htdocs\\webdesa\\app\\Views\\v_data_berita.php')
 3 SYSTEMPATH\View\View.php(229): CodeIgniter\View\View->CodeIgniter\View\{closure}()
 4 SYSTEMPATH\Common.php(1188): CodeIgniter\View\View->render('v_data_berita', [], true)
 5 APPPATH\Controllers\Berita.php(13): view('v_data_berita', [...])
 6 SYSTEMPATH\CodeIgniter.php(919): App\Controllers\Berita->index()
 7 SYSTEMPATH\CodeIgniter.php(494): CodeIgniter\CodeIgniter->runController(Object(App\Controllers\Berita))
 8 SYSTEMPATH\CodeIgniter.php(353): CodeIgniter\CodeIgniter->handleRequest(null, Object(Config\Cache), false)
 9 FCPATH\index.php(79): CodeIgniter\CodeIgniter->run()
CRITICAL - 2023-11-12 13:49:16 --> syntax error, unexpected token ";", expecting "]"
in APPPATH\Models\M_Berita.php on line 51.
 1 SYSTEMPATH\Autoloader\Autoloader.php(285): CodeIgniter\Autoloader\Autoloader->includeFile('C:\\xampp\\htdocs\\webdesa\\app\\Models\\M_Berita.php')
 2 SYSTEMPATH\Autoloader\Autoloader.php(263): CodeIgniter\Autoloader\Autoloader->loadInNamespace('App\\Models\\M_Berita')
 3 APPPATH\Controllers\Berita.php(11): CodeIgniter\Autoloader\Autoloader->loadClass('App\\Models\\M_Berita')
 4 SYSTEMPATH\CodeIgniter.php(919): App\Controllers\Berita->index()
 5 SYSTEMPATH\CodeIgniter.php(494): CodeIgniter\CodeIgniter->runController(Object(App\Controllers\Berita))
 6 SYSTEMPATH\CodeIgniter.php(353): CodeIgniter\CodeIgniter->handleRequest(null, Object(Config\Cache), false)
 7 FCPATH\index.php(79): CodeIgniter\CodeIgniter->run()
CRITICAL - 2023-11-12 13:52:01 --> syntax error, unexpected token ";", expecting "]"
in APPPATH\Models\M_Berita.php on line 49.
 1 SYSTEMPATH\Autoloader\Autoloader.php(285): CodeIgniter\Autoloader\Autoloader->includeFile('C:\\xampp\\htdocs\\webdesa\\app\\Models\\M_Berita.php')
 2 SYSTEMPATH\Autoloader\Autoloader.php(263): CodeIgniter\Autoloader\Autoloader->loadInNamespace('App\\Models\\M_Berita')
 3 APPPATH\Controllers\Berita.php(11): CodeIgniter\Autoloader\Autoloader->loadClass('App\\Models\\M_Berita')
 4 SYSTEMPATH\CodeIgniter.php(919): App\Controllers\Berita->index()
 5 SYSTEMPATH\CodeIgniter.php(494): CodeIgniter\CodeIgniter->runController(Object(App\Controllers\Berita))
 6 SYSTEMPATH\CodeIgniter.php(353): CodeIgniter\CodeIgniter->handleRequest(null, Object(Config\Cache), false)
 7 FCPATH\index.php(79): CodeIgniter\CodeIgniter->run()
CRITICAL - 2023-11-12 13:52:11 --> syntax error, unexpected variable "$gambar", expecting "]"
in APPPATH\Models\M_Berita.php on line 51.
 1 SYSTEMPATH\Autoloader\Autoloader.php(285): CodeIgniter\Autoloader\Autoloader->includeFile('C:\\xampp\\htdocs\\webdesa\\app\\Models\\M_Berita.php')
 2 SYSTEMPATH\Autoloader\Autoloader.php(263): CodeIgniter\Autoloader\Autoloader->loadInNamespace('App\\Models\\M_Berita')
 3 APPPATH\Controllers\Berita.php(11): CodeIgniter\Autoloader\Autoloader->loadClass('App\\Models\\M_Berita')
 4 SYSTEMPATH\CodeIgniter.php(919): App\Controllers\Berita->index()
 5 SYSTEMPATH\CodeIgniter.php(494): CodeIgniter\CodeIgniter->runController(Object(App\Controllers\Berita))
 6 SYSTEMPATH\CodeIgniter.php(353): CodeIgniter\CodeIgniter->handleRequest(null, Object(Config\Cache), false)
 7 FCPATH\index.php(79): CodeIgniter\CodeIgniter->run()
CRITICAL - 2023-11-12 13:53:16 --> syntax error, unexpected token ";", expecting "]"
in APPPATH\Models\M_Berita.php on line 49.
 1 SYSTEMPATH\Autoloader\Autoloader.php(285): CodeIgniter\Autoloader\Autoloader->includeFile('C:\\xampp\\htdocs\\webdesa\\app\\Models\\M_Berita.php')
 2 SYSTEMPATH\Autoloader\Autoloader.php(263): CodeIgniter\Autoloader\Autoloader->loadInNamespace('App\\Models\\M_Berita')
 3 APPPATH\Controllers\Berita.php(11): CodeIgniter\Autoloader\Autoloader->loadClass('App\\Models\\M_Berita')
 4 SYSTEMPATH\CodeIgniter.php(919): App\Controllers\Berita->index()
 5 SYSTEMPATH\CodeIgniter.php(494): CodeIgniter\CodeIgniter->runController(Object(App\Controllers\Berita))
 6 SYSTEMPATH\CodeIgniter.php(353): CodeIgniter\CodeIgniter->handleRequest(null, Object(Config\Cache), false)
 7 FCPATH\index.php(79): CodeIgniter\CodeIgniter->run()
