INFO - 2023-11-11 10:29:42 --> Session: Class initialized using 'CodeIgniter\Session\Handlers\FileHandler' driver.
INFO - 2023-11-11 10:29:49 --> Session: Class initialized using 'CodeIgniter\Session\Handlers\FileHandler' driver.
CRITICAL - 2023-11-11 10:30:38 --> Call to a member function isValid() on null
in APPPATH\Controllers\Berita.php on line 63.
 1 SYSTEMPATH\CodeIgniter.php(919): App\Controllers\Berita->update_berita('18')
 2 SYSTEMPATH\CodeIgniter.php(494): CodeIgniter\CodeIgniter->runController(Object(App\Controllers\Berita))
 3 SYSTEMPATH\CodeIgniter.php(353): CodeIgniter\CodeIgniter->handleRequest(null, Object(Config\Cache), false)
 4 FCPATH\index.php(79): CodeIgniter\CodeIgniter->run()
ERROR - 2023-11-11 10:36:37 --> mysqli_sql_exception: Unknown column 'berita.id' in 'where clause' in C:\xampp\htdocs\webdesa\system\Database\MySQLi\Connection.php:306
Stack trace:
#0 C:\xampp\htdocs\webdesa\system\Database\MySQLi\Connection.php(306): mysqli->query('SELECT *\nFROM `...', 0)
#1 C:\xampp\htdocs\webdesa\system\Database\BaseConnection.php(692): CodeIgniter\Database\MySQLi\Connection->execute('SELECT *\nFROM `...')
#2 C:\xampp\htdocs\webdesa\system\Database\BaseConnection.php(606): CodeIgniter\Database\BaseConnection->simpleQuery('SELECT *\nFROM `...')
#3 C:\xampp\htdocs\webdesa\system\Database\BaseBuilder.php(1615): CodeIgniter\Database\BaseConnection->query('SELECT *\nFROM `...', Array, false)
#4 C:\xampp\htdocs\webdesa\system\Model.php(196): CodeIgniter\Database\BaseBuilder->get()
#5 C:\xampp\htdocs\webdesa\system\BaseModel.php(563): CodeIgniter\Model->doFind(true, '15')
#6 C:\xampp\htdocs\webdesa\app\Models\M_Berita.php(26): CodeIgniter\BaseModel->find('15')
#7 C:\xampp\htdocs\webdesa\app\Controllers\Berita.php(58): App\Models\M_Berita->getBerita('15')
#8 C:\xampp\htdocs\webdesa\system\CodeIgniter.php(919): App\Controllers\Berita->update_berita('15')
#9 C:\xampp\htdocs\webdesa\system\CodeIgniter.php(494): CodeIgniter\CodeIgniter->runController(Object(App\Controllers\Berita))
#10 C:\xampp\htdocs\webdesa\system\CodeIgniter.php(353): CodeIgniter\CodeIgniter->handleRequest(NULL, Object(Config\Cache), false)
#11 C:\xampp\htdocs\webdesa\public\index.php(79): CodeIgniter\CodeIgniter->run()
#12 {main}
CRITICAL - 2023-11-11 10:36:37 --> Unknown column 'berita.id' in 'where clause'
in SYSTEMPATH\Database\BaseConnection.php on line 646.
 1 SYSTEMPATH\Database\BaseBuilder.php(1615): CodeIgniter\Database\BaseConnection->query('SELECT *
FROM `berita`
WHERE `berita`.`id` = :berita.id:', [...], false)
 2 SYSTEMPATH\Model.php(196): CodeIgniter\Database\BaseBuilder->get()
 3 SYSTEMPATH\BaseModel.php(563): CodeIgniter\Model->doFind(true, '15')
 4 APPPATH\Models\M_Berita.php(26): CodeIgniter\BaseModel->find('15')
 5 APPPATH\Controllers\Berita.php(58): App\Models\M_Berita->getBerita('15')
 6 SYSTEMPATH\CodeIgniter.php(919): App\Controllers\Berita->update_berita('15')
 7 SYSTEMPATH\CodeIgniter.php(494): CodeIgniter\CodeIgniter->runController(Object(App\Controllers\Berita))
 8 SYSTEMPATH\CodeIgniter.php(353): CodeIgniter\CodeIgniter->handleRequest(null, Object(Config\Cache), false)
 9 FCPATH\index.php(79): CodeIgniter\CodeIgniter->run()
