INFO - 2023-11-21 03:13:38 --> Session: Class initialized using 'CodeIgniter\Session\Handlers\FileHandler' driver.
INFO - 2023-11-21 03:13:45 --> Session: Class initialized using 'CodeIgniter\Session\Handlers\FileHandler' driver.
INFO - 2023-11-21 04:22:51 --> Session: Class initialized using 'CodeIgniter\Session\Handlers\FileHandler' driver.
INFO - 2023-11-21 04:46:42 --> Session: Class initialized using 'CodeIgniter\Session\Handlers\FileHandler' driver.
INFO - 2023-11-21 13:14:57 --> Session: Class initialized using 'CodeIgniter\Session\Handlers\FileHandler' driver.
INFO - 2023-11-21 13:15:12 --> Session: Class initialized using 'CodeIgniter\Session\Handlers\FileHandler' driver.
INFO - 2023-11-21 13:23:31 --> Session: Class initialized using 'CodeIgniter\Session\Handlers\FileHandler' driver.
INFO - 2023-11-21 13:23:37 --> Session: Class initialized using 'CodeIgniter\Session\Handlers\FileHandler' driver.
INFO - 2023-11-21 13:23:45 --> Session: Class initialized using 'CodeIgniter\Session\Handlers\FileHandler' driver.
INFO - 2023-11-21 13:30:57 --> Session: Class initialized using 'CodeIgniter\Session\Handlers\FileHandler' driver.
INFO - 2023-11-21 13:31:08 --> Session: Class initialized using 'CodeIgniter\Session\Handlers\FileHandler' driver.
INFO - 2023-11-21 13:31:18 --> Session: Class initialized using 'CodeIgniter\Session\Handlers\FileHandler' driver.
CRITICAL - 2023-11-21 13:49:28 --> Undefined variable $berita
in APPPATH\Views\v_data_berita.php on line 101.
 1 APPPATH\Views\v_data_berita.php(101): CodeIgniter\Debug\Exceptions->errorHandler(2, 'Undefined variable $berita', 'C:\\xampp\\htdocs\\webdesa\\app\\Views\\v_data_berita.php', 101)
 2 SYSTEMPATH\View\View.php(226): include('C:\\xampp\\htdocs\\webdesa\\app\\Views\\v_data_berita.php')
 3 SYSTEMPATH\View\View.php(229): CodeIgniter\View\View->CodeIgniter\View\{closure}()
 4 SYSTEMPATH\Common.php(1188): CodeIgniter\View\View->render('v_data_berita', [], true)
 5 APPPATH\Controllers\Berita.php(63): view('v_data_berita', [...])
 6 SYSTEMPATH\CodeIgniter.php(919): App\Controllers\Berita->proses_tambah_berita()
 7 SYSTEMPATH\CodeIgniter.php(494): CodeIgniter\CodeIgniter->runController(Object(App\Controllers\Berita))
 8 SYSTEMPATH\CodeIgniter.php(353): CodeIgniter\CodeIgniter->handleRequest(null, Object(Config\Cache), false)
 9 FCPATH\index.php(79): CodeIgniter\CodeIgniter->run()
CRITICAL - 2023-11-21 13:55:20 --> Undefined variable $berita
in APPPATH\Views\v_data_berita.php on line 101.
 1 APPPATH\Views\v_data_berita.php(101): CodeIgniter\Debug\Exceptions->errorHandler(2, 'Undefined variable $berita', 'C:\\xampp\\htdocs\\webdesa\\app\\Views\\v_data_berita.php', 101)
 2 SYSTEMPATH\View\View.php(226): include('C:\\xampp\\htdocs\\webdesa\\app\\Views\\v_data_berita.php')
 3 SYSTEMPATH\View\View.php(229): CodeIgniter\View\View->CodeIgniter\View\{closure}()
 4 SYSTEMPATH\Common.php(1188): CodeIgniter\View\View->render('v_data_berita', [], true)
 5 APPPATH\Controllers\Berita.php(64): view('v_data_berita', [...])
 6 SYSTEMPATH\CodeIgniter.php(919): App\Controllers\Berita->proses_tambah_berita()
 7 SYSTEMPATH\CodeIgniter.php(494): CodeIgniter\CodeIgniter->runController(Object(App\Controllers\Berita))
 8 SYSTEMPATH\CodeIgniter.php(353): CodeIgniter\CodeIgniter->handleRequest(null, Object(Config\Cache), false)
 9 FCPATH\index.php(79): CodeIgniter\CodeIgniter->run()
CRITICAL - 2023-11-21 14:21:39 --> Undefined variable $berita
in APPPATH\Views\v_data_berita.php on line 101.
 1 APPPATH\Views\v_data_berita.php(101): CodeIgniter\Debug\Exceptions->errorHandler(2, 'Undefined variable $berita', 'C:\\xampp\\htdocs\\webdesa\\app\\Views\\v_data_berita.php', 101)
 2 SYSTEMPATH\View\View.php(226): include('C:\\xampp\\htdocs\\webdesa\\app\\Views\\v_data_berita.php')
 3 SYSTEMPATH\View\View.php(229): CodeIgniter\View\View->CodeIgniter\View\{closure}()
 4 SYSTEMPATH\Common.php(1188): CodeIgniter\View\View->render('v_data_berita', [], true)
 5 APPPATH\Controllers\Berita.php(60): view('v_data_berita', [...])
 6 SYSTEMPATH\CodeIgniter.php(919): App\Controllers\Berita->proses_tambah_berita()
 7 SYSTEMPATH\CodeIgniter.php(494): CodeIgniter\CodeIgniter->runController(Object(App\Controllers\Berita))
 8 SYSTEMPATH\CodeIgniter.php(353): CodeIgniter\CodeIgniter->handleRequest(null, Object(Config\Cache), false)
 9 FCPATH\index.php(79): CodeIgniter\CodeIgniter->run()
CRITICAL - 2023-11-21 14:27:05 --> Undefined variable $berita
in APPPATH\Views\v_data_berita.php on line 132.
 1 APPPATH\Views\v_data_berita.php(132): CodeIgniter\Debug\Exceptions->errorHandler(2, 'Undefined variable $berita', 'C:\\xampp\\htdocs\\webdesa\\app\\Views\\v_data_berita.php', 132)
 2 SYSTEMPATH\View\View.php(226): include('C:\\xampp\\htdocs\\webdesa\\app\\Views\\v_data_berita.php')
 3 SYSTEMPATH\View\View.php(229): CodeIgniter\View\View->CodeIgniter\View\{closure}()
 4 SYSTEMPATH\Common.php(1188): CodeIgniter\View\View->render('v_data_berita', [], true)
 5 APPPATH\Controllers\Berita.php(60): view('v_data_berita', [...])
 6 SYSTEMPATH\CodeIgniter.php(919): App\Controllers\Berita->proses_tambah_berita()
 7 SYSTEMPATH\CodeIgniter.php(494): CodeIgniter\CodeIgniter->runController(Object(App\Controllers\Berita))
 8 SYSTEMPATH\CodeIgniter.php(353): CodeIgniter\CodeIgniter->handleRequest(null, Object(Config\Cache), false)
 9 FCPATH\index.php(79): CodeIgniter\CodeIgniter->run()
CRITICAL - 2023-11-21 14:29:43 --> Undefined variable $berita
in APPPATH\Views\v_data_berita.php on line 136.
 1 APPPATH\Views\v_data_berita.php(136): CodeIgniter\Debug\Exceptions->errorHandler(2, 'Undefined variable $berita', 'C:\\xampp\\htdocs\\webdesa\\app\\Views\\v_data_berita.php', 136)
 2 SYSTEMPATH\View\View.php(226): include('C:\\xampp\\htdocs\\webdesa\\app\\Views\\v_data_berita.php')
 3 SYSTEMPATH\View\View.php(229): CodeIgniter\View\View->CodeIgniter\View\{closure}()
 4 SYSTEMPATH\Common.php(1188): CodeIgniter\View\View->render('v_data_berita', [], true)
 5 APPPATH\Controllers\Berita.php(60): view('v_data_berita', [...])
 6 SYSTEMPATH\CodeIgniter.php(919): App\Controllers\Berita->proses_tambah_berita()
 7 SYSTEMPATH\CodeIgniter.php(494): CodeIgniter\CodeIgniter->runController(Object(App\Controllers\Berita))
 8 SYSTEMPATH\CodeIgniter.php(353): CodeIgniter\CodeIgniter->handleRequest(null, Object(Config\Cache), false)
 9 FCPATH\index.php(79): CodeIgniter\CodeIgniter->run()
CRITICAL - 2023-11-21 14:53:13 --> Call to undefined method App\Models\M_Berita::getBeritaById
in SYSTEMPATH\Model.php on line 873.
 1 APPPATH\Controllers\Berita.php(86): CodeIgniter\Model->__call('getBeritaById', [...])
 2 SYSTEMPATH\CodeIgniter.php(919): App\Controllers\Berita->update_berita('38')
 3 SYSTEMPATH\CodeIgniter.php(494): CodeIgniter\CodeIgniter->runController(Object(App\Controllers\Berita))
 4 SYSTEMPATH\CodeIgniter.php(353): CodeIgniter\CodeIgniter->handleRequest(null, Object(Config\Cache), false)
 5 FCPATH\index.php(79): CodeIgniter\CodeIgniter->run()
INFO - 2023-11-21 15:34:14 --> Session: Class initialized using 'CodeIgniter\Session\Handlers\FileHandler' driver.
INFO - 2023-11-21 15:34:23 --> Session: Class initialized using 'CodeIgniter\Session\Handlers\FileHandler' driver.
