CRITICAL - 2025-02-11 14:33:16 --> Maximum execution time of 60 seconds exceeded
in SYSTEMPATH\Debug\Exceptions.php on line 192.
 1 [internal function]: CodeIgniter\Debug\Exceptions->shutdownHandler()
ERROR - 2025-02-11 15:01:15 --> Error connecting to the database: mysqli_sql_exception: Unknown database 'bpstalaa' in C:\xampp\htdocs\bps\system\Database\MySQLi\Connection.php:184
Stack trace:
#0 C:\xampp\htdocs\bps\system\Database\MySQLi\Connection.php(184): mysqli->real_connect('localhost', 'root', Object(SensitiveParameterValue), 'bpstalaa', 3306, '', 0)
#1 C:\xampp\htdocs\bps\system\Database\BaseConnection.php(391): CodeIgniter\Database\MySQLi\Connection->connect(false)
#2 C:\xampp\htdocs\bps\system\Database\BaseConnection.php(574): CodeIgniter\Database\BaseConnection->initialize()
#3 C:\xampp\htdocs\bps\system\Database\BaseBuilder.php(1615): CodeIgniter\Database\BaseConnection->query('SELECT *\nFROM `...', Array, false)
#4 C:\xampp\htdocs\bps\system\Model.php(237): CodeIgniter\Database\BaseBuilder->get()
#5 C:\xampp\htdocs\bps\system\BaseModel.php(624): CodeIgniter\Model->doFindAll(0, 0)
#6 C:\xampp\htdocs\bps\app\Models\M_Kelas.php(36): CodeIgniter\BaseModel->findAll()
#7 C:\xampp\htdocs\bps\app\Controllers\Home.php(13): App\Models\M_Kelas->getKelas()
#8 C:\xampp\htdocs\bps\system\CodeIgniter.php(919): App\Controllers\Home->index()
#9 C:\xampp\htdocs\bps\system\CodeIgniter.php(494): CodeIgniter\CodeIgniter->runController(Object(App\Controllers\Home))
#10 C:\xampp\htdocs\bps\system\CodeIgniter.php(353): CodeIgniter\CodeIgniter->handleRequest(NULL, Object(Config\Cache), false)
#11 C:\xampp\htdocs\bps\public\index.php(79): CodeIgniter\CodeIgniter->run()
#12 C:\xampp\htdocs\bps\system\Commands\Server\rewrite.php(47): require_once('C:\\xampp\\htdocs...')
#13 {main}

Next CodeIgniter\Database\Exceptions\DatabaseException: Unknown database 'bpstalaa' in C:\xampp\htdocs\bps\system\Database\MySQLi\Connection.php:229
Stack trace:
#0 C:\xampp\htdocs\bps\system\Database\BaseConnection.php(391): CodeIgniter\Database\MySQLi\Connection->connect(false)
#1 C:\xampp\htdocs\bps\system\Database\BaseConnection.php(574): CodeIgniter\Database\BaseConnection->initialize()
#2 C:\xampp\htdocs\bps\system\Database\BaseBuilder.php(1615): CodeIgniter\Database\BaseConnection->query('SELECT *\nFROM `...', Array, false)
#3 C:\xampp\htdocs\bps\system\Model.php(237): CodeIgniter\Database\BaseBuilder->get()
#4 C:\xampp\htdocs\bps\system\BaseModel.php(624): CodeIgniter\Model->doFindAll(0, 0)
#5 C:\xampp\htdocs\bps\app\Models\M_Kelas.php(36): CodeIgniter\BaseModel->findAll()
#6 C:\xampp\htdocs\bps\app\Controllers\Home.php(13): App\Models\M_Kelas->getKelas()
#7 C:\xampp\htdocs\bps\system\CodeIgniter.php(919): App\Controllers\Home->index()
#8 C:\xampp\htdocs\bps\system\CodeIgniter.php(494): CodeIgniter\CodeIgniter->runController(Object(App\Controllers\Home))
#9 C:\xampp\htdocs\bps\system\CodeIgniter.php(353): CodeIgniter\CodeIgniter->handleRequest(NULL, Object(Config\Cache), false)
#10 C:\xampp\htdocs\bps\public\index.php(79): CodeIgniter\CodeIgniter->run()
#11 C:\xampp\htdocs\bps\system\Commands\Server\rewrite.php(47): require_once('C:\\xampp\\htdocs...')
#12 {main}
CRITICAL - 2025-02-11 15:01:15 --> Unable to connect to the database.
Main connection [MySQLi]: Unknown database 'bpstalaa'
in SYSTEMPATH\Database\BaseConnection.php on line 427.
 1 SYSTEMPATH\Database\BaseConnection.php(574): CodeIgniter\Database\BaseConnection->initialize()
 2 SYSTEMPATH\Database\BaseBuilder.php(1615): CodeIgniter\Database\BaseConnection->query('SELECT *
FROM `kelas`', [], false)
 3 SYSTEMPATH\Model.php(237): CodeIgniter\Database\BaseBuilder->get()
 4 SYSTEMPATH\BaseModel.php(624): CodeIgniter\Model->doFindAll(0, 0)
 5 APPPATH\Models\M_Kelas.php(36): CodeIgniter\BaseModel->findAll()
 6 APPPATH\Controllers\Home.php(13): App\Models\M_Kelas->getKelas()
 7 SYSTEMPATH\CodeIgniter.php(919): App\Controllers\Home->index()
 8 SYSTEMPATH\CodeIgniter.php(494): CodeIgniter\CodeIgniter->runController(Object(App\Controllers\Home))
 9 SYSTEMPATH\CodeIgniter.php(353): CodeIgniter\CodeIgniter->handleRequest(null, Object(Config\Cache), false)
10 FCPATH\index.php(79): CodeIgniter\CodeIgniter->run()
11 SYSTEMPATH\Commands\Server\rewrite.php(47): require_once('C:\\xampp\\htdocs\\bps\\public\\index.php')
ERROR - 2025-02-11 15:01:33 --> mysqli_sql_exception: Table 'bpstala.kelas' doesn't exist in C:\xampp\htdocs\bps\system\Database\MySQLi\Connection.php:306
Stack trace:
#0 C:\xampp\htdocs\bps\system\Database\MySQLi\Connection.php(306): mysqli->query('SELECT *\nFROM `...', 0)
#1 C:\xampp\htdocs\bps\system\Database\BaseConnection.php(692): CodeIgniter\Database\MySQLi\Connection->execute('SELECT *\nFROM `...')
#2 C:\xampp\htdocs\bps\system\Database\BaseConnection.php(606): CodeIgniter\Database\BaseConnection->simpleQuery('SELECT *\nFROM `...')
#3 C:\xampp\htdocs\bps\system\Database\BaseBuilder.php(1615): CodeIgniter\Database\BaseConnection->query('SELECT *\nFROM `...', Array, false)
#4 C:\xampp\htdocs\bps\system\Model.php(237): CodeIgniter\Database\BaseBuilder->get()
#5 C:\xampp\htdocs\bps\system\BaseModel.php(624): CodeIgniter\Model->doFindAll(0, 0)
#6 C:\xampp\htdocs\bps\app\Models\M_Kelas.php(36): CodeIgniter\BaseModel->findAll()
#7 C:\xampp\htdocs\bps\app\Controllers\Home.php(13): App\Models\M_Kelas->getKelas()
#8 C:\xampp\htdocs\bps\system\CodeIgniter.php(919): App\Controllers\Home->index()
#9 C:\xampp\htdocs\bps\system\CodeIgniter.php(494): CodeIgniter\CodeIgniter->runController(Object(App\Controllers\Home))
#10 C:\xampp\htdocs\bps\system\CodeIgniter.php(353): CodeIgniter\CodeIgniter->handleRequest(NULL, Object(Config\Cache), false)
#11 C:\xampp\htdocs\bps\public\index.php(79): CodeIgniter\CodeIgniter->run()
#12 C:\xampp\htdocs\bps\system\Commands\Server\rewrite.php(47): require_once('C:\\xampp\\htdocs...')
#13 {main}
CRITICAL - 2025-02-11 15:01:33 --> Table 'bpstala.kelas' doesn't exist
in SYSTEMPATH\Database\BaseConnection.php on line 646.
 1 SYSTEMPATH\Database\BaseBuilder.php(1615): CodeIgniter\Database\BaseConnection->query('SELECT *
FROM `kelas`', [], false)
 2 SYSTEMPATH\Model.php(237): CodeIgniter\Database\BaseBuilder->get()
 3 SYSTEMPATH\BaseModel.php(624): CodeIgniter\Model->doFindAll(0, 0)
 4 APPPATH\Models\M_Kelas.php(36): CodeIgniter\BaseModel->findAll()
 5 APPPATH\Controllers\Home.php(13): App\Models\M_Kelas->getKelas()
 6 SYSTEMPATH\CodeIgniter.php(919): App\Controllers\Home->index()
 7 SYSTEMPATH\CodeIgniter.php(494): CodeIgniter\CodeIgniter->runController(Object(App\Controllers\Home))
 8 SYSTEMPATH\CodeIgniter.php(353): CodeIgniter\CodeIgniter->handleRequest(null, Object(Config\Cache), false)
 9 FCPATH\index.php(79): CodeIgniter\CodeIgniter->run()
10 SYSTEMPATH\Commands\Server\rewrite.php(47): require_once('C:\\xampp\\htdocs\\bps\\public\\index.php')
ERROR - 2025-02-11 15:01:34 --> mysqli_sql_exception: Table 'bpstala.kelas' doesn't exist in C:\xampp\htdocs\bps\system\Database\MySQLi\Connection.php:306
Stack trace:
#0 C:\xampp\htdocs\bps\system\Database\MySQLi\Connection.php(306): mysqli->query('SELECT *\nFROM `...', 0)
#1 C:\xampp\htdocs\bps\system\Database\BaseConnection.php(692): CodeIgniter\Database\MySQLi\Connection->execute('SELECT *\nFROM `...')
#2 C:\xampp\htdocs\bps\system\Database\BaseConnection.php(606): CodeIgniter\Database\BaseConnection->simpleQuery('SELECT *\nFROM `...')
#3 C:\xampp\htdocs\bps\system\Database\BaseBuilder.php(1615): CodeIgniter\Database\BaseConnection->query('SELECT *\nFROM `...', Array, false)
#4 C:\xampp\htdocs\bps\system\Model.php(237): CodeIgniter\Database\BaseBuilder->get()
#5 C:\xampp\htdocs\bps\system\BaseModel.php(624): CodeIgniter\Model->doFindAll(0, 0)
#6 C:\xampp\htdocs\bps\app\Models\M_Kelas.php(36): CodeIgniter\BaseModel->findAll()
#7 C:\xampp\htdocs\bps\app\Controllers\Home.php(13): App\Models\M_Kelas->getKelas()
#8 C:\xampp\htdocs\bps\system\CodeIgniter.php(919): App\Controllers\Home->index()
#9 C:\xampp\htdocs\bps\system\CodeIgniter.php(494): CodeIgniter\CodeIgniter->runController(Object(App\Controllers\Home))
#10 C:\xampp\htdocs\bps\system\CodeIgniter.php(353): CodeIgniter\CodeIgniter->handleRequest(NULL, Object(Config\Cache), false)
#11 C:\xampp\htdocs\bps\public\index.php(79): CodeIgniter\CodeIgniter->run()
#12 C:\xampp\htdocs\bps\system\Commands\Server\rewrite.php(47): require_once('C:\\xampp\\htdocs...')
#13 {main}
CRITICAL - 2025-02-11 15:01:34 --> Table 'bpstala.kelas' doesn't exist
in SYSTEMPATH\Database\BaseConnection.php on line 646.
 1 SYSTEMPATH\Database\BaseBuilder.php(1615): CodeIgniter\Database\BaseConnection->query('SELECT *
FROM `kelas`', [], false)
 2 SYSTEMPATH\Model.php(237): CodeIgniter\Database\BaseBuilder->get()
 3 SYSTEMPATH\BaseModel.php(624): CodeIgniter\Model->doFindAll(0, 0)
 4 APPPATH\Models\M_Kelas.php(36): CodeIgniter\BaseModel->findAll()
 5 APPPATH\Controllers\Home.php(13): App\Models\M_Kelas->getKelas()
 6 SYSTEMPATH\CodeIgniter.php(919): App\Controllers\Home->index()
 7 SYSTEMPATH\CodeIgniter.php(494): CodeIgniter\CodeIgniter->runController(Object(App\Controllers\Home))
 8 SYSTEMPATH\CodeIgniter.php(353): CodeIgniter\CodeIgniter->handleRequest(null, Object(Config\Cache), false)
 9 FCPATH\index.php(79): CodeIgniter\CodeIgniter->run()
10 SYSTEMPATH\Commands\Server\rewrite.php(47): require_once('C:\\xampp\\htdocs\\bps\\public\\index.php')
ERROR - 2025-02-11 15:01:35 --> mysqli_sql_exception: Table 'bpstala.kelas' doesn't exist in C:\xampp\htdocs\bps\system\Database\MySQLi\Connection.php:306
Stack trace:
#0 C:\xampp\htdocs\bps\system\Database\MySQLi\Connection.php(306): mysqli->query('SELECT *\nFROM `...', 0)
#1 C:\xampp\htdocs\bps\system\Database\BaseConnection.php(692): CodeIgniter\Database\MySQLi\Connection->execute('SELECT *\nFROM `...')
#2 C:\xampp\htdocs\bps\system\Database\BaseConnection.php(606): CodeIgniter\Database\BaseConnection->simpleQuery('SELECT *\nFROM `...')
#3 C:\xampp\htdocs\bps\system\Database\BaseBuilder.php(1615): CodeIgniter\Database\BaseConnection->query('SELECT *\nFROM `...', Array, false)
#4 C:\xampp\htdocs\bps\system\Model.php(237): CodeIgniter\Database\BaseBuilder->get()
#5 C:\xampp\htdocs\bps\system\BaseModel.php(624): CodeIgniter\Model->doFindAll(0, 0)
#6 C:\xampp\htdocs\bps\app\Models\M_Kelas.php(36): CodeIgniter\BaseModel->findAll()
#7 C:\xampp\htdocs\bps\app\Controllers\Home.php(13): App\Models\M_Kelas->getKelas()
#8 C:\xampp\htdocs\bps\system\CodeIgniter.php(919): App\Controllers\Home->index()
#9 C:\xampp\htdocs\bps\system\CodeIgniter.php(494): CodeIgniter\CodeIgniter->runController(Object(App\Controllers\Home))
#10 C:\xampp\htdocs\bps\system\CodeIgniter.php(353): CodeIgniter\CodeIgniter->handleRequest(NULL, Object(Config\Cache), false)
#11 C:\xampp\htdocs\bps\public\index.php(79): CodeIgniter\CodeIgniter->run()
#12 C:\xampp\htdocs\bps\system\Commands\Server\rewrite.php(47): require_once('C:\\xampp\\htdocs...')
#13 {main}
CRITICAL - 2025-02-11 15:01:35 --> Table 'bpstala.kelas' doesn't exist
in SYSTEMPATH\Database\BaseConnection.php on line 646.
 1 SYSTEMPATH\Database\BaseBuilder.php(1615): CodeIgniter\Database\BaseConnection->query('SELECT *
FROM `kelas`', [], false)
 2 SYSTEMPATH\Model.php(237): CodeIgniter\Database\BaseBuilder->get()
 3 SYSTEMPATH\BaseModel.php(624): CodeIgniter\Model->doFindAll(0, 0)
 4 APPPATH\Models\M_Kelas.php(36): CodeIgniter\BaseModel->findAll()
 5 APPPATH\Controllers\Home.php(13): App\Models\M_Kelas->getKelas()
 6 SYSTEMPATH\CodeIgniter.php(919): App\Controllers\Home->index()
 7 SYSTEMPATH\CodeIgniter.php(494): CodeIgniter\CodeIgniter->runController(Object(App\Controllers\Home))
 8 SYSTEMPATH\CodeIgniter.php(353): CodeIgniter\CodeIgniter->handleRequest(null, Object(Config\Cache), false)
 9 FCPATH\index.php(79): CodeIgniter\CodeIgniter->run()
10 SYSTEMPATH\Commands\Server\rewrite.php(47): require_once('C:\\xampp\\htdocs\\bps\\public\\index.php')
INFO - 2025-02-11 15:17:14 --> Session: Class initialized using 'CodeIgniter\Session\Handlers\FileHandler' driver.
INFO - 2025-02-11 15:17:18 --> Session: Class initialized using 'CodeIgniter\Session\Handlers\FileHandler' driver.
ERROR - 2025-02-11 15:17:22 --> mysqli_sql_exception: Table 'bpsfix.visimisi' doesn't exist in C:\xampp\htdocs\bps\system\Database\MySQLi\Connection.php:306
Stack trace:
#0 C:\xampp\htdocs\bps\system\Database\MySQLi\Connection.php(306): mysqli->query('SELECT *\nFROM `...', 0)
#1 C:\xampp\htdocs\bps\system\Database\BaseConnection.php(692): CodeIgniter\Database\MySQLi\Connection->execute('SELECT *\nFROM `...')
#2 C:\xampp\htdocs\bps\system\Database\BaseConnection.php(606): CodeIgniter\Database\BaseConnection->simpleQuery('SELECT *\nFROM `...')
#3 C:\xampp\htdocs\bps\system\Database\BaseBuilder.php(1615): CodeIgniter\Database\BaseConnection->query('SELECT *\nFROM `...', Array, false)
#4 C:\xampp\htdocs\bps\system\Model.php(196): CodeIgniter\Database\BaseBuilder->get()
#5 C:\xampp\htdocs\bps\system\BaseModel.php(563): CodeIgniter\Model->doFind(true, 1)
#6 C:\xampp\htdocs\bps\app\Models\M_VisiMisi.php(23): CodeIgniter\BaseModel->find(1)
#7 C:\xampp\htdocs\bps\app\Controllers\VisiMisi.php(38): App\Models\M_VisiMisi->getVisiMisi(1)
#8 C:\xampp\htdocs\bps\system\CodeIgniter.php(919): App\Controllers\VisiMisi->tampilvisimisi()
#9 C:\xampp\htdocs\bps\system\CodeIgniter.php(494): CodeIgniter\CodeIgniter->runController(Object(App\Controllers\VisiMisi))
#10 C:\xampp\htdocs\bps\system\CodeIgniter.php(353): CodeIgniter\CodeIgniter->handleRequest(NULL, Object(Config\Cache), false)
#11 C:\xampp\htdocs\bps\public\index.php(79): CodeIgniter\CodeIgniter->run()
#12 C:\xampp\htdocs\bps\system\Commands\Server\rewrite.php(47): require_once('C:\\xampp\\htdocs...')
#13 {main}
CRITICAL - 2025-02-11 15:17:22 --> Table 'bpsfix.visimisi' doesn't exist
in SYSTEMPATH\Database\BaseConnection.php on line 646.
 1 SYSTEMPATH\Database\BaseBuilder.php(1615): CodeIgniter\Database\BaseConnection->query('SELECT *
FROM `visimisi`
WHERE `visimisi`.`idvisimisi` = :visimisi.idvisimisi:', [...], false)
 2 SYSTEMPATH\Model.php(196): CodeIgniter\Database\BaseBuilder->get()
 3 SYSTEMPATH\BaseModel.php(563): CodeIgniter\Model->doFind(true, 1)
 4 APPPATH\Models\M_VisiMisi.php(23): CodeIgniter\BaseModel->find(1)
 5 APPPATH\Controllers\VisiMisi.php(38): App\Models\M_VisiMisi->getVisiMisi(1)
 6 SYSTEMPATH\CodeIgniter.php(919): App\Controllers\VisiMisi->tampilvisimisi()
 7 SYSTEMPATH\CodeIgniter.php(494): CodeIgniter\CodeIgniter->runController(Object(App\Controllers\VisiMisi))
 8 SYSTEMPATH\CodeIgniter.php(353): CodeIgniter\CodeIgniter->handleRequest(null, Object(Config\Cache), false)
 9 FCPATH\index.php(79): CodeIgniter\CodeIgniter->run()
10 SYSTEMPATH\Commands\Server\rewrite.php(47): require_once('C:\\xampp\\htdocs\\bps\\public\\index.php')
INFO - 2025-02-11 15:17:26 --> Session: Class initialized using 'CodeIgniter\Session\Handlers\FileHandler' driver.
INFO - 2025-02-11 15:17:28 --> Session: Class initialized using 'CodeIgniter\Session\Handlers\FileHandler' driver.
INFO - 2025-02-11 15:17:36 --> Session: Class initialized using 'CodeIgniter\Session\Handlers\FileHandler' driver.
INFO - 2025-02-11 15:18:32 --> Session: Class initialized using 'CodeIgniter\Session\Handlers\FileHandler' driver.
INFO - 2025-02-11 15:18:33 --> Session: Class initialized using 'CodeIgniter\Session\Handlers\FileHandler' driver.
INFO - 2025-02-11 15:18:37 --> Session: Class initialized using 'CodeIgniter\Session\Handlers\FileHandler' driver.
INFO - 2025-02-11 15:18:44 --> Session: Class initialized using 'CodeIgniter\Session\Handlers\FileHandler' driver.
CRITICAL - 2025-02-11 15:18:44 --> Undefined array key "kabupaten"
in APPPATH\Views\v_user.php on line 48.
 1 APPPATH\Views\v_user.php(48): CodeIgniter\Debug\Exceptions->errorHandler(2, 'Undefined array key "kabupaten"', 'C:\\xampp\\htdocs\\bps\\app\\Views\\v_user.php', 48)
 2 SYSTEMPATH\View\View.php(226): include('C:\\xampp\\htdocs\\bps\\app\\Views\\v_user.php')
 3 SYSTEMPATH\View\View.php(229): CodeIgniter\View\View->CodeIgniter\View\{closure}()
 4 SYSTEMPATH\Common.php(1188): CodeIgniter\View\View->render('v_user', [], true)
 5 APPPATH\Controllers\KelolaUser.php(48): view('v_user', [...])
 6 SYSTEMPATH\CodeIgniter.php(919): App\Controllers\KelolaUser->index()
 7 SYSTEMPATH\CodeIgniter.php(494): CodeIgniter\CodeIgniter->runController(Object(App\Controllers\KelolaUser))
 8 SYSTEMPATH\CodeIgniter.php(353): CodeIgniter\CodeIgniter->handleRequest(null, Object(Config\Cache), false)
 9 FCPATH\index.php(79): CodeIgniter\CodeIgniter->run()
10 SYSTEMPATH\Commands\Server\rewrite.php(47): require_once('C:\\xampp\\htdocs\\bps\\public\\index.php')
INFO - 2025-02-11 15:20:34 --> Session: Class initialized using 'CodeIgniter\Session\Handlers\FileHandler' driver.
INFO - 2025-02-11 15:22:33 --> Session: Class initialized using 'CodeIgniter\Session\Handlers\FileHandler' driver.
INFO - 2025-02-11 15:22:33 --> Session: Class initialized using 'CodeIgniter\Session\Handlers\FileHandler' driver.
INFO - 2025-02-11 15:22:49 --> Session: Class initialized using 'CodeIgniter\Session\Handlers\FileHandler' driver.
INFO - 2025-02-11 15:22:49 --> Session: Class initialized using 'CodeIgniter\Session\Handlers\FileHandler' driver.
INFO - 2025-02-11 15:23:11 --> Session: Class initialized using 'CodeIgniter\Session\Handlers\FileHandler' driver.
INFO - 2025-02-11 15:23:12 --> Session: Class initialized using 'CodeIgniter\Session\Handlers\FileHandler' driver.
INFO - 2025-02-11 15:24:09 --> Session: Class initialized using 'CodeIgniter\Session\Handlers\FileHandler' driver.
INFO - 2025-02-11 15:24:21 --> Session: Class initialized using 'CodeIgniter\Session\Handlers\FileHandler' driver.
CRITICAL - 2025-02-11 15:25:20 --> Undefined variable $hashedPassword
in APPPATH\Controllers\Akun.php on line 73.
 1 APPPATH\Controllers\Akun.php(73): CodeIgniter\Debug\Exceptions->errorHandler(2, 'Undefined variable $hashedPassword', 'C:\\xampp\\htdocs\\bps\\app\\Controllers\\Akun.php', 73)
 2 SYSTEMPATH\CodeIgniter.php(919): App\Controllers\Akun->register()
 3 SYSTEMPATH\CodeIgniter.php(494): CodeIgniter\CodeIgniter->runController(Object(App\Controllers\Akun))
 4 SYSTEMPATH\CodeIgniter.php(353): CodeIgniter\CodeIgniter->handleRequest(null, Object(Config\Cache), false)
 5 FCPATH\index.php(79): CodeIgniter\CodeIgniter->run()
 6 SYSTEMPATH\Commands\Server\rewrite.php(47): require_once('C:\\xampp\\htdocs\\bps\\public\\index.php')
