INFO - 2023-11-25 13:03:07 --> Session: Class initialized using 'CodeIgniter\Session\Handlers\FileHandler' driver.
INFO - 2023-11-25 13:04:19 --> Session: Class initialized using 'CodeIgniter\Session\Handlers\FileHandler' driver.
INFO - 2023-11-25 13:04:29 --> Session: Class initialized using 'CodeIgniter\Session\Handlers\FileHandler' driver.
INFO - 2023-11-25 13:04:29 --> Session: Class initialized using 'CodeIgniter\Session\Handlers\FileHandler' driver.
INFO - 2023-11-25 13:05:15 --> Session: Class initialized using 'CodeIgniter\Session\Handlers\FileHandler' driver.
INFO - 2023-11-25 13:05:24 --> Session: Class initialized using 'CodeIgniter\Session\Handlers\FileHandler' driver.
INFO - 2023-11-25 13:05:26 --> Session: Class initialized using 'CodeIgniter\Session\Handlers\FileHandler' driver.
INFO - 2023-11-25 13:09:42 --> Session: Class initialized using 'CodeIgniter\Session\Handlers\FileHandler' driver.
INFO - 2023-11-25 13:09:55 --> Session: Class initialized using 'CodeIgniter\Session\Handlers\FileHandler' driver.
INFO - 2023-11-25 13:11:41 --> Session: Class initialized using 'CodeIgniter\Session\Handlers\FileHandler' driver.
INFO - 2023-11-25 13:12:12 --> Session: Class initialized using 'CodeIgniter\Session\Handlers\FileHandler' driver.
INFO - 2023-11-25 13:14:07 --> Session: Class initialized using 'CodeIgniter\Session\Handlers\FileHandler' driver.
INFO - 2023-11-25 13:14:09 --> Session: Class initialized using 'CodeIgniter\Session\Handlers\FileHandler' driver.
INFO - 2023-11-25 13:14:10 --> Session: Class initialized using 'CodeIgniter\Session\Handlers\FileHandler' driver.
INFO - 2023-11-25 13:14:30 --> Session: Class initialized using 'CodeIgniter\Session\Handlers\FileHandler' driver.
INFO - 2023-11-25 13:14:30 --> Session: Class initialized using 'CodeIgniter\Session\Handlers\FileHandler' driver.
INFO - 2023-11-25 13:14:32 --> Session: Class initialized using 'CodeIgniter\Session\Handlers\FileHandler' driver.
INFO - 2023-11-25 13:14:51 --> Session: Class initialized using 'CodeIgniter\Session\Handlers\FileHandler' driver.
INFO - 2023-11-25 13:14:52 --> Session: Class initialized using 'CodeIgniter\Session\Handlers\FileHandler' driver.
INFO - 2023-11-25 13:16:04 --> Session: Class initialized using 'CodeIgniter\Session\Handlers\FileHandler' driver.
INFO - 2023-11-25 13:17:42 --> Session: Class initialized using 'CodeIgniter\Session\Handlers\FileHandler' driver.
INFO - 2023-11-25 13:18:07 --> Session: Class initialized using 'CodeIgniter\Session\Handlers\FileHandler' driver.
INFO - 2023-11-25 13:18:25 --> Session: Class initialized using 'CodeIgniter\Session\Handlers\FileHandler' driver.
INFO - 2023-11-25 13:18:31 --> Session: Class initialized using 'CodeIgniter\Session\Handlers\FileHandler' driver.
INFO - 2023-11-25 13:18:31 --> Session: Class initialized using 'CodeIgniter\Session\Handlers\FileHandler' driver.
INFO - 2023-11-25 13:18:34 --> Session: Class initialized using 'CodeIgniter\Session\Handlers\FileHandler' driver.
INFO - 2023-11-25 13:18:38 --> Session: Class initialized using 'CodeIgniter\Session\Handlers\FileHandler' driver.
INFO - 2023-11-25 13:18:38 --> Session: Class initialized using 'CodeIgniter\Session\Handlers\FileHandler' driver.
INFO - 2023-11-25 13:18:42 --> Session: Class initialized using 'CodeIgniter\Session\Handlers\FileHandler' driver.
INFO - 2023-11-25 13:22:22 --> Session: Class initialized using 'CodeIgniter\Session\Handlers\FileHandler' driver.
INFO - 2023-11-25 13:22:47 --> Session: Class initialized using 'CodeIgniter\Session\Handlers\FileHandler' driver.
INFO - 2023-11-25 13:23:26 --> Session: Class initialized using 'CodeIgniter\Session\Handlers\FileHandler' driver.
CRITICAL - 2023-11-25 13:23:26 --> Undefined array key "id_user"
in APPPATH\Views\v_akun.php on line 51.
 1 APPPATH\Views\v_akun.php(51): CodeIgniter\Debug\Exceptions->errorHandler(2, 'Undefined array key "id_user"', 'C:\\xampp\\htdocs\\webdesa\\app\\Views\\v_akun.php', 51)
 2 SYSTEMPATH\View\View.php(226): include('C:\\xampp\\htdocs\\webdesa\\app\\Views\\v_akun.php')
 3 SYSTEMPATH\View\View.php(229): CodeIgniter\View\View->CodeIgniter\View\{closure}()
 4 SYSTEMPATH\Common.php(1188): CodeIgniter\View\View->render('v_akun', [], true)
 5 APPPATH\Controllers\Akun.php(15): view('v_akun', [...])
 6 SYSTEMPATH\CodeIgniter.php(919): App\Controllers\Akun->index()
 7 SYSTEMPATH\CodeIgniter.php(494): CodeIgniter\CodeIgniter->runController(Object(App\Controllers\Akun))
 8 SYSTEMPATH\CodeIgniter.php(353): CodeIgniter\CodeIgniter->handleRequest(null, Object(Config\Cache), false)
 9 FCPATH\index.php(79): CodeIgniter\CodeIgniter->run()
INFO - 2023-11-25 13:23:47 --> Session: Class initialized using 'CodeIgniter\Session\Handlers\FileHandler' driver.
INFO - 2023-11-25 13:23:50 --> Session: Class initialized using 'CodeIgniter\Session\Handlers\FileHandler' driver.
INFO - 2023-11-25 13:23:50 --> Session: Class initialized using 'CodeIgniter\Session\Handlers\FileHandler' driver.
INFO - 2023-11-25 13:23:53 --> Session: Class initialized using 'CodeIgniter\Session\Handlers\FileHandler' driver.
INFO - 2023-11-25 13:24:42 --> Session: Class initialized using 'CodeIgniter\Session\Handlers\FileHandler' driver.
INFO - 2023-11-25 13:24:42 --> Session: Class initialized using 'CodeIgniter\Session\Handlers\FileHandler' driver.
INFO - 2023-11-25 13:25:02 --> Session: Class initialized using 'CodeIgniter\Session\Handlers\FileHandler' driver.
INFO - 2023-11-25 13:25:02 --> Session: Class initialized using 'CodeIgniter\Session\Handlers\FileHandler' driver.
INFO - 2023-11-25 13:25:23 --> Session: Class initialized using 'CodeIgniter\Session\Handlers\FileHandler' driver.
INFO - 2023-11-25 13:25:23 --> Session: Class initialized using 'CodeIgniter\Session\Handlers\FileHandler' driver.
CRITICAL - 2023-11-25 13:30:47 --> Invalid file: "edit_akun.php"
in SYSTEMPATH\Exceptions\FrameworkException.php on line 39.
 1 SYSTEMPATH\View\View.php(214): CodeIgniter\Exceptions\FrameworkException::forInvalidFile('edit_akun.php')
 2 SYSTEMPATH\Common.php(1188): CodeIgniter\View\View->render('edit_akun', [], true)
 3 APPPATH\Controllers\Akun.php(22): view('edit_akun', [...])
 4 SYSTEMPATH\CodeIgniter.php(919): App\Controllers\Akun->edit('4')
 5 SYSTEMPATH\CodeIgniter.php(494): CodeIgniter\CodeIgniter->runController(Object(App\Controllers\Akun))
 6 SYSTEMPATH\CodeIgniter.php(353): CodeIgniter\CodeIgniter->handleRequest(null, Object(Config\Cache), false)
 7 FCPATH\index.php(79): CodeIgniter\CodeIgniter->run()
CRITICAL - 2023-11-25 13:31:15 --> Invalid file: "edit_akun.php"
in SYSTEMPATH\Exceptions\FrameworkException.php on line 39.
 1 SYSTEMPATH\View\View.php(214): CodeIgniter\Exceptions\FrameworkException::forInvalidFile('edit_akun.php')
 2 SYSTEMPATH\Common.php(1188): CodeIgniter\View\View->render('edit_akun', [], true)
 3 APPPATH\Controllers\Akun.php(22): view('edit_akun', [...])
 4 SYSTEMPATH\CodeIgniter.php(919): App\Controllers\Akun->edit('4')
 5 SYSTEMPATH\CodeIgniter.php(494): CodeIgniter\CodeIgniter->runController(Object(App\Controllers\Akun))
 6 SYSTEMPATH\CodeIgniter.php(353): CodeIgniter\CodeIgniter->handleRequest(null, Object(Config\Cache), false)
 7 FCPATH\index.php(79): CodeIgniter\CodeIgniter->run()
ERROR - 2023-11-25 13:31:22 --> mysqli_sql_exception: Unknown column 'user.id' in 'where clause' in C:\xampp\htdocs\webdesa\system\Database\MySQLi\Connection.php:306
Stack trace:
#0 C:\xampp\htdocs\webdesa\system\Database\MySQLi\Connection.php(306): mysqli->query('SELECT *\nFROM `...', 0)
#1 C:\xampp\htdocs\webdesa\system\Database\BaseConnection.php(692): CodeIgniter\Database\MySQLi\Connection->execute('SELECT *\nFROM `...')
#2 C:\xampp\htdocs\webdesa\system\Database\BaseConnection.php(606): CodeIgniter\Database\BaseConnection->simpleQuery('SELECT *\nFROM `...')
#3 C:\xampp\htdocs\webdesa\system\Database\BaseBuilder.php(1615): CodeIgniter\Database\BaseConnection->query('SELECT *\nFROM `...', Array, false)
#4 C:\xampp\htdocs\webdesa\system\Model.php(196): CodeIgniter\Database\BaseBuilder->get()
#5 C:\xampp\htdocs\webdesa\system\BaseModel.php(563): CodeIgniter\Model->doFind(true, '4')
#6 C:\xampp\htdocs\webdesa\app\Controllers\Akun.php(22): CodeIgniter\BaseModel->find('4')
#7 C:\xampp\htdocs\webdesa\system\CodeIgniter.php(919): App\Controllers\Akun->edit('4')
#8 C:\xampp\htdocs\webdesa\system\CodeIgniter.php(494): CodeIgniter\CodeIgniter->runController(Object(App\Controllers\Akun))
#9 C:\xampp\htdocs\webdesa\system\CodeIgniter.php(353): CodeIgniter\CodeIgniter->handleRequest(NULL, Object(Config\Cache), false)
#10 C:\xampp\htdocs\webdesa\public\index.php(79): CodeIgniter\CodeIgniter->run()
#11 {main}
CRITICAL - 2023-11-25 13:31:22 --> Unknown column 'user.id' in 'where clause'
in SYSTEMPATH\Database\BaseConnection.php on line 646.
 1 SYSTEMPATH\Database\BaseBuilder.php(1615): CodeIgniter\Database\BaseConnection->query('SELECT *
FROM `user`
WHERE `user`.`id` = :user.id:', [...], false)
 2 SYSTEMPATH\Model.php(196): CodeIgniter\Database\BaseBuilder->get()
 3 SYSTEMPATH\BaseModel.php(563): CodeIgniter\Model->doFind(true, '4')
 4 APPPATH\Controllers\Akun.php(22): CodeIgniter\BaseModel->find('4')
 5 SYSTEMPATH\CodeIgniter.php(919): App\Controllers\Akun->edit('4')
 6 SYSTEMPATH\CodeIgniter.php(494): CodeIgniter\CodeIgniter->runController(Object(App\Controllers\Akun))
 7 SYSTEMPATH\CodeIgniter.php(353): CodeIgniter\CodeIgniter->handleRequest(null, Object(Config\Cache), false)
 8 FCPATH\index.php(79): CodeIgniter\CodeIgniter->run()
ERROR - 2023-11-25 13:31:28 --> mysqli_sql_exception: Unknown column 'user.id' in 'where clause' in C:\xampp\htdocs\webdesa\system\Database\MySQLi\Connection.php:306
Stack trace:
#0 C:\xampp\htdocs\webdesa\system\Database\MySQLi\Connection.php(306): mysqli->query('SELECT *\nFROM `...', 0)
#1 C:\xampp\htdocs\webdesa\system\Database\BaseConnection.php(692): CodeIgniter\Database\MySQLi\Connection->execute('SELECT *\nFROM `...')
#2 C:\xampp\htdocs\webdesa\system\Database\BaseConnection.php(606): CodeIgniter\Database\BaseConnection->simpleQuery('SELECT *\nFROM `...')
#3 C:\xampp\htdocs\webdesa\system\Database\BaseBuilder.php(1615): CodeIgniter\Database\BaseConnection->query('SELECT *\nFROM `...', Array, false)
#4 C:\xampp\htdocs\webdesa\system\Model.php(196): CodeIgniter\Database\BaseBuilder->get()
#5 C:\xampp\htdocs\webdesa\system\BaseModel.php(563): CodeIgniter\Model->doFind(true, '4')
#6 C:\xampp\htdocs\webdesa\app\Controllers\Akun.php(22): CodeIgniter\BaseModel->find('4')
#7 C:\xampp\htdocs\webdesa\system\CodeIgniter.php(919): App\Controllers\Akun->edit('4')
#8 C:\xampp\htdocs\webdesa\system\CodeIgniter.php(494): CodeIgniter\CodeIgniter->runController(Object(App\Controllers\Akun))
#9 C:\xampp\htdocs\webdesa\system\CodeIgniter.php(353): CodeIgniter\CodeIgniter->handleRequest(NULL, Object(Config\Cache), false)
#10 C:\xampp\htdocs\webdesa\public\index.php(79): CodeIgniter\CodeIgniter->run()
#11 {main}
CRITICAL - 2023-11-25 13:31:28 --> Unknown column 'user.id' in 'where clause'
in SYSTEMPATH\Database\BaseConnection.php on line 646.
 1 SYSTEMPATH\Database\BaseBuilder.php(1615): CodeIgniter\Database\BaseConnection->query('SELECT *
FROM `user`
WHERE `user`.`id` = :user.id:', [...], false)
 2 SYSTEMPATH\Model.php(196): CodeIgniter\Database\BaseBuilder->get()
 3 SYSTEMPATH\BaseModel.php(563): CodeIgniter\Model->doFind(true, '4')
 4 APPPATH\Controllers\Akun.php(22): CodeIgniter\BaseModel->find('4')
 5 SYSTEMPATH\CodeIgniter.php(919): App\Controllers\Akun->edit('4')
 6 SYSTEMPATH\CodeIgniter.php(494): CodeIgniter\CodeIgniter->runController(Object(App\Controllers\Akun))
 7 SYSTEMPATH\CodeIgniter.php(353): CodeIgniter\CodeIgniter->handleRequest(null, Object(Config\Cache), false)
 8 FCPATH\index.php(79): CodeIgniter\CodeIgniter->run()
INFO - 2023-11-25 13:31:36 --> Session: Class initialized using 'CodeIgniter\Session\Handlers\FileHandler' driver.
CRITICAL - 2023-11-25 13:37:03 --> Invalid file: "pengguna_view.php"
in SYSTEMPATH\Exceptions\FrameworkException.php on line 39.
 1 SYSTEMPATH\View\View.php(214): CodeIgniter\Exceptions\FrameworkException::forInvalidFile('pengguna_view.php')
 2 SYSTEMPATH\Common.php(1188): CodeIgniter\View\View->render('pengguna_view', [], true)
 3 APPPATH\Controllers\Akun.php(16): view('pengguna_view', [...])
 4 SYSTEMPATH\CodeIgniter.php(919): App\Controllers\Akun->edit('4')
 5 SYSTEMPATH\CodeIgniter.php(494): CodeIgniter\CodeIgniter->runController(Object(App\Controllers\Akun))
 6 SYSTEMPATH\CodeIgniter.php(353): CodeIgniter\CodeIgniter->handleRequest(null, Object(Config\Cache), false)
 7 FCPATH\index.php(79): CodeIgniter\CodeIgniter->run()
INFO - 2023-11-25 13:37:29 --> Session: Class initialized using 'CodeIgniter\Session\Handlers\FileHandler' driver.
CRITICAL - 2023-11-25 13:37:29 --> Undefined array key "id_user"
in APPPATH\Views\v_edit_akun.php on line 51.
 1 APPPATH\Views\v_edit_akun.php(51): CodeIgniter\Debug\Exceptions->errorHandler(2, 'Undefined array key "id_user"', 'C:\\xampp\\htdocs\\webdesa\\app\\Views\\v_edit_akun.php', 51)
 2 SYSTEMPATH\View\View.php(226): include('C:\\xampp\\htdocs\\webdesa\\app\\Views\\v_edit_akun.php')
 3 SYSTEMPATH\View\View.php(229): CodeIgniter\View\View->CodeIgniter\View\{closure}()
 4 SYSTEMPATH\Common.php(1188): CodeIgniter\View\View->render('v_edit_akun', [], true)
 5 APPPATH\Controllers\Akun.php(16): view('v_edit_akun', [...])
 6 SYSTEMPATH\CodeIgniter.php(919): App\Controllers\Akun->edit('4')
 7 SYSTEMPATH\CodeIgniter.php(494): CodeIgniter\CodeIgniter->runController(Object(App\Controllers\Akun))
 8 SYSTEMPATH\CodeIgniter.php(353): CodeIgniter\CodeIgniter->handleRequest(null, Object(Config\Cache), false)
 9 FCPATH\index.php(79): CodeIgniter\CodeIgniter->run()
INFO - 2023-11-25 13:40:44 --> Session: Class initialized using 'CodeIgniter\Session\Handlers\FileHandler' driver.
CRITICAL - 2023-11-25 13:40:58 --> Too few arguments to function App\Controllers\Akun::update(), 0 passed in C:\xampp\htdocs\webdesa\system\CodeIgniter.php on line 919 and exactly 1 expected
in APPPATH\Controllers\Akun.php on line 28.
 1 SYSTEMPATH\CodeIgniter.php(919): App\Controllers\Akun->update()
 2 SYSTEMPATH\CodeIgniter.php(494): CodeIgniter\CodeIgniter->runController(Object(App\Controllers\Akun))
 3 SYSTEMPATH\CodeIgniter.php(353): CodeIgniter\CodeIgniter->handleRequest(null, Object(Config\Cache), false)
 4 FCPATH\index.php(79): CodeIgniter\CodeIgniter->run()
CRITICAL - 2023-11-25 13:42:25 --> Too few arguments to function App\Controllers\Akun::update(), 0 passed in C:\xampp\htdocs\webdesa\system\CodeIgniter.php on line 919 and exactly 1 expected
in APPPATH\Controllers\Akun.php on line 28.
 1 SYSTEMPATH\CodeIgniter.php(919): App\Controllers\Akun->update()
 2 SYSTEMPATH\CodeIgniter.php(494): CodeIgniter\CodeIgniter->runController(Object(App\Controllers\Akun))
 3 SYSTEMPATH\CodeIgniter.php(353): CodeIgniter\CodeIgniter->handleRequest(null, Object(Config\Cache), false)
 4 FCPATH\index.php(79): CodeIgniter\CodeIgniter->run()
CRITICAL - 2023-11-25 13:42:26 --> Too few arguments to function App\Controllers\Akun::update(), 0 passed in C:\xampp\htdocs\webdesa\system\CodeIgniter.php on line 919 and exactly 1 expected
in APPPATH\Controllers\Akun.php on line 28.
 1 SYSTEMPATH\CodeIgniter.php(919): App\Controllers\Akun->update()
 2 SYSTEMPATH\CodeIgniter.php(494): CodeIgniter\CodeIgniter->runController(Object(App\Controllers\Akun))
 3 SYSTEMPATH\CodeIgniter.php(353): CodeIgniter\CodeIgniter->handleRequest(null, Object(Config\Cache), false)
 4 FCPATH\index.php(79): CodeIgniter\CodeIgniter->run()
CRITICAL - 2023-11-25 13:42:27 --> Too few arguments to function App\Controllers\Akun::update(), 0 passed in C:\xampp\htdocs\webdesa\system\CodeIgniter.php on line 919 and exactly 1 expected
in APPPATH\Controllers\Akun.php on line 28.
 1 SYSTEMPATH\CodeIgniter.php(919): App\Controllers\Akun->update()
 2 SYSTEMPATH\CodeIgniter.php(494): CodeIgniter\CodeIgniter->runController(Object(App\Controllers\Akun))
 3 SYSTEMPATH\CodeIgniter.php(353): CodeIgniter\CodeIgniter->handleRequest(null, Object(Config\Cache), false)
 4 FCPATH\index.php(79): CodeIgniter\CodeIgniter->run()
CRITICAL - 2023-11-25 13:42:38 --> Too few arguments to function App\Controllers\Akun::update(), 0 passed in C:\xampp\htdocs\webdesa\system\CodeIgniter.php on line 919 and exactly 1 expected
in APPPATH\Controllers\Akun.php on line 28.
 1 SYSTEMPATH\CodeIgniter.php(919): App\Controllers\Akun->update()
 2 SYSTEMPATH\CodeIgniter.php(494): CodeIgniter\CodeIgniter->runController(Object(App\Controllers\Akun))
 3 SYSTEMPATH\CodeIgniter.php(353): CodeIgniter\CodeIgniter->handleRequest(null, Object(Config\Cache), false)
 4 FCPATH\index.php(79): CodeIgniter\CodeIgniter->run()
CRITICAL - 2023-11-25 13:42:39 --> Too few arguments to function App\Controllers\Akun::update(), 0 passed in C:\xampp\htdocs\webdesa\system\CodeIgniter.php on line 919 and exactly 1 expected
in APPPATH\Controllers\Akun.php on line 28.
 1 SYSTEMPATH\CodeIgniter.php(919): App\Controllers\Akun->update()
 2 SYSTEMPATH\CodeIgniter.php(494): CodeIgniter\CodeIgniter->runController(Object(App\Controllers\Akun))
 3 SYSTEMPATH\CodeIgniter.php(353): CodeIgniter\CodeIgniter->handleRequest(null, Object(Config\Cache), false)
 4 FCPATH\index.php(79): CodeIgniter\CodeIgniter->run()
CRITICAL - 2023-11-25 13:42:45 --> Too few arguments to function App\Controllers\Akun::update(), 0 passed in C:\xampp\htdocs\webdesa\system\CodeIgniter.php on line 919 and exactly 1 expected
in APPPATH\Controllers\Akun.php on line 28.
 1 SYSTEMPATH\CodeIgniter.php(919): App\Controllers\Akun->update()
 2 SYSTEMPATH\CodeIgniter.php(494): CodeIgniter\CodeIgniter->runController(Object(App\Controllers\Akun))
 3 SYSTEMPATH\CodeIgniter.php(353): CodeIgniter\CodeIgniter->handleRequest(null, Object(Config\Cache), false)
 4 FCPATH\index.php(79): CodeIgniter\CodeIgniter->run()
CRITICAL - 2023-11-25 13:42:50 --> Too few arguments to function App\Controllers\Akun::update(), 0 passed in C:\xampp\htdocs\webdesa\system\CodeIgniter.php on line 919 and exactly 1 expected
in APPPATH\Controllers\Akun.php on line 28.
 1 SYSTEMPATH\CodeIgniter.php(919): App\Controllers\Akun->update()
 2 SYSTEMPATH\CodeIgniter.php(494): CodeIgniter\CodeIgniter->runController(Object(App\Controllers\Akun))
 3 SYSTEMPATH\CodeIgniter.php(353): CodeIgniter\CodeIgniter->handleRequest(null, Object(Config\Cache), false)
 4 FCPATH\index.php(79): CodeIgniter\CodeIgniter->run()
CRITICAL - 2023-11-25 13:43:51 --> Too few arguments to function App\Controllers\Akun::update(), 0 passed in C:\xampp\htdocs\webdesa\system\CodeIgniter.php on line 919 and exactly 1 expected
in APPPATH\Controllers\Akun.php on line 28.
 1 SYSTEMPATH\CodeIgniter.php(919): App\Controllers\Akun->update()
 2 SYSTEMPATH\CodeIgniter.php(494): CodeIgniter\CodeIgniter->runController(Object(App\Controllers\Akun))
 3 SYSTEMPATH\CodeIgniter.php(353): CodeIgniter\CodeIgniter->handleRequest(null, Object(Config\Cache), false)
 4 FCPATH\index.php(79): CodeIgniter\CodeIgniter->run()
CRITICAL - 2023-11-25 13:43:52 --> Too few arguments to function App\Controllers\Akun::update(), 0 passed in C:\xampp\htdocs\webdesa\system\CodeIgniter.php on line 919 and exactly 1 expected
in APPPATH\Controllers\Akun.php on line 28.
 1 SYSTEMPATH\CodeIgniter.php(919): App\Controllers\Akun->update()
 2 SYSTEMPATH\CodeIgniter.php(494): CodeIgniter\CodeIgniter->runController(Object(App\Controllers\Akun))
 3 SYSTEMPATH\CodeIgniter.php(353): CodeIgniter\CodeIgniter->handleRequest(null, Object(Config\Cache), false)
 4 FCPATH\index.php(79): CodeIgniter\CodeIgniter->run()
CRITICAL - 2023-11-25 13:43:53 --> Too few arguments to function App\Controllers\Akun::update(), 0 passed in C:\xampp\htdocs\webdesa\system\CodeIgniter.php on line 919 and exactly 1 expected
in APPPATH\Controllers\Akun.php on line 28.
 1 SYSTEMPATH\CodeIgniter.php(919): App\Controllers\Akun->update()
 2 SYSTEMPATH\CodeIgniter.php(494): CodeIgniter\CodeIgniter->runController(Object(App\Controllers\Akun))
 3 SYSTEMPATH\CodeIgniter.php(353): CodeIgniter\CodeIgniter->handleRequest(null, Object(Config\Cache), false)
 4 FCPATH\index.php(79): CodeIgniter\CodeIgniter->run()
CRITICAL - 2023-11-25 13:43:53 --> Too few arguments to function App\Controllers\Akun::update(), 0 passed in C:\xampp\htdocs\webdesa\system\CodeIgniter.php on line 919 and exactly 1 expected
in APPPATH\Controllers\Akun.php on line 28.
 1 SYSTEMPATH\CodeIgniter.php(919): App\Controllers\Akun->update()
 2 SYSTEMPATH\CodeIgniter.php(494): CodeIgniter\CodeIgniter->runController(Object(App\Controllers\Akun))
 3 SYSTEMPATH\CodeIgniter.php(353): CodeIgniter\CodeIgniter->handleRequest(null, Object(Config\Cache), false)
 4 FCPATH\index.php(79): CodeIgniter\CodeIgniter->run()
CRITICAL - 2023-11-25 13:44:47 --> Too few arguments to function App\Controllers\Akun::update(), 0 passed in C:\xampp\htdocs\webdesa\system\CodeIgniter.php on line 919 and exactly 1 expected
in APPPATH\Controllers\Akun.php on line 28.
 1 SYSTEMPATH\CodeIgniter.php(919): App\Controllers\Akun->update()
 2 SYSTEMPATH\CodeIgniter.php(494): CodeIgniter\CodeIgniter->runController(Object(App\Controllers\Akun))
 3 SYSTEMPATH\CodeIgniter.php(353): CodeIgniter\CodeIgniter->handleRequest(null, Object(Config\Cache), false)
 4 FCPATH\index.php(79): CodeIgniter\CodeIgniter->run()
CRITICAL - 2023-11-25 13:44:48 --> Too few arguments to function App\Controllers\Akun::update(), 0 passed in C:\xampp\htdocs\webdesa\system\CodeIgniter.php on line 919 and exactly 1 expected
in APPPATH\Controllers\Akun.php on line 28.
 1 SYSTEMPATH\CodeIgniter.php(919): App\Controllers\Akun->update()
 2 SYSTEMPATH\CodeIgniter.php(494): CodeIgniter\CodeIgniter->runController(Object(App\Controllers\Akun))
 3 SYSTEMPATH\CodeIgniter.php(353): CodeIgniter\CodeIgniter->handleRequest(null, Object(Config\Cache), false)
 4 FCPATH\index.php(79): CodeIgniter\CodeIgniter->run()
CRITICAL - 2023-11-25 13:44:48 --> Too few arguments to function App\Controllers\Akun::update(), 0 passed in C:\xampp\htdocs\webdesa\system\CodeIgniter.php on line 919 and exactly 1 expected
in APPPATH\Controllers\Akun.php on line 28.
 1 SYSTEMPATH\CodeIgniter.php(919): App\Controllers\Akun->update()
 2 SYSTEMPATH\CodeIgniter.php(494): CodeIgniter\CodeIgniter->runController(Object(App\Controllers\Akun))
 3 SYSTEMPATH\CodeIgniter.php(353): CodeIgniter\CodeIgniter->handleRequest(null, Object(Config\Cache), false)
 4 FCPATH\index.php(79): CodeIgniter\CodeIgniter->run()
CRITICAL - 2023-11-25 13:44:49 --> Too few arguments to function App\Controllers\Akun::update(), 0 passed in C:\xampp\htdocs\webdesa\system\CodeIgniter.php on line 919 and exactly 1 expected
in APPPATH\Controllers\Akun.php on line 28.
 1 SYSTEMPATH\CodeIgniter.php(919): App\Controllers\Akun->update()
 2 SYSTEMPATH\CodeIgniter.php(494): CodeIgniter\CodeIgniter->runController(Object(App\Controllers\Akun))
 3 SYSTEMPATH\CodeIgniter.php(353): CodeIgniter\CodeIgniter->handleRequest(null, Object(Config\Cache), false)
 4 FCPATH\index.php(79): CodeIgniter\CodeIgniter->run()
CRITICAL - 2023-11-25 13:44:49 --> Too few arguments to function App\Controllers\Akun::update(), 0 passed in C:\xampp\htdocs\webdesa\system\CodeIgniter.php on line 919 and exactly 1 expected
in APPPATH\Controllers\Akun.php on line 28.
 1 SYSTEMPATH\CodeIgniter.php(919): App\Controllers\Akun->update()
 2 SYSTEMPATH\CodeIgniter.php(494): CodeIgniter\CodeIgniter->runController(Object(App\Controllers\Akun))
 3 SYSTEMPATH\CodeIgniter.php(353): CodeIgniter\CodeIgniter->handleRequest(null, Object(Config\Cache), false)
 4 FCPATH\index.php(79): CodeIgniter\CodeIgniter->run()
CRITICAL - 2023-11-25 13:44:49 --> Too few arguments to function App\Controllers\Akun::update(), 0 passed in C:\xampp\htdocs\webdesa\system\CodeIgniter.php on line 919 and exactly 1 expected
in APPPATH\Controllers\Akun.php on line 28.
 1 SYSTEMPATH\CodeIgniter.php(919): App\Controllers\Akun->update()
 2 SYSTEMPATH\CodeIgniter.php(494): CodeIgniter\CodeIgniter->runController(Object(App\Controllers\Akun))
 3 SYSTEMPATH\CodeIgniter.php(353): CodeIgniter\CodeIgniter->handleRequest(null, Object(Config\Cache), false)
 4 FCPATH\index.php(79): CodeIgniter\CodeIgniter->run()
CRITICAL - 2023-11-25 13:44:50 --> Too few arguments to function App\Controllers\Akun::update(), 0 passed in C:\xampp\htdocs\webdesa\system\CodeIgniter.php on line 919 and exactly 1 expected
in APPPATH\Controllers\Akun.php on line 28.
 1 SYSTEMPATH\CodeIgniter.php(919): App\Controllers\Akun->update()
 2 SYSTEMPATH\CodeIgniter.php(494): CodeIgniter\CodeIgniter->runController(Object(App\Controllers\Akun))
 3 SYSTEMPATH\CodeIgniter.php(353): CodeIgniter\CodeIgniter->handleRequest(null, Object(Config\Cache), false)
 4 FCPATH\index.php(79): CodeIgniter\CodeIgniter->run()
CRITICAL - 2023-11-25 13:44:50 --> Too few arguments to function App\Controllers\Akun::update(), 0 passed in C:\xampp\htdocs\webdesa\system\CodeIgniter.php on line 919 and exactly 1 expected
in APPPATH\Controllers\Akun.php on line 28.
 1 SYSTEMPATH\CodeIgniter.php(919): App\Controllers\Akun->update()
 2 SYSTEMPATH\CodeIgniter.php(494): CodeIgniter\CodeIgniter->runController(Object(App\Controllers\Akun))
 3 SYSTEMPATH\CodeIgniter.php(353): CodeIgniter\CodeIgniter->handleRequest(null, Object(Config\Cache), false)
 4 FCPATH\index.php(79): CodeIgniter\CodeIgniter->run()
INFO - 2023-11-25 13:44:56 --> Session: Class initialized using 'CodeIgniter\Session\Handlers\FileHandler' driver.
CRITICAL - 2023-11-25 13:44:56 --> Undefined array key "id_user"
in APPPATH\Views\v_edit_akun.php on line 51.
 1 APPPATH\Views\v_edit_akun.php(51): CodeIgniter\Debug\Exceptions->errorHandler(2, 'Undefined array key "id_user"', 'C:\\xampp\\htdocs\\webdesa\\app\\Views\\v_edit_akun.php', 51)
 2 SYSTEMPATH\View\View.php(226): include('C:\\xampp\\htdocs\\webdesa\\app\\Views\\v_edit_akun.php')
 3 SYSTEMPATH\View\View.php(229): CodeIgniter\View\View->CodeIgniter\View\{closure}()
 4 SYSTEMPATH\Common.php(1188): CodeIgniter\View\View->render('v_edit_akun', [], true)
 5 APPPATH\Controllers\Akun.php(16): view('v_edit_akun', [...])
 6 SYSTEMPATH\CodeIgniter.php(919): App\Controllers\Akun->edit('4')
 7 SYSTEMPATH\CodeIgniter.php(494): CodeIgniter\CodeIgniter->runController(Object(App\Controllers\Akun))
 8 SYSTEMPATH\CodeIgniter.php(353): CodeIgniter\CodeIgniter->handleRequest(null, Object(Config\Cache), false)
 9 FCPATH\index.php(79): CodeIgniter\CodeIgniter->run()
INFO - 2023-11-25 13:44:57 --> Session: Class initialized using 'CodeIgniter\Session\Handlers\FileHandler' driver.
CRITICAL - 2023-11-25 13:44:57 --> Undefined array key "id_user"
in APPPATH\Views\v_edit_akun.php on line 51.
 1 APPPATH\Views\v_edit_akun.php(51): CodeIgniter\Debug\Exceptions->errorHandler(2, 'Undefined array key "id_user"', 'C:\\xampp\\htdocs\\webdesa\\app\\Views\\v_edit_akun.php', 51)
 2 SYSTEMPATH\View\View.php(226): include('C:\\xampp\\htdocs\\webdesa\\app\\Views\\v_edit_akun.php')
 3 SYSTEMPATH\View\View.php(229): CodeIgniter\View\View->CodeIgniter\View\{closure}()
 4 SYSTEMPATH\Common.php(1188): CodeIgniter\View\View->render('v_edit_akun', [], true)
 5 APPPATH\Controllers\Akun.php(16): view('v_edit_akun', [...])
 6 SYSTEMPATH\CodeIgniter.php(919): App\Controllers\Akun->edit('4')
 7 SYSTEMPATH\CodeIgniter.php(494): CodeIgniter\CodeIgniter->runController(Object(App\Controllers\Akun))
 8 SYSTEMPATH\CodeIgniter.php(353): CodeIgniter\CodeIgniter->handleRequest(null, Object(Config\Cache), false)
 9 FCPATH\index.php(79): CodeIgniter\CodeIgniter->run()
INFO - 2023-11-25 13:44:58 --> Session: Class initialized using 'CodeIgniter\Session\Handlers\FileHandler' driver.
CRITICAL - 2023-11-25 13:44:58 --> Undefined array key "id_user"
in APPPATH\Views\v_edit_akun.php on line 51.
 1 APPPATH\Views\v_edit_akun.php(51): CodeIgniter\Debug\Exceptions->errorHandler(2, 'Undefined array key "id_user"', 'C:\\xampp\\htdocs\\webdesa\\app\\Views\\v_edit_akun.php', 51)
 2 SYSTEMPATH\View\View.php(226): include('C:\\xampp\\htdocs\\webdesa\\app\\Views\\v_edit_akun.php')
 3 SYSTEMPATH\View\View.php(229): CodeIgniter\View\View->CodeIgniter\View\{closure}()
 4 SYSTEMPATH\Common.php(1188): CodeIgniter\View\View->render('v_edit_akun', [], true)
 5 APPPATH\Controllers\Akun.php(16): view('v_edit_akun', [...])
 6 SYSTEMPATH\CodeIgniter.php(919): App\Controllers\Akun->edit('4')
 7 SYSTEMPATH\CodeIgniter.php(494): CodeIgniter\CodeIgniter->runController(Object(App\Controllers\Akun))
 8 SYSTEMPATH\CodeIgniter.php(353): CodeIgniter\CodeIgniter->handleRequest(null, Object(Config\Cache), false)
 9 FCPATH\index.php(79): CodeIgniter\CodeIgniter->run()
INFO - 2023-11-25 13:45:16 --> Session: Class initialized using 'CodeIgniter\Session\Handlers\FileHandler' driver.
CRITICAL - 2023-11-25 13:45:16 --> Undefined array key "id_user"
in APPPATH\Views\v_edit_akun.php on line 51.
 1 APPPATH\Views\v_edit_akun.php(51): CodeIgniter\Debug\Exceptions->errorHandler(2, 'Undefined array key "id_user"', 'C:\\xampp\\htdocs\\webdesa\\app\\Views\\v_edit_akun.php', 51)
 2 SYSTEMPATH\View\View.php(226): include('C:\\xampp\\htdocs\\webdesa\\app\\Views\\v_edit_akun.php')
 3 SYSTEMPATH\View\View.php(229): CodeIgniter\View\View->CodeIgniter\View\{closure}()
 4 SYSTEMPATH\Common.php(1188): CodeIgniter\View\View->render('v_edit_akun', [], true)
 5 APPPATH\Controllers\Akun.php(16): view('v_edit_akun', [...])
 6 SYSTEMPATH\CodeIgniter.php(919): App\Controllers\Akun->index()
 7 SYSTEMPATH\CodeIgniter.php(494): CodeIgniter\CodeIgniter->runController(Object(App\Controllers\Akun))
 8 SYSTEMPATH\CodeIgniter.php(353): CodeIgniter\CodeIgniter->handleRequest(null, Object(Config\Cache), false)
 9 FCPATH\index.php(79): CodeIgniter\CodeIgniter->run()
INFO - 2023-11-25 13:45:19 --> Session: Class initialized using 'CodeIgniter\Session\Handlers\FileHandler' driver.
INFO - 2023-11-25 13:45:22 --> Session: Class initialized using 'CodeIgniter\Session\Handlers\FileHandler' driver.
CRITICAL - 2023-11-25 13:45:22 --> Undefined array key "id_user"
in APPPATH\Views\v_edit_akun.php on line 51.
 1 APPPATH\Views\v_edit_akun.php(51): CodeIgniter\Debug\Exceptions->errorHandler(2, 'Undefined array key "id_user"', 'C:\\xampp\\htdocs\\webdesa\\app\\Views\\v_edit_akun.php', 51)
 2 SYSTEMPATH\View\View.php(226): include('C:\\xampp\\htdocs\\webdesa\\app\\Views\\v_edit_akun.php')
 3 SYSTEMPATH\View\View.php(229): CodeIgniter\View\View->CodeIgniter\View\{closure}()
 4 SYSTEMPATH\Common.php(1188): CodeIgniter\View\View->render('v_edit_akun', [], true)
 5 APPPATH\Controllers\Akun.php(16): view('v_edit_akun', [...])
 6 SYSTEMPATH\CodeIgniter.php(919): App\Controllers\Akun->index()
 7 SYSTEMPATH\CodeIgniter.php(494): CodeIgniter\CodeIgniter->runController(Object(App\Controllers\Akun))
 8 SYSTEMPATH\CodeIgniter.php(353): CodeIgniter\CodeIgniter->handleRequest(null, Object(Config\Cache), false)
 9 FCPATH\index.php(79): CodeIgniter\CodeIgniter->run()
CRITICAL - 2023-11-25 13:45:51 --> Invalid file: "v__akun.php"
in SYSTEMPATH\Exceptions\FrameworkException.php on line 39.
 1 SYSTEMPATH\View\View.php(214): CodeIgniter\Exceptions\FrameworkException::forInvalidFile('v__akun.php')
 2 SYSTEMPATH\Common.php(1188): CodeIgniter\View\View->render('v__akun', [], true)
 3 APPPATH\Controllers\Akun.php(16): view('v__akun', [...])
 4 SYSTEMPATH\CodeIgniter.php(919): App\Controllers\Akun->index()
 5 SYSTEMPATH\CodeIgniter.php(494): CodeIgniter\CodeIgniter->runController(Object(App\Controllers\Akun))
 6 SYSTEMPATH\CodeIgniter.php(353): CodeIgniter\CodeIgniter->handleRequest(null, Object(Config\Cache), false)
 7 FCPATH\index.php(79): CodeIgniter\CodeIgniter->run()
INFO - 2023-11-25 13:45:54 --> Session: Class initialized using 'CodeIgniter\Session\Handlers\FileHandler' driver.
INFO - 2023-11-25 13:45:56 --> Session: Class initialized using 'CodeIgniter\Session\Handlers\FileHandler' driver.
INFO - 2023-11-25 13:46:01 --> Session: Class initialized using 'CodeIgniter\Session\Handlers\FileHandler' driver.
CRITICAL - 2023-11-25 13:46:03 --> Invalid file: "updated_pengguna_view.php"
in SYSTEMPATH\Exceptions\FrameworkException.php on line 39.
 1 SYSTEMPATH\View\View.php(214): CodeIgniter\Exceptions\FrameworkException::forInvalidFile('updated_pengguna_view.php')
 2 SYSTEMPATH\Common.php(1188): CodeIgniter\View\View->render('updated_pengguna_view', [], true)
 3 APPPATH\Controllers\Akun.php(44): view('updated_pengguna_view', [...])
 4 SYSTEMPATH\CodeIgniter.php(919): App\Controllers\Akun->update('1')
 5 SYSTEMPATH\CodeIgniter.php(494): CodeIgniter\CodeIgniter->runController(Object(App\Controllers\Akun))
 6 SYSTEMPATH\CodeIgniter.php(353): CodeIgniter\CodeIgniter->handleRequest(null, Object(Config\Cache), false)
 7 FCPATH\index.php(79): CodeIgniter\CodeIgniter->run()
CRITICAL - 2023-11-25 13:46:25 --> Invalid file: "updated_pengguna_view.php"
in SYSTEMPATH\Exceptions\FrameworkException.php on line 39.
 1 SYSTEMPATH\View\View.php(214): CodeIgniter\Exceptions\FrameworkException::forInvalidFile('updated_pengguna_view.php')
 2 SYSTEMPATH\Common.php(1188): CodeIgniter\View\View->render('updated_pengguna_view', [], true)
 3 APPPATH\Controllers\Akun.php(44): view('updated_pengguna_view', [...])
 4 SYSTEMPATH\CodeIgniter.php(919): App\Controllers\Akun->update('1')
 5 SYSTEMPATH\CodeIgniter.php(494): CodeIgniter\CodeIgniter->runController(Object(App\Controllers\Akun))
 6 SYSTEMPATH\CodeIgniter.php(353): CodeIgniter\CodeIgniter->handleRequest(null, Object(Config\Cache), false)
 7 FCPATH\index.php(79): CodeIgniter\CodeIgniter->run()
INFO - 2023-11-25 13:46:53 --> Session: Class initialized using 'CodeIgniter\Session\Handlers\FileHandler' driver.
INFO - 2023-11-25 13:47:17 --> Session: Class initialized using 'CodeIgniter\Session\Handlers\FileHandler' driver.
CRITICAL - 2023-11-25 13:47:49 --> Invalid file: "login.php"
in SYSTEMPATH\Exceptions\FrameworkException.php on line 39.
 1 SYSTEMPATH\View\View.php(214): CodeIgniter\Exceptions\FrameworkException::forInvalidFile('login.php')
 2 SYSTEMPATH\Common.php(1188): CodeIgniter\View\View->render('login', [], true)
 3 APPPATH\Controllers\Akun.php(44): view('login', [...])
 4 SYSTEMPATH\CodeIgniter.php(919): App\Controllers\Akun->update('1')
 5 SYSTEMPATH\CodeIgniter.php(494): CodeIgniter\CodeIgniter->runController(Object(App\Controllers\Akun))
 6 SYSTEMPATH\CodeIgniter.php(353): CodeIgniter\CodeIgniter->handleRequest(null, Object(Config\Cache), false)
 7 FCPATH\index.php(79): CodeIgniter\CodeIgniter->run()
CRITICAL - 2023-11-25 13:48:24 --> Invalid file: "login.php"
in SYSTEMPATH\Exceptions\FrameworkException.php on line 39.
 1 SYSTEMPATH\View\View.php(214): CodeIgniter\Exceptions\FrameworkException::forInvalidFile('login.php')
 2 SYSTEMPATH\Common.php(1188): CodeIgniter\View\View->render('login', [], true)
 3 APPPATH\Controllers\Akun.php(44): view('login', [...])
 4 SYSTEMPATH\CodeIgniter.php(919): App\Controllers\Akun->update('1')
 5 SYSTEMPATH\CodeIgniter.php(494): CodeIgniter\CodeIgniter->runController(Object(App\Controllers\Akun))
 6 SYSTEMPATH\CodeIgniter.php(353): CodeIgniter\CodeIgniter->handleRequest(null, Object(Config\Cache), false)
 7 FCPATH\index.php(79): CodeIgniter\CodeIgniter->run()
CRITICAL - 2023-11-25 13:48:39 --> Cannot redeclare App\Controllers\Akun::update()
in APPPATH\Controllers\Akun.php on line 28.
 1 [internal function]: CodeIgniter\Debug\Exceptions->shutdownHandler()
INFO - 2023-11-25 13:48:47 --> Session: Class initialized using 'CodeIgniter\Session\Handlers\FileHandler' driver.
INFO - 2023-11-25 13:49:53 --> Session: Class initialized using 'CodeIgniter\Session\Handlers\FileHandler' driver.
CRITICAL - 2023-11-25 13:52:26 --> Unclosed '{' on line 9
in APPPATH\Controllers\Akun.php on line 50.
 1 SYSTEMPATH\Router\Router.php(512): CodeIgniter\Router\AutoRouter->getRoute('Akun/update/1', 'post')
 2 SYSTEMPATH\Router\Router.php(208): CodeIgniter\Router\Router->autoRoute('Akun/update/1')
 3 SYSTEMPATH\CodeIgniter.php(800): CodeIgniter\Router\Router->handle('Akun/update/1')
 4 SYSTEMPATH\CodeIgniter.php(442): CodeIgniter\CodeIgniter->tryToRouteIt(Object(CodeIgniter\Router\RouteCollection))
 5 SYSTEMPATH\CodeIgniter.php(353): CodeIgniter\CodeIgniter->handleRequest(null, Object(Config\Cache), false)
 6 FCPATH\index.php(79): CodeIgniter\CodeIgniter->run()
CRITICAL - 2023-11-25 13:52:41 --> Invalid file: "login.php"
in SYSTEMPATH\Exceptions\FrameworkException.php on line 39.
 1 SYSTEMPATH\View\View.php(214): CodeIgniter\Exceptions\FrameworkException::forInvalidFile('login.php')
 2 SYSTEMPATH\Common.php(1188): CodeIgniter\View\View->render('login', [], true)
 3 APPPATH\Controllers\Akun.php(49): view('login', [...])
 4 SYSTEMPATH\CodeIgniter.php(919): App\Controllers\Akun->update('1')
 5 SYSTEMPATH\CodeIgniter.php(494): CodeIgniter\CodeIgniter->runController(Object(App\Controllers\Akun))
 6 SYSTEMPATH\CodeIgniter.php(353): CodeIgniter\CodeIgniter->handleRequest(null, Object(Config\Cache), false)
 7 FCPATH\index.php(79): CodeIgniter\CodeIgniter->run()
CRITICAL - 2023-11-25 13:52:55 --> Cannot redeclare App\Controllers\Akun::update()
in APPPATH\Controllers\Akun.php on line 28.
 1 [internal function]: CodeIgniter\Debug\Exceptions->shutdownHandler()
CRITICAL - 2023-11-25 13:54:04 --> Invalid file: "login.php"
in SYSTEMPATH\Exceptions\FrameworkException.php on line 39.
 1 SYSTEMPATH\View\View.php(214): CodeIgniter\Exceptions\FrameworkException::forInvalidFile('login.php')
 2 SYSTEMPATH\Common.php(1188): CodeIgniter\View\View->render('login', [], true)
 3 APPPATH\Controllers\Akun.php(41): view('login', [...])
 4 SYSTEMPATH\CodeIgniter.php(919): App\Controllers\Akun->update('1')
 5 SYSTEMPATH\CodeIgniter.php(494): CodeIgniter\CodeIgniter->runController(Object(App\Controllers\Akun))
 6 SYSTEMPATH\CodeIgniter.php(353): CodeIgniter\CodeIgniter->handleRequest(null, Object(Config\Cache), false)
 7 FCPATH\index.php(79): CodeIgniter\CodeIgniter->run()
INFO - 2023-11-25 13:54:24 --> Session: Class initialized using 'CodeIgniter\Session\Handlers\FileHandler' driver.
CRITICAL - 2023-11-25 13:54:24 --> Cannot access offset of type string on string
in APPPATH\Views\v_akun.php on line 73.
 1 SYSTEMPATH\View\View.php(226): include()
 2 SYSTEMPATH\View\View.php(229): CodeIgniter\View\View->CodeIgniter\View\{closure}()
 3 SYSTEMPATH\Common.php(1188): CodeIgniter\View\View->render('v_akun', [], true)
 4 APPPATH\Controllers\Akun.php(41): view('v_akun', [...])
 5 SYSTEMPATH\CodeIgniter.php(919): App\Controllers\Akun->update('1')
 6 SYSTEMPATH\CodeIgniter.php(494): CodeIgniter\CodeIgniter->runController(Object(App\Controllers\Akun))
 7 SYSTEMPATH\CodeIgniter.php(353): CodeIgniter\CodeIgniter->handleRequest(null, Object(Config\Cache), false)
 8 FCPATH\index.php(79): CodeIgniter\CodeIgniter->run()
INFO - 2023-11-25 13:56:42 --> Session: Class initialized using 'CodeIgniter\Session\Handlers\FileHandler' driver.
INFO - 2023-11-25 13:56:44 --> Session: Class initialized using 'CodeIgniter\Session\Handlers\FileHandler' driver.
INFO - 2023-11-25 13:56:46 --> Session: Class initialized using 'CodeIgniter\Session\Handlers\FileHandler' driver.
INFO - 2023-11-25 13:56:53 --> Session: Class initialized using 'CodeIgniter\Session\Handlers\FileHandler' driver.
INFO - 2023-11-25 13:57:06 --> Session: Class initialized using 'CodeIgniter\Session\Handlers\FileHandler' driver.
INFO - 2023-11-25 13:57:08 --> Session: Class initialized using 'CodeIgniter\Session\Handlers\FileHandler' driver.
INFO - 2023-11-25 14:06:40 --> Session: Class initialized using 'CodeIgniter\Session\Handlers\FileHandler' driver.
INFO - 2023-11-25 14:06:43 --> Session: Class initialized using 'CodeIgniter\Session\Handlers\FileHandler' driver.
CRITICAL - 2023-11-25 14:06:50 --> Call to undefined method CodeIgniter\Database\MySQLi\Connection::where()
in APPPATH\Models\M_Akun.php on line 30.
 1 APPPATH\Controllers\Akun.php(36): App\Models\M_Akun->updateUserData('1', [...])
 2 SYSTEMPATH\CodeIgniter.php(919): App\Controllers\Akun->update('1')
 3 SYSTEMPATH\CodeIgniter.php(494): CodeIgniter\CodeIgniter->runController(Object(App\Controllers\Akun))
 4 SYSTEMPATH\CodeIgniter.php(353): CodeIgniter\CodeIgniter->handleRequest(null, Object(Config\Cache), false)
 5 FCPATH\index.php(79): CodeIgniter\CodeIgniter->run()
CRITICAL - 2023-11-25 14:07:57 --> Call to undefined method CodeIgniter\Database\MySQLi\Connection::set()
in APPPATH\Models\M_Akun.php on line 30.
 1 APPPATH\Controllers\Akun.php(36): App\Models\M_Akun->updateUserData('1', [...])
 2 SYSTEMPATH\CodeIgniter.php(919): App\Controllers\Akun->update('1')
 3 SYSTEMPATH\CodeIgniter.php(494): CodeIgniter\CodeIgniter->runController(Object(App\Controllers\Akun))
 4 SYSTEMPATH\CodeIgniter.php(353): CodeIgniter\CodeIgniter->handleRequest(null, Object(Config\Cache), false)
 5 FCPATH\index.php(79): CodeIgniter\CodeIgniter->run()
CRITICAL - 2023-11-25 14:08:33 --> Call to undefined method CodeIgniter\Database\MySQLi\Connection::where()
in APPPATH\Models\M_Akun.php on line 32.
 1 APPPATH\Controllers\Akun.php(36): App\Models\M_Akun->updateUserData('1', [...])
 2 SYSTEMPATH\CodeIgniter.php(919): App\Controllers\Akun->update('1')
 3 SYSTEMPATH\CodeIgniter.php(494): CodeIgniter\CodeIgniter->runController(Object(App\Controllers\Akun))
 4 SYSTEMPATH\CodeIgniter.php(353): CodeIgniter\CodeIgniter->handleRequest(null, Object(Config\Cache), false)
 5 FCPATH\index.php(79): CodeIgniter\CodeIgniter->run()
CRITICAL - 2023-11-25 14:09:55 --> Call to undefined method CodeIgniter\Database\MySQLi\Connection::where()
in APPPATH\Models\M_Akun.php on line 32.
 1 APPPATH\Controllers\Akun.php(36): App\Models\M_Akun->updateUserData('1', [...])
 2 SYSTEMPATH\CodeIgniter.php(919): App\Controllers\Akun->update('1')
 3 SYSTEMPATH\CodeIgniter.php(494): CodeIgniter\CodeIgniter->runController(Object(App\Controllers\Akun))
 4 SYSTEMPATH\CodeIgniter.php(353): CodeIgniter\CodeIgniter->handleRequest(null, Object(Config\Cache), false)
 5 FCPATH\index.php(79): CodeIgniter\CodeIgniter->run()
CRITICAL - 2023-11-25 14:10:11 --> Call to undefined method CodeIgniter\Database\MySQLi\Connection::update()
in APPPATH\Models\M_Akun.php on line 33.
 1 APPPATH\Controllers\Akun.php(36): App\Models\M_Akun->updateUserData('1', [...])
 2 SYSTEMPATH\CodeIgniter.php(919): App\Controllers\Akun->update('1')
 3 SYSTEMPATH\CodeIgniter.php(494): CodeIgniter\CodeIgniter->runController(Object(App\Controllers\Akun))
 4 SYSTEMPATH\CodeIgniter.php(353): CodeIgniter\CodeIgniter->handleRequest(null, Object(Config\Cache), false)
 5 FCPATH\index.php(79): CodeIgniter\CodeIgniter->run()
INFO - 2023-11-25 14:10:22 --> Session: Class initialized using 'CodeIgniter\Session\Handlers\FileHandler' driver.
INFO - 2023-11-25 14:10:35 --> Session: Class initialized using 'CodeIgniter\Session\Handlers\FileHandler' driver.
INFO - 2023-11-25 14:10:37 --> Session: Class initialized using 'CodeIgniter\Session\Handlers\FileHandler' driver.
INFO - 2023-11-25 14:10:47 --> Session: Class initialized using 'CodeIgniter\Session\Handlers\FileHandler' driver.
INFO - 2023-11-25 14:12:43 --> Session: Class initialized using 'CodeIgniter\Session\Handlers\FileHandler' driver.
INFO - 2023-11-25 14:12:45 --> Session: Class initialized using 'CodeIgniter\Session\Handlers\FileHandler' driver.
INFO - 2023-11-25 14:12:47 --> Session: Class initialized using 'CodeIgniter\Session\Handlers\FileHandler' driver.
CRITICAL - 2023-11-25 14:12:57 --> Call to undefined method CodeIgniter\Database\MySQLi\Connection::where()
in APPPATH\Models\M_Akun.php on line 31.
 1 APPPATH\Controllers\Akun.php(36): App\Models\M_Akun->updateUserData('1', [...])
 2 SYSTEMPATH\CodeIgniter.php(919): App\Controllers\Akun->update('1')
 3 SYSTEMPATH\CodeIgniter.php(494): CodeIgniter\CodeIgniter->runController(Object(App\Controllers\Akun))
 4 SYSTEMPATH\CodeIgniter.php(353): CodeIgniter\CodeIgniter->handleRequest(null, Object(Config\Cache), false)
 5 FCPATH\index.php(79): CodeIgniter\CodeIgniter->run()
INFO - 2023-11-25 14:16:14 --> Session: Class initialized using 'CodeIgniter\Session\Handlers\FileHandler' driver.
INFO - 2023-11-25 14:16:34 --> Session: Class initialized using 'CodeIgniter\Session\Handlers\FileHandler' driver.
INFO - 2023-11-25 14:16:35 --> Session: Class initialized using 'CodeIgniter\Session\Handlers\FileHandler' driver.
INFO - 2023-11-25 14:16:36 --> Session: Class initialized using 'CodeIgniter\Session\Handlers\FileHandler' driver.
INFO - 2023-11-25 14:16:38 --> Session: Class initialized using 'CodeIgniter\Session\Handlers\FileHandler' driver.
INFO - 2023-11-25 14:16:41 --> Session: Class initialized using 'CodeIgniter\Session\Handlers\FileHandler' driver.
INFO - 2023-11-25 14:16:42 --> Session: Class initialized using 'CodeIgniter\Session\Handlers\FileHandler' driver.
INFO - 2023-11-25 14:17:41 --> Session: Class initialized using 'CodeIgniter\Session\Handlers\FileHandler' driver.
INFO - 2023-11-25 14:18:10 --> Session: Class initialized using 'CodeIgniter\Session\Handlers\FileHandler' driver.
INFO - 2023-11-25 14:18:53 --> Session: Class initialized using 'CodeIgniter\Session\Handlers\FileHandler' driver.
INFO - 2023-11-25 14:18:58 --> Session: Class initialized using 'CodeIgniter\Session\Handlers\FileHandler' driver.
INFO - 2023-11-25 14:19:09 --> Session: Class initialized using 'CodeIgniter\Session\Handlers\FileHandler' driver.
INFO - 2023-11-25 14:20:12 --> Session: Class initialized using 'CodeIgniter\Session\Handlers\FileHandler' driver.
INFO - 2023-11-25 14:20:16 --> Session: Class initialized using 'CodeIgniter\Session\Handlers\FileHandler' driver.
INFO - 2023-11-25 14:20:37 --> Session: Class initialized using 'CodeIgniter\Session\Handlers\FileHandler' driver.
INFO - 2023-11-25 14:20:37 --> Session: Class initialized using 'CodeIgniter\Session\Handlers\FileHandler' driver.
INFO - 2023-11-25 14:21:47 --> Session: Class initialized using 'CodeIgniter\Session\Handlers\FileHandler' driver.
INFO - 2023-11-25 14:21:53 --> Session: Class initialized using 'CodeIgniter\Session\Handlers\FileHandler' driver.
INFO - 2023-11-25 14:21:54 --> Session: Class initialized using 'CodeIgniter\Session\Handlers\FileHandler' driver.
INFO - 2023-11-25 14:22:06 --> Session: Class initialized using 'CodeIgniter\Session\Handlers\FileHandler' driver.
INFO - 2023-11-25 14:22:21 --> Session: Class initialized using 'CodeIgniter\Session\Handlers\FileHandler' driver.
INFO - 2023-11-25 14:22:21 --> Session: Class initialized using 'CodeIgniter\Session\Handlers\FileHandler' driver.
INFO - 2023-11-25 14:22:32 --> Session: Class initialized using 'CodeIgniter\Session\Handlers\FileHandler' driver.
INFO - 2023-11-25 14:22:37 --> Session: Class initialized using 'CodeIgniter\Session\Handlers\FileHandler' driver.
INFO - 2023-11-25 14:22:38 --> Session: Class initialized using 'CodeIgniter\Session\Handlers\FileHandler' driver.
CRITICAL - 2023-11-25 14:28:48 --> Invalid file: "login_view.php"
in SYSTEMPATH\Exceptions\FrameworkException.php on line 39.
 1 SYSTEMPATH\View\View.php(214): CodeIgniter\Exceptions\FrameworkException::forInvalidFile('login_view.php')
 2 SYSTEMPATH\Common.php(1188): CodeIgniter\View\View->render('login_view', [], true)
 3 APPPATH\Controllers\Login.php(13): view('login_view')
 4 SYSTEMPATH\CodeIgniter.php(919): App\Controllers\Login->index()
 5 SYSTEMPATH\CodeIgniter.php(494): CodeIgniter\CodeIgniter->runController(Object(App\Controllers\Login))
 6 SYSTEMPATH\CodeIgniter.php(353): CodeIgniter\CodeIgniter->handleRequest(null, Object(Config\Cache), false)
 7 FCPATH\index.php(79): CodeIgniter\CodeIgniter->run()
CRITICAL - 2023-11-25 14:29:11 --> Cannot redeclare App\Controllers\Login::index()
in APPPATH\Controllers\Login.php on line 16.
 1 [internal function]: CodeIgniter\Debug\Exceptions->shutdownHandler()
INFO - 2023-11-25 14:29:35 --> Session: Class initialized using 'CodeIgniter\Session\Handlers\FileHandler' driver.
INFO - 2023-11-25 14:29:38 --> Session: Class initialized using 'CodeIgniter\Session\Handlers\FileHandler' driver.
INFO - 2023-11-25 14:29:39 --> Session: Class initialized using 'CodeIgniter\Session\Handlers\FileHandler' driver.
INFO - 2023-11-25 14:29:46 --> Session: Class initialized using 'CodeIgniter\Session\Handlers\FileHandler' driver.
INFO - 2023-11-25 14:29:55 --> Session: Class initialized using 'CodeIgniter\Session\Handlers\FileHandler' driver.
